This file contains any messages produced by compilers while
running configure, to aid debugging if configure makes a mistake.

It was created by Osi configure 0.106.5, which was
generated by GNU Autoconf 2.59.  Invocation command line was

  $ ./configure --prefix=/usr/local --disable-zlib --disable-bzlib --prefix=/usr/local --cache-file=/dev/null --srcdir=.

## --------- ##
## Platform. ##
## --------- ##

hostname = alexandre
uname -m = x86_64
uname -r = 4.15.0-29-generic
uname -s = Linux
uname -v = #31~16.04.1-Ubuntu SMP Wed Jul 18 08:54:04 UTC 2018

/usr/bin/uname -p = unknown
/bin/uname -X     = unknown

/bin/arch              = unknown
/usr/bin/arch -k       = unknown
/usr/convex/getsysinfo = unknown
hostinfo               = unknown
/bin/machine           = unknown
/usr/bin/oslevel       = unknown
/bin/universe          = unknown

PATH: /usr/local/sbin
PATH: /usr/local/bin
PATH: /usr/sbin
PATH: /usr/bin
PATH: /sbin
PATH: /bin
PATH: /snap/bin


## ----------- ##
## Core tests. ##
## ----------- ##

configure:1684: checking build system type
configure:1702: result: x86_64-unknown-linux-gnu
configure:1772: checking for svnversion
configure:1799: result: no
configure:1829: checking whether we want to compile in debug mode
configure:1875: result: no
configure:2139: checking for gcc
configure:2155: found /usr/bin/gcc
configure:2165: result: gcc
configure:2186: checking for C compiler version
configure:2189: gcc --version </dev/null >&5
gcc (Ubuntu 5.4.0-6ubuntu1~16.04.11) 5.4.0 20160609
Copyright (C) 2015 Free Software Foundation, Inc.
This is free software; see the source for copying conditions.  There is NO
warranty; not even for MERCHANTABILITY or FITNESS FOR A PARTICULAR PURPOSE.

configure:2192: $? = 0
configure:2194: gcc -v </dev/null >&5
Using built-in specs.
COLLECT_GCC=gcc
COLLECT_LTO_WRAPPER=/usr/lib/gcc/x86_64-linux-gnu/5/lto-wrapper
Target: x86_64-linux-gnu
Configured with: ../src/configure -v --with-pkgversion='Ubuntu 5.4.0-6ubuntu1~16.04.11' --with-bugurl=file:///usr/share/doc/gcc-5/README.Bugs --enable-languages=c,ada,c++,java,go,d,fortran,objc,obj-c++ --prefix=/usr --program-suffix=-5 --enable-shared --enable-linker-build-id --libexecdir=/usr/lib --without-included-gettext --enable-threads=posix --libdir=/usr/lib --enable-nls --with-sysroot=/ --enable-clocale=gnu --enable-libstdcxx-debug --enable-libstdcxx-time=yes --with-default-libstdcxx-abi=new --enable-gnu-unique-object --disable-vtable-verify --enable-libmpx --enable-plugin --with-system-zlib --disable-browser-plugin --enable-java-awt=gtk --enable-gtk-cairo --with-java-home=/usr/lib/jvm/java-1.5.0-gcj-5-amd64/jre --enable-java-home --with-jvm-root-dir=/usr/lib/jvm/java-1.5.0-gcj-5-amd64 --with-jvm-jar-dir=/usr/lib/jvm-exports/java-1.5.0-gcj-5-amd64 --with-arch-directory=amd64 --with-ecj-jar=/usr/share/java/eclipse-ecj.jar --enable-objc-gc --enable-multiarch --disable-werror --with-arch-32=i686 --with-abi=m64 --with-multilib-list=m32,m64,mx32 --enable-multilib --with-tune=generic --enable-checking=release --build=x86_64-linux-gnu --host=x86_64-linux-gnu --target=x86_64-linux-gnu
Thread model: posix
gcc version 5.4.0 20160609 (Ubuntu 5.4.0-6ubuntu1~16.04.11) 
configure:2197: $? = 0
configure:2199: gcc -V </dev/null >&5
gcc: error: unrecognized command line option '-V'
gcc: fatal error: no input files
compilation terminated.
configure:2202: $? = 1
configure:2225: checking for C compiler default output file name
configure:2228: gcc    conftest.c  >&5
configure:2231: $? = 0
configure:2277: result: a.out
configure:2282: checking whether the C compiler works
configure:2288: ./a.out
configure:2291: $? = 0
configure:2308: result: yes
configure:2315: checking whether we are cross compiling
configure:2317: result: no
configure:2320: checking for suffix of executables
configure:2322: gcc -o conftest    conftest.c  >&5
configure:2325: $? = 0
configure:2350: result: 
configure:2356: checking for suffix of object files
configure:2377: gcc -c   conftest.c >&5
configure:2380: $? = 0
configure:2402: result: o
configure:2406: checking whether we are using the GNU C compiler
configure:2430: gcc -c   conftest.c >&5
configure:2436: $? = 0
configure:2440: test -z 
			 || test ! -s conftest.err
configure:2443: $? = 0
configure:2446: test -s conftest.o
configure:2449: $? = 0
configure:2462: result: yes
configure:2468: checking whether gcc accepts -g
configure:2489: gcc -c -g  conftest.c >&5
configure:2495: $? = 0
configure:2499: test -z 
			 || test ! -s conftest.err
configure:2502: $? = 0
configure:2505: test -s conftest.o
configure:2508: $? = 0
configure:2519: result: yes
configure:2536: checking for gcc option to accept ANSI C
configure:2606: gcc  -c -g -O2  conftest.c >&5
configure:2612: $? = 0
configure:2616: test -z 
			 || test ! -s conftest.err
configure:2619: $? = 0
configure:2622: test -s conftest.o
configure:2625: $? = 0
configure:2643: result: none needed
configure:2661: gcc -c -g -O2  conftest.c >&5
conftest.c:2:3: error: unknown type name 'choke'
   choke me
   ^
conftest.c:2:3: error: expected '=', ',', ';', 'asm' or '__attribute__' at end of input
configure:2667: $? = 1
configure: failed program was:
| #ifndef __cplusplus
|   choke me
| #endif
configure:3095: gcc -o conftest -O3 -pipe -DNDEBUG -pedantic-errors -Wimplicit -Wparentheses -Wsequence-point -Wreturn-type -Wcast-qual -Wall -Wno-unknown-pragmas -Wno-long-long   -DOSI_BUILD   conftest.c  >&5
configure:3101: $? = 0
configure:3105: test -z 
			 || test ! -s conftest.err
configure:3108: $? = 0
configure:3111: test -s conftest
configure:3114: $? = 0
configure:3181: C compiler options are: -O3 -pipe -DNDEBUG -pedantic-errors -Wimplicit -Wparentheses -Wsequence-point -Wreturn-type -Wcast-qual -Wall -Wno-unknown-pragmas -Wno-long-long   -DOSI_BUILD
configure:3309: checking for g++
configure:3325: found /usr/bin/g++
configure:3335: result: g++
configure:3351: checking for C++ compiler version
configure:3354: g++ --version </dev/null >&5
g++ (Ubuntu 5.4.0-6ubuntu1~16.04.11) 5.4.0 20160609
Copyright (C) 2015 Free Software Foundation, Inc.
This is free software; see the source for copying conditions.  There is NO
warranty; not even for MERCHANTABILITY or FITNESS FOR A PARTICULAR PURPOSE.

configure:3357: $? = 0
configure:3359: g++ -v </dev/null >&5
Using built-in specs.
COLLECT_GCC=g++
COLLECT_LTO_WRAPPER=/usr/lib/gcc/x86_64-linux-gnu/5/lto-wrapper
Target: x86_64-linux-gnu
Configured with: ../src/configure -v --with-pkgversion='Ubuntu 5.4.0-6ubuntu1~16.04.11' --with-bugurl=file:///usr/share/doc/gcc-5/README.Bugs --enable-languages=c,ada,c++,java,go,d,fortran,objc,obj-c++ --prefix=/usr --program-suffix=-5 --enable-shared --enable-linker-build-id --libexecdir=/usr/lib --without-included-gettext --enable-threads=posix --libdir=/usr/lib --enable-nls --with-sysroot=/ --enable-clocale=gnu --enable-libstdcxx-debug --enable-libstdcxx-time=yes --with-default-libstdcxx-abi=new --enable-gnu-unique-object --disable-vtable-verify --enable-libmpx --enable-plugin --with-system-zlib --disable-browser-plugin --enable-java-awt=gtk --enable-gtk-cairo --with-java-home=/usr/lib/jvm/java-1.5.0-gcj-5-amd64/jre --enable-java-home --with-jvm-root-dir=/usr/lib/jvm/java-1.5.0-gcj-5-amd64 --with-jvm-jar-dir=/usr/lib/jvm-exports/java-1.5.0-gcj-5-amd64 --with-arch-directory=amd64 --with-ecj-jar=/usr/share/java/eclipse-ecj.jar --enable-objc-gc --enable-multiarch --disable-werror --with-arch-32=i686 --with-abi=m64 --with-multilib-list=m32,m64,mx32 --enable-multilib --with-tune=generic --enable-checking=release --build=x86_64-linux-gnu --host=x86_64-linux-gnu --target=x86_64-linux-gnu
Thread model: posix
gcc version 5.4.0 20160609 (Ubuntu 5.4.0-6ubuntu1~16.04.11) 
configure:3362: $? = 0
configure:3364: g++ -V </dev/null >&5
g++: error: unrecognized command line option '-V'
g++: fatal error: no input files
compilation terminated.
configure:3367: $? = 1
configure:3370: checking whether we are using the GNU C++ compiler
configure:3394: g++ -c   conftest.cc >&5
configure:3400: $? = 0
configure:3404: test -z 
			 || test ! -s conftest.err
configure:3407: $? = 0
configure:3410: test -s conftest.o
configure:3413: $? = 0
configure:3426: result: yes
configure:3432: checking whether g++ accepts -g
configure:3453: g++ -c -g  conftest.cc >&5
configure:3459: $? = 0
configure:3463: test -z 
			 || test ! -s conftest.err
configure:3466: $? = 0
configure:3469: test -s conftest.o
configure:3472: $? = 0
configure:3483: result: yes
configure:3525: g++ -c -g -O2  conftest.cc >&5
configure:3531: $? = 0
configure:3535: test -z 
			 || test ! -s conftest.err
configure:3538: $? = 0
configure:3541: test -s conftest.o
configure:3544: $? = 0
configure:3570: g++ -c -g -O2  conftest.cc >&5
conftest.cc: In function 'int main()':
conftest.cc:19:9: error: 'exit' was not declared in this scope
 exit (42);
         ^
configure:3576: $? = 1
configure: failed program was:
| /* confdefs.h.  */
| 
| #define PACKAGE_NAME "Osi"
| #define PACKAGE_TARNAME "osi"
| #define PACKAGE_VERSION "0.106.5"
| #define PACKAGE_STRING "Osi 0.106.5"
| #define PACKAGE_BUGREPORT "osi@list.coin-or.org"
| #define OSI_VERSION "0.106.5"
| #define OSI_VERSION_MAJOR 0
| #define OSI_VERSION_MINOR 106
| #define OSI_VERSION_RELEASE 5
| #define COIN_OSI_VERBOSITY 0
| #define COIN_OSI_CHECKLEVEL 0
| /* end confdefs.h.  */
| 
| int
| main ()
| {
| exit (42);
|   ;
|   return 0;
| }
configure:3525: g++ -c -g -O2  conftest.cc >&5
conftest.cc:15:40: error: 'void std::exit(int)' should have been declared inside 'std'
 extern "C" void std::exit (int) throw (); using std::exit;
                                        ^
configure:3531: $? = 1
configure: failed program was:
| /* confdefs.h.  */
| 
| #define PACKAGE_NAME "Osi"
| #define PACKAGE_TARNAME "osi"
| #define PACKAGE_VERSION "0.106.5"
| #define PACKAGE_STRING "Osi 0.106.5"
| #define PACKAGE_BUGREPORT "osi@list.coin-or.org"
| #define OSI_VERSION "0.106.5"
| #define OSI_VERSION_MAJOR 0
| #define OSI_VERSION_MINOR 106
| #define OSI_VERSION_RELEASE 5
| #define COIN_OSI_VERBOSITY 0
| #define COIN_OSI_CHECKLEVEL 0
| /* end confdefs.h.  */
| extern "C" void std::exit (int) throw (); using std::exit;
| #include <stdlib.h>
| int
| main ()
| {
| exit (42);
|   ;
|   return 0;
| }
configure:3525: g++ -c -g -O2  conftest.cc >&5
conftest.cc:15:31: error: 'void std::exit(int)' should have been declared inside 'std'
 extern "C" void std::exit (int); using std::exit;
                               ^
In file included from conftest.cc:16:0:
/usr/include/stdlib.h:543:70: error: declaration of 'void std::exit(int) throw ()' has a different exception specifier
 extern void exit (int __status) __THROW __attribute__ ((__noreturn__));
                                                                      ^
conftest.cc:15:17: error: from previous declaration 'void std::exit(int)'
 extern "C" void std::exit (int); using std::exit;
                 ^
configure:3531: $? = 1
configure: failed program was:
| /* confdefs.h.  */
| 
| #define PACKAGE_NAME "Osi"
| #define PACKAGE_TARNAME "osi"
| #define PACKAGE_VERSION "0.106.5"
| #define PACKAGE_STRING "Osi 0.106.5"
| #define PACKAGE_BUGREPORT "osi@list.coin-or.org"
| #define OSI_VERSION "0.106.5"
| #define OSI_VERSION_MAJOR 0
| #define OSI_VERSION_MINOR 106
| #define OSI_VERSION_RELEASE 5
| #define COIN_OSI_VERBOSITY 0
| #define COIN_OSI_CHECKLEVEL 0
| /* end confdefs.h.  */
| extern "C" void std::exit (int); using std::exit;
| #include <stdlib.h>
| int
| main ()
| {
| exit (42);
|   ;
|   return 0;
| }
configure:3525: g++ -c -g -O2  conftest.cc >&5
configure:3531: $? = 0
configure:3535: test -z 
			 || test ! -s conftest.err
configure:3538: $? = 0
configure:3541: test -s conftest.o
configure:3544: $? = 0
configure:3570: g++ -c -g -O2  conftest.cc >&5
configure:3576: $? = 0
configure:3580: test -z 
			 || test ! -s conftest.err
configure:3583: $? = 0
configure:3586: test -s conftest.o
configure:3589: $? = 0
configure:3621: checking whether C++ compiler g++ works
configure:3639: g++ -c -g -O2  conftest.cc >&5
configure:3645: $? = 0
configure:3649: test -z 
			 || test ! -s conftest.err
configure:3652: $? = 0
configure:3655: test -s conftest.o
configure:3658: $? = 0
configure:3660: result: yes
configure:3988: g++ -o conftest -O3 -pipe -DNDEBUG -pedantic-errors -Wparentheses -Wreturn-type -Wcast-qual -Wall -Wpointer-arith -Wwrite-strings -Wconversion -Wno-unknown-pragmas -Wno-long-long   -DOSI_BUILD   conftest.cc  >&5
configure:3994: $? = 0
configure:3998: test -z 
			 || test ! -s conftest.err
configure:4001: $? = 0
configure:4004: test -s conftest
configure:4007: $? = 0
configure:4074: C++ compiler options are: -O3 -pipe -DNDEBUG -pedantic-errors -Wparentheses -Wreturn-type -Wcast-qual -Wall -Wpointer-arith -Wwrite-strings -Wconversion -Wno-unknown-pragmas -Wno-long-long   -DOSI_BUILD
configure:4207: checking for egrep
configure:4217: result: grep -E
configure:4222: checking whether ln -s works
configure:4226: result: yes
configure:4247: checking for a BSD-compatible install
configure:4302: result: /usr/bin/install -c
configure:4313: checking whether build environment is sane
configure:4356: result: yes
configure:4421: checking for gawk
configure:4450: result: no
configure:4421: checking for mawk
configure:4437: found /usr/bin/mawk
configure:4447: result: mawk
configure:4457: checking whether make sets $(MAKE)
configure:4477: result: yes
configure:4507: checking for style of include used by make
configure:4535: result: GNU
configure:4716: checking dependency style of gcc
configure:4806: result: gcc3
configure:4825: checking dependency style of g++
configure:4915: result: gcc3
configure:4933: checking whether to enable maintainer-specific portions of Makefiles
configure:4942: result: no
configure:20441: Using libtool script in directory ..
configure:20516: checking if library version is set
configure:20520: result: 12:5:11
configure:20593: checking for pkg-config
configure:20609: found /usr/bin/pkg-config
configure:20619: result: pkg-config
configure:20634: checking pkg-config is at least version 0.16.0
configure:20637: result: yes
configure:20733: checking for COIN-OR package CoinUtils
configure:20876: result: yes: 2.9.11 
configure:21249: checking for COIN-OR package Glpk
configure:21414: result: not given: No package 'coinglpk' found
configure:21760: checking for COIN-OR package SoPlex
configure:21925: result: not given: No package 'coinsoplex' found
configure:22271: checking for COIN-OR package Sample
configure:22403: result: yes: 1.2.9 
configure:22752: checking for COIN-OR package Netlib
configure:22902: result: not given: No package 'coindatanetlib' found
configure:23243: checking if user provides library for Cplex
configure:23288: result: no
configure:23426: checking if user provides library for Mosek
configure:23471: result: no
configure:23609: checking if user provides library for Xpress
configure:23654: result: no
configure:23792: checking if user provides library for Gurobi
configure:23837: result: no
configure:24012: WARNING: No solver available, examples will not work.
configure:24049: configuring doxygen documentation options
configure:24056: checking for doxygen
configure:24083: result: no
configure:24111: checking for dot
configure:24138: result: NO
configure:24169: checking for doxygen doc'n for CoinUtils 
configure:24205: result: /usr/local/share/coin/doc/CoinUtils/doxydoc (tag)
configure:24245: checking cmath usability
configure:24257: g++ -c -O3 -pipe -DNDEBUG -pedantic-errors -Wparentheses -Wreturn-type -Wcast-qual -Wall -Wpointer-arith -Wwrite-strings -Wconversion -Wno-unknown-pragmas -Wno-long-long   -DOSI_BUILD  conftest.cc >&5
configure:24263: $? = 0
configure:24267: test -z 
			 || test ! -s conftest.err
configure:24270: $? = 0
configure:24273: test -s conftest.o
configure:24276: $? = 0
configure:24286: result: yes
configure:24290: checking cmath presence
configure:24300: g++ -E  conftest.cc
configure:24306: $? = 0
configure:24326: result: yes
configure:24361: checking for cmath
configure:24368: result: yes
configure:24574: checking cfloat usability
configure:24586: g++ -c -O3 -pipe -DNDEBUG -pedantic-errors -Wparentheses -Wreturn-type -Wcast-qual -Wall -Wpointer-arith -Wwrite-strings -Wconversion -Wno-unknown-pragmas -Wno-long-long   -DOSI_BUILD  conftest.cc >&5
configure:24592: $? = 0
configure:24596: test -z 
			 || test ! -s conftest.err
configure:24599: $? = 0
configure:24602: test -s conftest.o
configure:24605: $? = 0
configure:24615: result: yes
configure:24619: checking cfloat presence
configure:24629: g++ -E  conftest.cc
configure:24635: $? = 0
configure:24655: result: yes
configure:24690: checking for cfloat
configure:24697: result: yes
configure:24903: checking cieeefp usability
configure:24915: g++ -c -O3 -pipe -DNDEBUG -pedantic-errors -Wparentheses -Wreturn-type -Wcast-qual -Wall -Wpointer-arith -Wwrite-strings -Wconversion -Wno-unknown-pragmas -Wno-long-long   -DOSI_BUILD  conftest.cc >&5
conftest.cc:69:19: fatal error: cieeefp: No such file or directory
compilation terminated.
configure:24921: $? = 1
configure: failed program was:
| /* confdefs.h.  */
| 
| #define PACKAGE_NAME "Osi"
| #define PACKAGE_TARNAME "osi"
| #define PACKAGE_VERSION "0.106.5"
| #define PACKAGE_STRING "Osi 0.106.5"
| #define PACKAGE_BUGREPORT "osi@list.coin-or.org"
| #define OSI_VERSION "0.106.5"
| #define OSI_VERSION_MAJOR 0
| #define OSI_VERSION_MINOR 106
| #define OSI_VERSION_RELEASE 5
| #define COIN_OSI_VERBOSITY 0
| #define COIN_OSI_CHECKLEVEL 0
| #ifdef __cplusplus
| extern "C" void exit (int) throw ();
| #endif
| #define PACKAGE "osi"
| #define VERSION "0.106.5"
| #define HAVE_SYS_TYPES_H 1
| #define HAVE_SYS_STAT_H 1
| #define HAVE_STDLIB_H 1
| #define HAVE_STRING_H 1
| #define HAVE_MEMORY_H 1
| #define HAVE_STRINGS_H 1
| #define HAVE_INTTYPES_H 1
| #define HAVE_STDINT_H 1
| #define HAVE_UNISTD_H 1
| #define HAVE_DLFCN_H 1
| #define COIN_HAS_COINUTILS 1
| #define COIN_HAS_SAMPLE 1
| #define GLPK_HAS_INTOPT 1
| #define HAVE_CMATH 1
| #define HAVE_CFLOAT 1
| /* end confdefs.h.  */
| #include <stdio.h>
| #if HAVE_SYS_TYPES_H
| # include <sys/types.h>
| #endif
| #if HAVE_SYS_STAT_H
| # include <sys/stat.h>
| #endif
| #if STDC_HEADERS
| # include <stdlib.h>
| # include <stddef.h>
| #else
| # if HAVE_STDLIB_H
| #  include <stdlib.h>
| # endif
| #endif
| #if HAVE_STRING_H
| # if !STDC_HEADERS && HAVE_MEMORY_H
| #  include <memory.h>
| # endif
| # include <string.h>
| #endif
| #if HAVE_STRINGS_H
| # include <strings.h>
| #endif
| #if HAVE_INTTYPES_H
| # include <inttypes.h>
| #else
| # if HAVE_STDINT_H
| #  include <stdint.h>
| # endif
| #endif
| #if HAVE_UNISTD_H
| # include <unistd.h>
| #endif
| #include <cieeefp>
configure:24944: result: no
configure:24948: checking cieeefp presence
configure:24958: g++ -E  conftest.cc
conftest.cc:35:19: fatal error: cieeefp: No such file or directory
compilation terminated.
configure:24964: $? = 1
configure: failed program was:
| /* confdefs.h.  */
| 
| #define PACKAGE_NAME "Osi"
| #define PACKAGE_TARNAME "osi"
| #define PACKAGE_VERSION "0.106.5"
| #define PACKAGE_STRING "Osi 0.106.5"
| #define PACKAGE_BUGREPORT "osi@list.coin-or.org"
| #define OSI_VERSION "0.106.5"
| #define OSI_VERSION_MAJOR 0
| #define OSI_VERSION_MINOR 106
| #define OSI_VERSION_RELEASE 5
| #define COIN_OSI_VERBOSITY 0
| #define COIN_OSI_CHECKLEVEL 0
| #ifdef __cplusplus
| extern "C" void exit (int) throw ();
| #endif
| #define PACKAGE "osi"
| #define VERSION "0.106.5"
| #define HAVE_SYS_TYPES_H 1
| #define HAVE_SYS_STAT_H 1
| #define HAVE_STDLIB_H 1
| #define HAVE_STRING_H 1
| #define HAVE_MEMORY_H 1
| #define HAVE_STRINGS_H 1
| #define HAVE_INTTYPES_H 1
| #define HAVE_STDINT_H 1
| #define HAVE_UNISTD_H 1
| #define HAVE_DLFCN_H 1
| #define COIN_HAS_COINUTILS 1
| #define COIN_HAS_SAMPLE 1
| #define GLPK_HAS_INTOPT 1
| #define HAVE_CMATH 1
| #define HAVE_CFLOAT 1
| /* end confdefs.h.  */
| #include <cieeefp>
configure:24984: result: no
configure:25019: checking for cieeefp
configure:25026: result: no
configure:25061: checking ieeefp.h usability
configure:25073: g++ -c -O3 -pipe -DNDEBUG -pedantic-errors -Wparentheses -Wreturn-type -Wcast-qual -Wall -Wpointer-arith -Wwrite-strings -Wconversion -Wno-unknown-pragmas -Wno-long-long   -DOSI_BUILD  conftest.cc >&5
conftest.cc:69:20: fatal error: ieeefp.h: No such file or directory
compilation terminated.
configure:25079: $? = 1
configure: failed program was:
| /* confdefs.h.  */
| 
| #define PACKAGE_NAME "Osi"
| #define PACKAGE_TARNAME "osi"
| #define PACKAGE_VERSION "0.106.5"
| #define PACKAGE_STRING "Osi 0.106.5"
| #define PACKAGE_BUGREPORT "osi@list.coin-or.org"
| #define OSI_VERSION "0.106.5"
| #define OSI_VERSION_MAJOR 0
| #define OSI_VERSION_MINOR 106
| #define OSI_VERSION_RELEASE 5
| #define COIN_OSI_VERBOSITY 0
| #define COIN_OSI_CHECKLEVEL 0
| #ifdef __cplusplus
| extern "C" void exit (int) throw ();
| #endif
| #define PACKAGE "osi"
| #define VERSION "0.106.5"
| #define HAVE_SYS_TYPES_H 1
| #define HAVE_SYS_STAT_H 1
| #define HAVE_STDLIB_H 1
| #define HAVE_STRING_H 1
| #define HAVE_MEMORY_H 1
| #define HAVE_STRINGS_H 1
| #define HAVE_INTTYPES_H 1
| #define HAVE_STDINT_H 1
| #define HAVE_UNISTD_H 1
| #define HAVE_DLFCN_H 1
| #define COIN_HAS_COINUTILS 1
| #define COIN_HAS_SAMPLE 1
| #define GLPK_HAS_INTOPT 1
| #define HAVE_CMATH 1
| #define HAVE_CFLOAT 1
| /* end confdefs.h.  */
| #include <stdio.h>
| #if HAVE_SYS_TYPES_H
| # include <sys/types.h>
| #endif
| #if HAVE_SYS_STAT_H
| # include <sys/stat.h>
| #endif
| #if STDC_HEADERS
| # include <stdlib.h>
| # include <stddef.h>
| #else
| # if HAVE_STDLIB_H
| #  include <stdlib.h>
| # endif
| #endif
| #if HAVE_STRING_H
| # if !STDC_HEADERS && HAVE_MEMORY_H
| #  include <memory.h>
| # endif
| # include <string.h>
| #endif
| #if HAVE_STRINGS_H
| # include <strings.h>
| #endif
| #if HAVE_INTTYPES_H
| # include <inttypes.h>
| #else
| # if HAVE_STDINT_H
| #  include <stdint.h>
| # endif
| #endif
| #if HAVE_UNISTD_H
| # include <unistd.h>
| #endif
| #include <ieeefp.h>
configure:25102: result: no
configure:25106: checking ieeefp.h presence
configure:25116: g++ -E  conftest.cc
conftest.cc:35:20: fatal error: ieeefp.h: No such file or directory
compilation terminated.
configure:25122: $? = 1
configure: failed program was:
| /* confdefs.h.  */
| 
| #define PACKAGE_NAME "Osi"
| #define PACKAGE_TARNAME "osi"
| #define PACKAGE_VERSION "0.106.5"
| #define PACKAGE_STRING "Osi 0.106.5"
| #define PACKAGE_BUGREPORT "osi@list.coin-or.org"
| #define OSI_VERSION "0.106.5"
| #define OSI_VERSION_MAJOR 0
| #define OSI_VERSION_MINOR 106
| #define OSI_VERSION_RELEASE 5
| #define COIN_OSI_VERBOSITY 0
| #define COIN_OSI_CHECKLEVEL 0
| #ifdef __cplusplus
| extern "C" void exit (int) throw ();
| #endif
| #define PACKAGE "osi"
| #define VERSION "0.106.5"
| #define HAVE_SYS_TYPES_H 1
| #define HAVE_SYS_STAT_H 1
| #define HAVE_STDLIB_H 1
| #define HAVE_STRING_H 1
| #define HAVE_MEMORY_H 1
| #define HAVE_STRINGS_H 1
| #define HAVE_INTTYPES_H 1
| #define HAVE_STDINT_H 1
| #define HAVE_UNISTD_H 1
| #define HAVE_DLFCN_H 1
| #define COIN_HAS_COINUTILS 1
| #define COIN_HAS_SAMPLE 1
| #define GLPK_HAS_INTOPT 1
| #define HAVE_CMATH 1
| #define HAVE_CFLOAT 1
| /* end confdefs.h.  */
| #include <ieeefp.h>
configure:25142: result: no
configure:25177: checking for ieeefp.h
configure:25184: result: no
configure:25258: checking which command should be used to link input files
configure:25266: result: ln -s
configure:25579: creating ./config.status

## ---------------------- ##
## Running config.status. ##
## ---------------------- ##

This file was extended by Osi config.status 0.106.5, which was
generated by GNU Autoconf 2.59.  Invocation command line was

  CONFIG_FILES    = 
  CONFIG_HEADERS  = 
  CONFIG_LINKS    = 
  CONFIG_COMMANDS = 
  $ ./config.status 

on alexandre

config.status:883: creating Makefile
config.status:883: creating examples/Makefile
config.status:883: creating src/Osi/Makefile
config.status:883: creating src/OsiCpx/Makefile
config.status:883: creating src/OsiGlpk/Makefile
config.status:883: creating src/OsiMsk/Makefile
config.status:883: creating src/OsiXpr/Makefile
config.status:883: creating src/OsiGrb/Makefile
config.status:883: creating src/OsiSpx/Makefile
config.status:883: creating src/OsiCommonTest/Makefile
config.status:883: creating test/Makefile
config.status:883: creating osi.pc
config.status:883: creating osi-uninstalled.pc
config.status:883: creating osi-unittests.pc
config.status:883: creating osi-unittests-uninstalled.pc
config.status:883: creating doxydoc/doxygen.conf
config.status:987: creating src/Osi/config.h
config.status:987: creating src/Osi/config_osi.h
config.status:1295: executing depfiles commands
configure:27113: In case of trouble, first consult the troubleshooting page at https://projects.coin-or.org/BuildTools/wiki/user-troubleshooting
configure:27116: Configuration of Osi successful

## ---------------- ##
## Cache variables. ##
## ---------------- ##

ac_cv_build=x86_64-unknown-linux-gnu
ac_cv_build_alias=x86_64-unknown-linux-gnu
ac_cv_c_compiler_gnu=yes
ac_cv_cxx_compiler_gnu=yes
ac_cv_env_ADD_CFLAGS_set=
ac_cv_env_ADD_CFLAGS_value=
ac_cv_env_ADD_CXXFLAGS_set=
ac_cv_env_ADD_CXXFLAGS_value=
ac_cv_env_CC_set=
ac_cv_env_CC_value=
ac_cv_env_CDEFS_set=
ac_cv_env_CDEFS_value=
ac_cv_env_CFLAGS_set=
ac_cv_env_CFLAGS_value=
ac_cv_env_CPPFLAGS_set=
ac_cv_env_CPPFLAGS_value=
ac_cv_env_CPP_set=
ac_cv_env_CPP_value=
ac_cv_env_CXXCPP_set=
ac_cv_env_CXXCPP_value=
ac_cv_env_CXXDEFS_set=
ac_cv_env_CXXDEFS_value=
ac_cv_env_CXXFLAGS_set=
ac_cv_env_CXXFLAGS_value=
ac_cv_env_CXX_set=
ac_cv_env_CXX_value=
ac_cv_env_DBG_CFLAGS_set=
ac_cv_env_DBG_CFLAGS_value=
ac_cv_env_DBG_CXXFLAGS_set=
ac_cv_env_DBG_CXXFLAGS_value=
ac_cv_env_F77_set=
ac_cv_env_F77_value=
ac_cv_env_FFLAGS_set=
ac_cv_env_FFLAGS_value=
ac_cv_env_LDFLAGS_set=
ac_cv_env_LDFLAGS_value=
ac_cv_env_MPICC_set=
ac_cv_env_MPICC_value=
ac_cv_env_MPICXX_set=
ac_cv_env_MPICXX_value=
ac_cv_env_OPT_CFLAGS_set=
ac_cv_env_OPT_CFLAGS_value=
ac_cv_env_OPT_CXXFLAGS_set=
ac_cv_env_OPT_CXXFLAGS_value=
ac_cv_env_PKG_CONFIG_set=
ac_cv_env_PKG_CONFIG_value=
ac_cv_env_build_alias_set=
ac_cv_env_build_alias_value=
ac_cv_env_host_alias_set=
ac_cv_env_host_alias_value=
ac_cv_env_target_alias_set=
ac_cv_env_target_alias_value=
ac_cv_exeext=
ac_cv_header_cfloat=yes
ac_cv_header_cieeefp=no
ac_cv_header_cmath=yes
ac_cv_header_ieeefp_h=no
ac_cv_objext=o
ac_cv_path_install='/usr/bin/install -c'
ac_cv_prog_AWK=mawk
ac_cv_prog_ac_ct_CC=gcc
ac_cv_prog_ac_ct_CXX=g++
ac_cv_prog_ac_ct_PKG_CONFIG=pkg-config
ac_cv_prog_cc_g=yes
ac_cv_prog_cc_stdc=
ac_cv_prog_coin_doxy_usedot=NO
ac_cv_prog_coin_have_doxygen=no
ac_cv_prog_cxx_g=yes
ac_cv_prog_egrep='grep -E'
ac_cv_prog_have_svnversion=no
ac_cv_prog_make_make_set=yes
am_cv_CC_dependencies_compiler_type=gcc3
am_cv_CXX_dependencies_compiler_type=gcc3

## ----------------- ##
## Output variables. ##
## ----------------- ##

ABSBUILDDIR='/home/alexandre/ws/these/ibex-lib/plugins/optim/Clp-1.15.6/Osi'
ACLOCAL='${SHELL} /home/alexandre/ws/these/ibex-lib/plugins/optim/Clp-1.15.6/Osi/missing --run aclocal-1.9'
ADD_CFLAGS=''
ADD_CXXFLAGS=''
ALWAYS_FALSE_FALSE=''
ALWAYS_FALSE_TRUE='#'
AMDEPBACKSLASH='\'
AMDEP_FALSE='#'
AMDEP_TRUE=''
AMTAR='${SHELL} /home/alexandre/ws/these/ibex-lib/plugins/optim/Clp-1.15.6/Osi/missing --run tar'
AR='ar'
AUTOCONF='${SHELL} /home/alexandre/ws/these/ibex-lib/plugins/optim/Clp-1.15.6/Osi/missing --run autoconf'
AUTOHEADER='${SHELL} /home/alexandre/ws/these/ibex-lib/plugins/optim/Clp-1.15.6/Osi/missing --run autoheader'
AUTOMAKE='${SHELL} /home/alexandre/ws/these/ibex-lib/plugins/optim/Clp-1.15.6/Osi/missing --run automake-1.9'
AUX_DIR=''
AWK='mawk'
BUILDTOOLSDIR=''
CC='gcc'
CCDEPMODE='depmode=gcc3'
CDEFS=''
CFLAGS='-O3 -pipe -DNDEBUG -pedantic-errors -Wimplicit -Wparentheses -Wsequence-point -Wreturn-type -Wcast-qual -Wall -Wno-unknown-pragmas -Wno-long-long   -DOSI_BUILD'
COINUTILS_CFLAGS='-I/home/alexandre/ws/these/ibex-lib/plugins/optim/Clp-1.15.6/CoinUtils/src'
COINUTILS_CFLAGS_INSTALLED=''
COINUTILS_DATA=''
COINUTILS_DATA_INSTALLED=''
COINUTILS_DEPENDENCIES=' /home/alexandre/ws/these/ibex-lib/plugins/optim/Clp-1.15.6/CoinUtils/src/libCoinUtils.la'
COINUTILS_LIBS='/home/alexandre/ws/these/ibex-lib/plugins/optim/Clp-1.15.6/CoinUtils/src/libCoinUtils.la -lm'
COINUTILS_LIBS_INSTALLED=''
COIN_CC_IS_CL_FALSE=''
COIN_CC_IS_CL_TRUE='#'
COIN_CXX_IS_CL_FALSE=''
COIN_CXX_IS_CL_TRUE='#'
COIN_HAS_COINUTILS_FALSE='#'
COIN_HAS_COINUTILS_TRUE=''
COIN_HAS_CPX_FALSE=''
COIN_HAS_CPX_TRUE='#'
COIN_HAS_GLPK_FALSE=''
COIN_HAS_GLPK_TRUE='#'
COIN_HAS_GRB_FALSE=''
COIN_HAS_GRB_TRUE='#'
COIN_HAS_MSK_FALSE=''
COIN_HAS_MSK_TRUE='#'
COIN_HAS_NETLIB_FALSE=''
COIN_HAS_NETLIB_TRUE='#'
COIN_HAS_PKGCONFIG_FALSE='#'
COIN_HAS_PKGCONFIG_TRUE=''
COIN_HAS_SAMPLE_FALSE='#'
COIN_HAS_SAMPLE_TRUE=''
COIN_HAS_SOPLEX_FALSE=''
COIN_HAS_SOPLEX_TRUE='#'
COIN_HAS_XPR_FALSE=''
COIN_HAS_XPR_TRUE='#'
COIN_PKG_CONFIG_PATH='/usr/local/lib64/pkgconfig:/usr/local/lib/pkgconfig:/usr/local/share/pkgconfig:'
COIN_PKG_CONFIG_PATH_UNINSTALLED='/home/alexandre/ws/these/ibex-lib/plugins/optim/Clp-1.15.6/Clp:/home/alexandre/ws/these/ibex-lib/plugins/optim/Clp-1.15.6/Osi:/home/alexandre/ws/these/ibex-lib/plugins/optim/Clp-1.15.6/CoinUtils:/home/alexandre/ws/these/ibex-lib/plugins/optim/Clp-1.15.6/Data/Sample:'
CPP='gcc -E'
CPPFLAGS=''
CPXINCDIR=''
CPXLIB=''
CXX='g++'
CXXCPP='g++ -E'
CXXDEFS=''
CXXDEPMODE='depmode=gcc3'
CXXFLAGS='-O3 -pipe -DNDEBUG -pedantic-errors -Wparentheses -Wreturn-type -Wcast-qual -Wall -Wpointer-arith -Wwrite-strings -Wconversion -Wno-unknown-pragmas -Wno-long-long   -DOSI_BUILD'
CYGPATH_W='echo'
DBG_CFLAGS='-g -O0 -pipe -pedantic-errors -Wimplicit -Wparentheses -Wsequence-point -Wreturn-type -Wcast-qual -Wall -Wno-unknown-pragmas -Wno-long-long  '
DBG_CXXFLAGS='-g -O0 -pipe -pedantic-errors -Wparentheses -Wreturn-type -Wcast-qual -Wall -Wpointer-arith -Wwrite-strings -Wconversion -Wno-unknown-pragmas -Wno-long-long  '
DEFS='-DHAVE_CONFIG_H'
DEPDIR='.deps'
DEPENDENCY_LINKING_FALSE=''
DEPENDENCY_LINKING_TRUE='#'
ECHO='echo'
ECHO_C=''
ECHO_N='-n'
ECHO_T=''
EGREP='grep -E'
EXEEXT=''
F77=''
FFLAGS=''
GLPK_CFLAGS=''
GLPK_CFLAGS_INSTALLED=''
GLPK_DATA=''
GLPK_DATA_INSTALLED=''
GLPK_DEPENDENCIES=''
GLPK_LIBS=''
GLPK_LIBS_INSTALLED=''
GRBINCDIR=''
GRBLIB=''
HAVE_EXTERNALS_FALSE=''
HAVE_EXTERNALS_TRUE='#'
INSTALL_DATA='${INSTALL} -m 644'
INSTALL_PROGRAM='${INSTALL}'
INSTALL_SCRIPT='${INSTALL}'
INSTALL_STRIP_PROGRAM='${SHELL} $(install_sh) -c -s'
LDFLAGS=''
LIBEXT='a'
LIBOBJS=''
LIBS=''
LIBTOOL='$(SHELL) $(top_builddir)/../libtool'
LIBTOOLM4=''
LN_S='ln -s'
LTLIBOBJS=''
LT_LDFLAGS=' -version-info 12:5:11'
MAINT='#'
MAINTAINER_MODE_FALSE=''
MAINTAINER_MODE_TRUE='#'
MAKEINFO='${SHELL} /home/alexandre/ws/these/ibex-lib/plugins/optim/Clp-1.15.6/Osi/missing --run makeinfo'
MPICC=''
MPICXX=''
MSKINCDIR=''
MSKLIB=''
NETLIB_CFLAGS=''
NETLIB_CFLAGS_INSTALLED=''
NETLIB_DATA=''
NETLIB_DATA_INSTALLED=''
NETLIB_DEPENDENCIES=''
NETLIB_LIBS=''
NETLIB_LIBS_INSTALLED=''
OBJEXT='o'
OPT_CFLAGS='-O3 -pipe -DNDEBUG -pedantic-errors -Wimplicit -Wparentheses -Wsequence-point -Wreturn-type -Wcast-qual -Wall -Wno-unknown-pragmas -Wno-long-long  '
OPT_CXXFLAGS='-O3 -pipe -DNDEBUG -pedantic-errors -Wparentheses -Wreturn-type -Wcast-qual -Wall -Wpointer-arith -Wwrite-strings -Wconversion -Wno-unknown-pragmas -Wno-long-long  '
OSIGLPKLIB_CFLAGS=''
OSIGLPKLIB_CFLAGS_INSTALLED=''
OSIGLPKLIB_DEPENDENCIES=''
OSIGLPKLIB_LIBS=''
OSIGLPKLIB_LIBS_INSTALLED=''
OSIGLPKLIB_PCLIBS=''
OSIGLPKLIB_PCREQUIRES=''
OSILIB_CFLAGS='-I/home/alexandre/ws/these/ibex-lib/plugins/optim/Clp-1.15.6/CoinUtils/src '
OSILIB_CFLAGS_INSTALLED=''
OSILIB_DEPENDENCIES=' /home/alexandre/ws/these/ibex-lib/plugins/optim/Clp-1.15.6/CoinUtils/src/libCoinUtils.la  '
OSILIB_LIBS='/home/alexandre/ws/these/ibex-lib/plugins/optim/Clp-1.15.6/CoinUtils/src/libCoinUtils.la -lm '
OSILIB_LIBS_INSTALLED=''
OSILIB_PCLIBS=''
OSILIB_PCREQUIRES='coinutils '
OSISPXLIB_CFLAGS=''
OSISPXLIB_CFLAGS_INSTALLED=''
OSISPXLIB_DEPENDENCIES=''
OSISPXLIB_LIBS=''
OSISPXLIB_LIBS_INSTALLED=''
OSISPXLIB_PCLIBS=''
OSISPXLIB_PCREQUIRES=''
OSI_EXAMPLES_SOLVER_CFLAGS=''
OSI_EXAMPLES_SOLVER_LIBS=''
OSI_EXAMPLES_SOLVER_NAME=''
OSI_EXAMPLES_SOLVER_PCNAME=''
OSI_SVN_REV=''
PACKAGE='osi'
PACKAGE_BUGREPORT='osi@list.coin-or.org'
PACKAGE_NAME='Osi'
PACKAGE_STRING='Osi 0.106.5'
PACKAGE_TARNAME='osi'
PACKAGE_VERSION='0.106.5'
PATH_SEPARATOR=':'
PKG_CONFIG='pkg-config'
RANLIB='ranlib'
RPATH_FLAGS=' -Wl,--rpath -Wl,/usr/local/lib'
SAMPLE_CFLAGS=''
SAMPLE_CFLAGS_INSTALLED=''
SAMPLE_DATA='/home/alexandre/ws/these/ibex-lib/plugins/optim/Clp-1.15.6/Data/Sample'
SAMPLE_DATA_INSTALLED=''
SAMPLE_DEPENDENCIES=' '
SAMPLE_LIBS=''
SAMPLE_LIBS_INSTALLED=''
SET_MAKE=''
SHELL='/bin/bash'
SOPLEX_CFLAGS=''
SOPLEX_CFLAGS_INSTALLED=''
SOPLEX_DATA=''
SOPLEX_DATA_INSTALLED=''
SOPLEX_DEPENDENCIES=''
SOPLEX_LIBS=''
SOPLEX_LIBS_INSTALLED=''
STRIP='strip'
VERSION='0.106.5'
VPATH_DISTCLEANFILES=''
XPRINCDIR=''
XPRLIB=''
abs_bin_dir='/usr/local/bin'
abs_include_dir='/usr/local/include'
abs_lib_dir='/usr/local/lib'
abs_source_dir='/home/alexandre/ws/these/ibex-lib/plugins/optim/Clp-1.15.6/Osi'
ac_c_preproc_warn_flag=''
ac_ct_AR='ar'
ac_ct_CC='gcc'
ac_ct_CXX='g++'
ac_ct_F77=''
ac_ct_PKG_CONFIG='pkg-config'
ac_ct_RANLIB='ranlib'
ac_ct_STRIP='strip'
ac_cxx_preproc_warn_flag=''
am__fastdepCC_FALSE='#'
am__fastdepCC_TRUE=''
am__fastdepCXX_FALSE='#'
am__fastdepCXX_TRUE=''
am__include='include'
am__leading_dot='.'
am__quote=''
am__tar='${AMTAR} chof - "$$tardir"'
am__untar='${AMTAR} xf -'
bindir='${exec_prefix}/bin'
build='x86_64-unknown-linux-gnu'
build_alias=''
build_cpu='x86_64'
build_os='linux-gnu'
build_vendor='unknown'
coin_doxy_excludes=''
coin_doxy_logname='doxydoc/osi_doxy.log'
coin_doxy_tagfiles=' /usr/local/share/coin/doc/CoinUtils/doxydoc/coinutils_doxy.tag=/usr/local/share/coin/doc/CoinUtils/doxydoc/html'
coin_doxy_tagname='doxydoc/osi_doxy.tag'
coin_doxy_usedot='NO'
coin_have_doxygen='no'
datadir='${prefix}/share'
exec_prefix='${prefix}'
have_autoconf=''
have_automake=''
have_svn=''
have_svnversion='no'
host='x86_64-unknown-linux-gnu'
host_alias=''
host_cpu='x86_64'
host_os='linux-gnu'
host_vendor='unknown'
includedir='${prefix}/include'
infodir='${prefix}/info'
install_sh='/home/alexandre/ws/these/ibex-lib/plugins/optim/Clp-1.15.6/Osi/install-sh'
libdir='${exec_prefix}/lib'
libexecdir='${exec_prefix}/libexec'
localstatedir='${prefix}/var'
mandir='${prefix}/man'
mkdir_p='mkdir -p --'
oldincludedir='/usr/include'
prefix='/usr/local'
program_transform_name='s,x,x,'
sbindir='${exec_prefix}/sbin'
sharedstatedir='${prefix}/com'
sol_cc_compiler=''
sysconfdir='${prefix}/etc'
target_alias=''

## ----------- ##
## confdefs.h. ##
## ----------- ##

#define COIN_HAS_COINUTILS 1
#define COIN_HAS_SAMPLE 1
#define COIN_OSI_CHECKLEVEL 0
#define COIN_OSI_VERBOSITY 0
#define GLPK_HAS_INTOPT 1
#define HAVE_CFLOAT 1
#define HAVE_CMATH 1
#define HAVE_DLFCN_H 1
#define HAVE_INTTYPES_H 1
#define HAVE_MEMORY_H 1
#define HAVE_STDINT_H 1
#define HAVE_STDLIB_H 1
#define HAVE_STRINGS_H 1
#define HAVE_STRING_H 1
#define HAVE_SYS_STAT_H 1
#define HAVE_SYS_TYPES_H 1
#define HAVE_UNISTD_H 1
#define OSI_VERSION "0.106.5"
#define OSI_VERSION_MAJOR 0
#define OSI_VERSION_MINOR 106
#define OSI_VERSION_RELEASE 5
#define PACKAGE "osi"
#define PACKAGE_BUGREPORT "osi@list.coin-or.org"
#define PACKAGE_NAME "Osi"
#define PACKAGE_STRING "Osi 0.106.5"
#define PACKAGE_TARNAME "osi"
#define PACKAGE_VERSION "0.106.5"
#define VERSION "0.106.5"
#endif
#ifdef __cplusplus
extern "C" void exit (int) throw ();

configure: exit 0
