This file contains any messages produced by compilers while
running configure, to aid debugging if configure makes a mistake.

It was created by CoinUtils configure 2.9.11, which was
generated by GNU Autoconf 2.59.  Invocation command line was

  $ ./configure --prefix=/usr/local --disable-zlib --disable-bzlib --prefix=/usr/local --cache-file=/dev/null --srcdir=.

## --------- ##
## Platform. ##
## --------- ##

hostname = alexandre
uname -m = x86_64
uname -r = 4.15.0-29-generic
uname -s = Linux
uname -v = #31~16.04.1-Ubuntu SMP Wed Jul 18 08:54:04 UTC 2018

/usr/bin/uname -p = unknown
/bin/uname -X     = unknown

/bin/arch              = unknown
/usr/bin/arch -k       = unknown
/usr/convex/getsysinfo = unknown
hostinfo               = unknown
/bin/machine           = unknown
/usr/bin/oslevel       = unknown
/bin/universe          = unknown

PATH: /usr/local/sbin
PATH: /usr/local/bin
PATH: /usr/sbin
PATH: /usr/bin
PATH: /sbin
PATH: /bin
PATH: /snap/bin


## ----------- ##
## Core tests. ##
## ----------- ##

configure:1709: checking build system type
configure:1727: result: x86_64-unknown-linux-gnu
configure:1800: checking for svnversion
configure:1827: result: no
configure:1857: checking whether we want to compile in debug mode
configure:1903: result: no
configure:2167: checking for gcc
configure:2183: found /usr/bin/gcc
configure:2193: result: gcc
configure:2214: checking for C compiler version
configure:2217: gcc --version </dev/null >&5
gcc (Ubuntu 5.4.0-6ubuntu1~16.04.11) 5.4.0 20160609
Copyright (C) 2015 Free Software Foundation, Inc.
This is free software; see the source for copying conditions.  There is NO
warranty; not even for MERCHANTABILITY or FITNESS FOR A PARTICULAR PURPOSE.

configure:2220: $? = 0
configure:2222: gcc -v </dev/null >&5
Using built-in specs.
COLLECT_GCC=gcc
COLLECT_LTO_WRAPPER=/usr/lib/gcc/x86_64-linux-gnu/5/lto-wrapper
Target: x86_64-linux-gnu
Configured with: ../src/configure -v --with-pkgversion='Ubuntu 5.4.0-6ubuntu1~16.04.11' --with-bugurl=file:///usr/share/doc/gcc-5/README.Bugs --enable-languages=c,ada,c++,java,go,d,fortran,objc,obj-c++ --prefix=/usr --program-suffix=-5 --enable-shared --enable-linker-build-id --libexecdir=/usr/lib --without-included-gettext --enable-threads=posix --libdir=/usr/lib --enable-nls --with-sysroot=/ --enable-clocale=gnu --enable-libstdcxx-debug --enable-libstdcxx-time=yes --with-default-libstdcxx-abi=new --enable-gnu-unique-object --disable-vtable-verify --enable-libmpx --enable-plugin --with-system-zlib --disable-browser-plugin --enable-java-awt=gtk --enable-gtk-cairo --with-java-home=/usr/lib/jvm/java-1.5.0-gcj-5-amd64/jre --enable-java-home --with-jvm-root-dir=/usr/lib/jvm/java-1.5.0-gcj-5-amd64 --with-jvm-jar-dir=/usr/lib/jvm-exports/java-1.5.0-gcj-5-amd64 --with-arch-directory=amd64 --with-ecj-jar=/usr/share/java/eclipse-ecj.jar --enable-objc-gc --enable-multiarch --disable-werror --with-arch-32=i686 --with-abi=m64 --with-multilib-list=m32,m64,mx32 --enable-multilib --with-tune=generic --enable-checking=release --build=x86_64-linux-gnu --host=x86_64-linux-gnu --target=x86_64-linux-gnu
Thread model: posix
gcc version 5.4.0 20160609 (Ubuntu 5.4.0-6ubuntu1~16.04.11) 
configure:2225: $? = 0
configure:2227: gcc -V </dev/null >&5
gcc: error: unrecognized command line option '-V'
gcc: fatal error: no input files
compilation terminated.
configure:2230: $? = 1
configure:2253: checking for C compiler default output file name
configure:2256: gcc    conftest.c  >&5
configure:2259: $? = 0
configure:2305: result: a.out
configure:2310: checking whether the C compiler works
configure:2316: ./a.out
configure:2319: $? = 0
configure:2336: result: yes
configure:2343: checking whether we are cross compiling
configure:2345: result: no
configure:2348: checking for suffix of executables
configure:2350: gcc -o conftest    conftest.c  >&5
configure:2353: $? = 0
configure:2378: result: 
configure:2384: checking for suffix of object files
configure:2405: gcc -c   conftest.c >&5
configure:2408: $? = 0
configure:2430: result: o
configure:2434: checking whether we are using the GNU C compiler
configure:2458: gcc -c   conftest.c >&5
configure:2464: $? = 0
configure:2468: test -z 
			 || test ! -s conftest.err
configure:2471: $? = 0
configure:2474: test -s conftest.o
configure:2477: $? = 0
configure:2490: result: yes
configure:2496: checking whether gcc accepts -g
configure:2517: gcc -c -g  conftest.c >&5
configure:2523: $? = 0
configure:2527: test -z 
			 || test ! -s conftest.err
configure:2530: $? = 0
configure:2533: test -s conftest.o
configure:2536: $? = 0
configure:2547: result: yes
configure:2564: checking for gcc option to accept ANSI C
configure:2634: gcc  -c -g -O2  conftest.c >&5
configure:2640: $? = 0
configure:2644: test -z 
			 || test ! -s conftest.err
configure:2647: $? = 0
configure:2650: test -s conftest.o
configure:2653: $? = 0
configure:2671: result: none needed
configure:2689: gcc -c -g -O2  conftest.c >&5
conftest.c:2:3: error: unknown type name 'choke'
   choke me
   ^
conftest.c:2:3: error: expected '=', ',', ';', 'asm' or '__attribute__' at end of input
configure:2695: $? = 1
configure: failed program was:
| #ifndef __cplusplus
|   choke me
| #endif
configure:3123: gcc -o conftest -O3 -pipe -DNDEBUG -pedantic-errors -Wimplicit -Wparentheses -Wsequence-point -Wreturn-type -Wcast-qual -Wall -Wno-unknown-pragmas -Wno-long-long   -DCOINUTILS_BUILD   conftest.c  >&5
configure:3129: $? = 0
configure:3133: test -z 
			 || test ! -s conftest.err
configure:3136: $? = 0
configure:3139: test -s conftest
configure:3142: $? = 0
configure:3209: C compiler options are: -O3 -pipe -DNDEBUG -pedantic-errors -Wimplicit -Wparentheses -Wsequence-point -Wreturn-type -Wcast-qual -Wall -Wno-unknown-pragmas -Wno-long-long   -DCOINUTILS_BUILD
configure:3337: checking for g++
configure:3353: found /usr/bin/g++
configure:3363: result: g++
configure:3379: checking for C++ compiler version
configure:3382: g++ --version </dev/null >&5
g++ (Ubuntu 5.4.0-6ubuntu1~16.04.11) 5.4.0 20160609
Copyright (C) 2015 Free Software Foundation, Inc.
This is free software; see the source for copying conditions.  There is NO
warranty; not even for MERCHANTABILITY or FITNESS FOR A PARTICULAR PURPOSE.

configure:3385: $? = 0
configure:3387: g++ -v </dev/null >&5
Using built-in specs.
COLLECT_GCC=g++
COLLECT_LTO_WRAPPER=/usr/lib/gcc/x86_64-linux-gnu/5/lto-wrapper
Target: x86_64-linux-gnu
Configured with: ../src/configure -v --with-pkgversion='Ubuntu 5.4.0-6ubuntu1~16.04.11' --with-bugurl=file:///usr/share/doc/gcc-5/README.Bugs --enable-languages=c,ada,c++,java,go,d,fortran,objc,obj-c++ --prefix=/usr --program-suffix=-5 --enable-shared --enable-linker-build-id --libexecdir=/usr/lib --without-included-gettext --enable-threads=posix --libdir=/usr/lib --enable-nls --with-sysroot=/ --enable-clocale=gnu --enable-libstdcxx-debug --enable-libstdcxx-time=yes --with-default-libstdcxx-abi=new --enable-gnu-unique-object --disable-vtable-verify --enable-libmpx --enable-plugin --with-system-zlib --disable-browser-plugin --enable-java-awt=gtk --enable-gtk-cairo --with-java-home=/usr/lib/jvm/java-1.5.0-gcj-5-amd64/jre --enable-java-home --with-jvm-root-dir=/usr/lib/jvm/java-1.5.0-gcj-5-amd64 --with-jvm-jar-dir=/usr/lib/jvm-exports/java-1.5.0-gcj-5-amd64 --with-arch-directory=amd64 --with-ecj-jar=/usr/share/java/eclipse-ecj.jar --enable-objc-gc --enable-multiarch --disable-werror --with-arch-32=i686 --with-abi=m64 --with-multilib-list=m32,m64,mx32 --enable-multilib --with-tune=generic --enable-checking=release --build=x86_64-linux-gnu --host=x86_64-linux-gnu --target=x86_64-linux-gnu
Thread model: posix
gcc version 5.4.0 20160609 (Ubuntu 5.4.0-6ubuntu1~16.04.11) 
configure:3390: $? = 0
configure:3392: g++ -V </dev/null >&5
g++: error: unrecognized command line option '-V'
g++: fatal error: no input files
compilation terminated.
configure:3395: $? = 1
configure:3398: checking whether we are using the GNU C++ compiler
configure:3422: g++ -c   conftest.cc >&5
configure:3428: $? = 0
configure:3432: test -z 
			 || test ! -s conftest.err
configure:3435: $? = 0
configure:3438: test -s conftest.o
configure:3441: $? = 0
configure:3454: result: yes
configure:3460: checking whether g++ accepts -g
configure:3481: g++ -c -g  conftest.cc >&5
configure:3487: $? = 0
configure:3491: test -z 
			 || test ! -s conftest.err
configure:3494: $? = 0
configure:3497: test -s conftest.o
configure:3500: $? = 0
configure:3511: result: yes
configure:3553: g++ -c -g -O2  conftest.cc >&5
configure:3559: $? = 0
configure:3563: test -z 
			 || test ! -s conftest.err
configure:3566: $? = 0
configure:3569: test -s conftest.o
configure:3572: $? = 0
configure:3598: g++ -c -g -O2  conftest.cc >&5
conftest.cc: In function 'int main()':
conftest.cc:19:9: error: 'exit' was not declared in this scope
 exit (42);
         ^
configure:3604: $? = 1
configure: failed program was:
| /* confdefs.h.  */
| 
| #define PACKAGE_NAME "CoinUtils"
| #define PACKAGE_TARNAME "coinutils"
| #define PACKAGE_VERSION "2.9.11"
| #define PACKAGE_STRING "CoinUtils 2.9.11"
| #define PACKAGE_BUGREPORT "http://projects.coin-or.org/CoinUtils"
| #define COINUTILS_VERSION "2.9.11"
| #define COINUTILS_VERSION_MAJOR 2
| #define COINUTILS_VERSION_MINOR 9
| #define COINUTILS_VERSION_RELEASE 11
| #define COIN_COINUTILS_VERBOSITY 0
| #define COIN_COINUTILS_CHECKLEVEL 0
| /* end confdefs.h.  */
| 
| int
| main ()
| {
| exit (42);
|   ;
|   return 0;
| }
configure:3553: g++ -c -g -O2  conftest.cc >&5
conftest.cc:15:40: error: 'void std::exit(int)' should have been declared inside 'std'
 extern "C" void std::exit (int) throw (); using std::exit;
                                        ^
configure:3559: $? = 1
configure: failed program was:
| /* confdefs.h.  */
| 
| #define PACKAGE_NAME "CoinUtils"
| #define PACKAGE_TARNAME "coinutils"
| #define PACKAGE_VERSION "2.9.11"
| #define PACKAGE_STRING "CoinUtils 2.9.11"
| #define PACKAGE_BUGREPORT "http://projects.coin-or.org/CoinUtils"
| #define COINUTILS_VERSION "2.9.11"
| #define COINUTILS_VERSION_MAJOR 2
| #define COINUTILS_VERSION_MINOR 9
| #define COINUTILS_VERSION_RELEASE 11
| #define COIN_COINUTILS_VERBOSITY 0
| #define COIN_COINUTILS_CHECKLEVEL 0
| /* end confdefs.h.  */
| extern "C" void std::exit (int) throw (); using std::exit;
| #include <stdlib.h>
| int
| main ()
| {
| exit (42);
|   ;
|   return 0;
| }
configure:3553: g++ -c -g -O2  conftest.cc >&5
conftest.cc:15:31: error: 'void std::exit(int)' should have been declared inside 'std'
 extern "C" void std::exit (int); using std::exit;
                               ^
In file included from conftest.cc:16:0:
/usr/include/stdlib.h:543:70: error: declaration of 'void std::exit(int) throw ()' has a different exception specifier
 extern void exit (int __status) __THROW __attribute__ ((__noreturn__));
                                                                      ^
conftest.cc:15:17: error: from previous declaration 'void std::exit(int)'
 extern "C" void std::exit (int); using std::exit;
                 ^
configure:3559: $? = 1
configure: failed program was:
| /* confdefs.h.  */
| 
| #define PACKAGE_NAME "CoinUtils"
| #define PACKAGE_TARNAME "coinutils"
| #define PACKAGE_VERSION "2.9.11"
| #define PACKAGE_STRING "CoinUtils 2.9.11"
| #define PACKAGE_BUGREPORT "http://projects.coin-or.org/CoinUtils"
| #define COINUTILS_VERSION "2.9.11"
| #define COINUTILS_VERSION_MAJOR 2
| #define COINUTILS_VERSION_MINOR 9
| #define COINUTILS_VERSION_RELEASE 11
| #define COIN_COINUTILS_VERBOSITY 0
| #define COIN_COINUTILS_CHECKLEVEL 0
| /* end confdefs.h.  */
| extern "C" void std::exit (int); using std::exit;
| #include <stdlib.h>
| int
| main ()
| {
| exit (42);
|   ;
|   return 0;
| }
configure:3553: g++ -c -g -O2  conftest.cc >&5
configure:3559: $? = 0
configure:3563: test -z 
			 || test ! -s conftest.err
configure:3566: $? = 0
configure:3569: test -s conftest.o
configure:3572: $? = 0
configure:3598: g++ -c -g -O2  conftest.cc >&5
configure:3604: $? = 0
configure:3608: test -z 
			 || test ! -s conftest.err
configure:3611: $? = 0
configure:3614: test -s conftest.o
configure:3617: $? = 0
configure:3649: checking whether C++ compiler g++ works
configure:3667: g++ -c -g -O2  conftest.cc >&5
configure:3673: $? = 0
configure:3677: test -z 
			 || test ! -s conftest.err
configure:3680: $? = 0
configure:3683: test -s conftest.o
configure:3686: $? = 0
configure:3688: result: yes
configure:4016: g++ -o conftest -O3 -pipe -DNDEBUG -pedantic-errors -Wparentheses -Wreturn-type -Wcast-qual -Wall -Wpointer-arith -Wwrite-strings -Wconversion -Wno-unknown-pragmas -Wno-long-long   -DCOINUTILS_BUILD   conftest.cc  >&5
configure:4022: $? = 0
configure:4026: test -z 
			 || test ! -s conftest.err
configure:4029: $? = 0
configure:4032: test -s conftest
configure:4035: $? = 0
configure:4102: C++ compiler options are: -O3 -pipe -DNDEBUG -pedantic-errors -Wparentheses -Wreturn-type -Wcast-qual -Wall -Wpointer-arith -Wwrite-strings -Wconversion -Wno-unknown-pragmas -Wno-long-long   -DCOINUTILS_BUILD
configure:4187: Trying to determine Fortran compiler name
configure:4236: checking for gfortran
configure:4265: result: no
configure:4236: checking for ifort
configure:4265: result: no
configure:4236: checking for g95
configure:4265: result: no
configure:4236: checking for fort77
configure:4265: result: no
configure:4236: checking for f77
configure:4265: result: no
configure:4236: checking for g77
configure:4265: result: no
configure:4236: checking for pgf90
configure:4265: result: no
configure:4236: checking for pgf77
configure:4265: result: no
configure:4236: checking for ifc
configure:4265: result: no
configure:4236: checking for frt
configure:4265: result: no
configure:4236: checking for af77
configure:4265: result: no
configure:4236: checking for xlf_r
configure:4265: result: no
configure:4514: WARNING: Failed to find a Fortran compiler!
configure:4801: Fortran compiler options are:  
configure:5826: checking for egrep
configure:5836: result: grep -E
configure:5841: checking whether ln -s works
configure:5845: result: yes
configure:5866: checking for a BSD-compatible install
configure:5921: result: /usr/bin/install -c
configure:5932: checking whether build environment is sane
configure:5975: result: yes
configure:6040: checking for gawk
configure:6069: result: no
configure:6040: checking for mawk
configure:6056: found /usr/bin/mawk
configure:6066: result: mawk
configure:6076: checking whether make sets $(MAKE)
configure:6096: result: yes
configure:6126: checking for style of include used by make
configure:6154: result: GNU
configure:6335: checking dependency style of gcc
configure:6425: result: gcc3
configure:6444: checking dependency style of g++
configure:6534: result: gcc3
configure:6552: checking whether to enable maintainer-specific portions of Makefiles
configure:6561: result: no
configure:21943: Using libtool script in directory ..
configure:22018: checking if library version is set
configure:22022: result: 12:11:9
configure:22074: checking cmath usability
configure:22086: g++ -c -O3 -pipe -DNDEBUG -pedantic-errors -Wparentheses -Wreturn-type -Wcast-qual -Wall -Wpointer-arith -Wwrite-strings -Wconversion -Wno-unknown-pragmas -Wno-long-long   -DCOINUTILS_BUILD  conftest.cc >&5
configure:22092: $? = 0
configure:22096: test -z 
			 || test ! -s conftest.err
configure:22099: $? = 0
configure:22102: test -s conftest.o
configure:22105: $? = 0
configure:22115: result: yes
configure:22119: checking cmath presence
configure:22129: g++ -E  conftest.cc
configure:22135: $? = 0
configure:22155: result: yes
configure:22190: checking for cmath
configure:22197: result: yes
configure:22403: checking cfloat usability
configure:22415: g++ -c -O3 -pipe -DNDEBUG -pedantic-errors -Wparentheses -Wreturn-type -Wcast-qual -Wall -Wpointer-arith -Wwrite-strings -Wconversion -Wno-unknown-pragmas -Wno-long-long   -DCOINUTILS_BUILD  conftest.cc >&5
configure:22421: $? = 0
configure:22425: test -z 
			 || test ! -s conftest.err
configure:22428: $? = 0
configure:22431: test -s conftest.o
configure:22434: $? = 0
configure:22444: result: yes
configure:22448: checking cfloat presence
configure:22458: g++ -E  conftest.cc
configure:22464: $? = 0
configure:22484: result: yes
configure:22519: checking for cfloat
configure:22526: result: yes
configure:22732: checking cieeefp usability
configure:22744: g++ -c -O3 -pipe -DNDEBUG -pedantic-errors -Wparentheses -Wreturn-type -Wcast-qual -Wall -Wpointer-arith -Wwrite-strings -Wconversion -Wno-unknown-pragmas -Wno-long-long   -DCOINUTILS_BUILD  conftest.cc >&5
conftest.cc:66:19: fatal error: cieeefp: No such file or directory
compilation terminated.
configure:22750: $? = 1
configure: failed program was:
| /* confdefs.h.  */
| 
| #define PACKAGE_NAME "CoinUtils"
| #define PACKAGE_TARNAME "coinutils"
| #define PACKAGE_VERSION "2.9.11"
| #define PACKAGE_STRING "CoinUtils 2.9.11"
| #define PACKAGE_BUGREPORT "http://projects.coin-or.org/CoinUtils"
| #define COINUTILS_VERSION "2.9.11"
| #define COINUTILS_VERSION_MAJOR 2
| #define COINUTILS_VERSION_MINOR 9
| #define COINUTILS_VERSION_RELEASE 11
| #define COIN_COINUTILS_VERBOSITY 0
| #define COIN_COINUTILS_CHECKLEVEL 0
| #ifdef __cplusplus
| extern "C" void exit (int) throw ();
| #endif
| #define PACKAGE "coinutils"
| #define VERSION "2.9.11"
| #define HAVE_SYS_TYPES_H 1
| #define HAVE_SYS_STAT_H 1
| #define HAVE_STDLIB_H 1
| #define HAVE_STRING_H 1
| #define HAVE_MEMORY_H 1
| #define HAVE_STRINGS_H 1
| #define HAVE_INTTYPES_H 1
| #define HAVE_STDINT_H 1
| #define HAVE_UNISTD_H 1
| #define HAVE_DLFCN_H 1
| #define HAVE_CMATH 1
| #define HAVE_CFLOAT 1
| /* end confdefs.h.  */
| #include <stdio.h>
| #if HAVE_SYS_TYPES_H
| # include <sys/types.h>
| #endif
| #if HAVE_SYS_STAT_H
| # include <sys/stat.h>
| #endif
| #if STDC_HEADERS
| # include <stdlib.h>
| # include <stddef.h>
| #else
| # if HAVE_STDLIB_H
| #  include <stdlib.h>
| # endif
| #endif
| #if HAVE_STRING_H
| # if !STDC_HEADERS && HAVE_MEMORY_H
| #  include <memory.h>
| # endif
| # include <string.h>
| #endif
| #if HAVE_STRINGS_H
| # include <strings.h>
| #endif
| #if HAVE_INTTYPES_H
| # include <inttypes.h>
| #else
| # if HAVE_STDINT_H
| #  include <stdint.h>
| # endif
| #endif
| #if HAVE_UNISTD_H
| # include <unistd.h>
| #endif
| #include <cieeefp>
configure:22773: result: no
configure:22777: checking cieeefp presence
configure:22787: g++ -E  conftest.cc
conftest.cc:32:19: fatal error: cieeefp: No such file or directory
compilation terminated.
configure:22793: $? = 1
configure: failed program was:
| /* confdefs.h.  */
| 
| #define PACKAGE_NAME "CoinUtils"
| #define PACKAGE_TARNAME "coinutils"
| #define PACKAGE_VERSION "2.9.11"
| #define PACKAGE_STRING "CoinUtils 2.9.11"
| #define PACKAGE_BUGREPORT "http://projects.coin-or.org/CoinUtils"
| #define COINUTILS_VERSION "2.9.11"
| #define COINUTILS_VERSION_MAJOR 2
| #define COINUTILS_VERSION_MINOR 9
| #define COINUTILS_VERSION_RELEASE 11
| #define COIN_COINUTILS_VERBOSITY 0
| #define COIN_COINUTILS_CHECKLEVEL 0
| #ifdef __cplusplus
| extern "C" void exit (int) throw ();
| #endif
| #define PACKAGE "coinutils"
| #define VERSION "2.9.11"
| #define HAVE_SYS_TYPES_H 1
| #define HAVE_SYS_STAT_H 1
| #define HAVE_STDLIB_H 1
| #define HAVE_STRING_H 1
| #define HAVE_MEMORY_H 1
| #define HAVE_STRINGS_H 1
| #define HAVE_INTTYPES_H 1
| #define HAVE_STDINT_H 1
| #define HAVE_UNISTD_H 1
| #define HAVE_DLFCN_H 1
| #define HAVE_CMATH 1
| #define HAVE_CFLOAT 1
| /* end confdefs.h.  */
| #include <cieeefp>
configure:22813: result: no
configure:22848: checking for cieeefp
configure:22855: result: no
configure:22890: checking ieeefp.h usability
configure:22902: g++ -c -O3 -pipe -DNDEBUG -pedantic-errors -Wparentheses -Wreturn-type -Wcast-qual -Wall -Wpointer-arith -Wwrite-strings -Wconversion -Wno-unknown-pragmas -Wno-long-long   -DCOINUTILS_BUILD  conftest.cc >&5
conftest.cc:66:20: fatal error: ieeefp.h: No such file or directory
compilation terminated.
configure:22908: $? = 1
configure: failed program was:
| /* confdefs.h.  */
| 
| #define PACKAGE_NAME "CoinUtils"
| #define PACKAGE_TARNAME "coinutils"
| #define PACKAGE_VERSION "2.9.11"
| #define PACKAGE_STRING "CoinUtils 2.9.11"
| #define PACKAGE_BUGREPORT "http://projects.coin-or.org/CoinUtils"
| #define COINUTILS_VERSION "2.9.11"
| #define COINUTILS_VERSION_MAJOR 2
| #define COINUTILS_VERSION_MINOR 9
| #define COINUTILS_VERSION_RELEASE 11
| #define COIN_COINUTILS_VERBOSITY 0
| #define COIN_COINUTILS_CHECKLEVEL 0
| #ifdef __cplusplus
| extern "C" void exit (int) throw ();
| #endif
| #define PACKAGE "coinutils"
| #define VERSION "2.9.11"
| #define HAVE_SYS_TYPES_H 1
| #define HAVE_SYS_STAT_H 1
| #define HAVE_STDLIB_H 1
| #define HAVE_STRING_H 1
| #define HAVE_MEMORY_H 1
| #define HAVE_STRINGS_H 1
| #define HAVE_INTTYPES_H 1
| #define HAVE_STDINT_H 1
| #define HAVE_UNISTD_H 1
| #define HAVE_DLFCN_H 1
| #define HAVE_CMATH 1
| #define HAVE_CFLOAT 1
| /* end confdefs.h.  */
| #include <stdio.h>
| #if HAVE_SYS_TYPES_H
| # include <sys/types.h>
| #endif
| #if HAVE_SYS_STAT_H
| # include <sys/stat.h>
| #endif
| #if STDC_HEADERS
| # include <stdlib.h>
| # include <stddef.h>
| #else
| # if HAVE_STDLIB_H
| #  include <stdlib.h>
| # endif
| #endif
| #if HAVE_STRING_H
| # if !STDC_HEADERS && HAVE_MEMORY_H
| #  include <memory.h>
| # endif
| # include <string.h>
| #endif
| #if HAVE_STRINGS_H
| # include <strings.h>
| #endif
| #if HAVE_INTTYPES_H
| # include <inttypes.h>
| #else
| # if HAVE_STDINT_H
| #  include <stdint.h>
| # endif
| #endif
| #if HAVE_UNISTD_H
| # include <unistd.h>
| #endif
| #include <ieeefp.h>
configure:22931: result: no
configure:22935: checking ieeefp.h presence
configure:22945: g++ -E  conftest.cc
conftest.cc:32:20: fatal error: ieeefp.h: No such file or directory
compilation terminated.
configure:22951: $? = 1
configure: failed program was:
| /* confdefs.h.  */
| 
| #define PACKAGE_NAME "CoinUtils"
| #define PACKAGE_TARNAME "coinutils"
| #define PACKAGE_VERSION "2.9.11"
| #define PACKAGE_STRING "CoinUtils 2.9.11"
| #define PACKAGE_BUGREPORT "http://projects.coin-or.org/CoinUtils"
| #define COINUTILS_VERSION "2.9.11"
| #define COINUTILS_VERSION_MAJOR 2
| #define COINUTILS_VERSION_MINOR 9
| #define COINUTILS_VERSION_RELEASE 11
| #define COIN_COINUTILS_VERBOSITY 0
| #define COIN_COINUTILS_CHECKLEVEL 0
| #ifdef __cplusplus
| extern "C" void exit (int) throw ();
| #endif
| #define PACKAGE "coinutils"
| #define VERSION "2.9.11"
| #define HAVE_SYS_TYPES_H 1
| #define HAVE_SYS_STAT_H 1
| #define HAVE_STDLIB_H 1
| #define HAVE_STRING_H 1
| #define HAVE_MEMORY_H 1
| #define HAVE_STRINGS_H 1
| #define HAVE_INTTYPES_H 1
| #define HAVE_STDINT_H 1
| #define HAVE_UNISTD_H 1
| #define HAVE_DLFCN_H 1
| #define HAVE_CMATH 1
| #define HAVE_CFLOAT 1
| /* end confdefs.h.  */
| #include <ieeefp.h>
configure:22971: result: no
configure:23006: checking for ieeefp.h
configure:23013: result: no
configure:23037: checking whether isfinite is declared
configure:23091: g++ -c -O3 -pipe -DNDEBUG -pedantic-errors -Wparentheses -Wreturn-type -Wcast-qual -Wall -Wpointer-arith -Wwrite-strings -Wconversion -Wno-unknown-pragmas -Wno-long-long   -DCOINUTILS_BUILD  conftest.cc >&5
conftest.cc: In function 'int main()':
conftest.cc:67:22: error: 'isfinite' was not declared in this scope
   char *p = (char *) isfinite;
                      ^
conftest.cc:67:22: note: suggested alternative:
In file included from conftest.cc:34:0:
/usr/include/c++/5/cmath:844:5: note:   'std::isfinite'
     isfinite(_Tp __f)
     ^
conftest.cc:67:9: warning: unused variable 'p' [-Wunused-variable]
   char *p = (char *) isfinite;
         ^
configure:23097: $? = 1
configure: failed program was:
| /* confdefs.h.  */
| 
| #define PACKAGE_NAME "CoinUtils"
| #define PACKAGE_TARNAME "coinutils"
| #define PACKAGE_VERSION "2.9.11"
| #define PACKAGE_STRING "CoinUtils 2.9.11"
| #define PACKAGE_BUGREPORT "http://projects.coin-or.org/CoinUtils"
| #define COINUTILS_VERSION "2.9.11"
| #define COINUTILS_VERSION_MAJOR 2
| #define COINUTILS_VERSION_MINOR 9
| #define COINUTILS_VERSION_RELEASE 11
| #define COIN_COINUTILS_VERBOSITY 0
| #define COIN_COINUTILS_CHECKLEVEL 0
| #ifdef __cplusplus
| extern "C" void exit (int) throw ();
| #endif
| #define PACKAGE "coinutils"
| #define VERSION "2.9.11"
| #define HAVE_SYS_TYPES_H 1
| #define HAVE_SYS_STAT_H 1
| #define HAVE_STDLIB_H 1
| #define HAVE_STRING_H 1
| #define HAVE_MEMORY_H 1
| #define HAVE_STRINGS_H 1
| #define HAVE_INTTYPES_H 1
| #define HAVE_STDINT_H 1
| #define HAVE_UNISTD_H 1
| #define HAVE_DLFCN_H 1
| #define HAVE_CMATH 1
| #define HAVE_CFLOAT 1
| /* end confdefs.h.  */
| 
| #ifdef HAVE_CMATH
| # include <cmath>
| #else
| # ifdef HAVE_MATH_H
| #  include <math.h>
| # endif
| #endif
| #ifdef HAVE_CFLOAT
| # include <cfloat>
| #else
| # ifdef HAVE_FLOAT_H
| #  include <float.h>
| # endif
| #endif
| #ifdef HAVE_CIEEEFP
| # include <cieeefp>
| #else
| # ifdef HAVE_IEEEFP_H
| #  include <ieeefp.h>
| # endif
| #endif
| 
| #ifdef F77_DUMMY_MAIN
| 
| #  ifdef __cplusplus
|      extern "C"
| #  endif
|    int F77_DUMMY_MAIN() { return 1; }
| 
| #endif
| int
| main ()
| {
| #ifndef isfinite
|   char *p = (char *) isfinite;
| #endif
| 
|   ;
|   return 0;
| }
configure:23121: result: no
configure:23128: checking whether finite is declared
configure:23182: g++ -c -O3 -pipe -DNDEBUG -pedantic-errors -Wparentheses -Wreturn-type -Wcast-qual -Wall -Wpointer-arith -Wwrite-strings -Wconversion -Wno-unknown-pragmas -Wno-long-long   -DCOINUTILS_BUILD  conftest.cc >&5
conftest.cc: In function 'int main()':
conftest.cc:67:9: warning: unused variable 'p' [-Wunused-variable]
   char *p = (char *) finite;
         ^
configure:23188: $? = 0
configure:23192: test -z 
			 || test ! -s conftest.err
configure:23195: $? = 0
configure:23198: test -s conftest.o
configure:23201: $? = 0
configure:23212: result: yes
configure:23355: checking for cmath
configure:23360: result: yes
configure:23684: checking for cfloat
configure:23689: result: yes
configure:24013: checking for cieeefp
configure:24018: result: no
configure:24171: checking for ieeefp.h
configure:24176: result: no
configure:24327: checking whether isnan is declared
configure:24381: g++ -c -O3 -pipe -DNDEBUG -pedantic-errors -Wparentheses -Wreturn-type -Wcast-qual -Wall -Wpointer-arith -Wwrite-strings -Wconversion -Wno-unknown-pragmas -Wno-long-long   -DCOINUTILS_BUILD  conftest.cc >&5
conftest.cc: In function 'int main()':
conftest.cc:70:9: warning: unused variable 'p' [-Wunused-variable]
   char *p = (char *) isnan;
         ^
configure:24387: $? = 0
configure:24391: test -z 
			 || test ! -s conftest.err
configure:24394: $? = 0
configure:24397: test -s conftest.o
configure:24400: $? = 0
configure:24411: result: yes
configure:24987: checking cinttypes usability
configure:24999: g++ -c -O3 -pipe -DNDEBUG -pedantic-errors -Wparentheses -Wreturn-type -Wcast-qual -Wall -Wpointer-arith -Wwrite-strings -Wconversion -Wno-unknown-pragmas -Wno-long-long   -DCOINUTILS_BUILD  conftest.cc >&5
In file included from /usr/include/c++/5/cinttypes:35:0,
                 from conftest.cc:71:
/usr/include/c++/5/bits/c++0x_warning.h:32:2: error: #error This file requires compiler and library support for the ISO C++ 2011 standard. This support must be enabled with the -std=c++11 or -std=gnu++11 compiler options.
 #error This file requires compiler and library support \
  ^
configure:25005: $? = 1
configure: failed program was:
| /* confdefs.h.  */
| 
| #define PACKAGE_NAME "CoinUtils"
| #define PACKAGE_TARNAME "coinutils"
| #define PACKAGE_VERSION "2.9.11"
| #define PACKAGE_STRING "CoinUtils 2.9.11"
| #define PACKAGE_BUGREPORT "http://projects.coin-or.org/CoinUtils"
| #define COINUTILS_VERSION "2.9.11"
| #define COINUTILS_VERSION_MAJOR 2
| #define COINUTILS_VERSION_MINOR 9
| #define COINUTILS_VERSION_RELEASE 11
| #define COIN_COINUTILS_VERBOSITY 0
| #define COIN_COINUTILS_CHECKLEVEL 0
| #ifdef __cplusplus
| extern "C" void exit (int) throw ();
| #endif
| #define PACKAGE "coinutils"
| #define VERSION "2.9.11"
| #define HAVE_SYS_TYPES_H 1
| #define HAVE_SYS_STAT_H 1
| #define HAVE_STDLIB_H 1
| #define HAVE_STRING_H 1
| #define HAVE_MEMORY_H 1
| #define HAVE_STRINGS_H 1
| #define HAVE_INTTYPES_H 1
| #define HAVE_STDINT_H 1
| #define HAVE_UNISTD_H 1
| #define HAVE_DLFCN_H 1
| #define HAVE_CMATH 1
| #define HAVE_CFLOAT 1
| #define COIN_C_FINITE finite
| #define HAVE_CMATH 1
| #define HAVE_CFLOAT 1
| #define COIN_C_ISNAN isnan
| #define COINUTILS_MEMPOOL_MAXPOOLED -1
| /* end confdefs.h.  */
| #include <stdio.h>
| #if HAVE_SYS_TYPES_H
| # include <sys/types.h>
| #endif
| #if HAVE_SYS_STAT_H
| # include <sys/stat.h>
| #endif
| #if STDC_HEADERS
| # include <stdlib.h>
| # include <stddef.h>
| #else
| # if HAVE_STDLIB_H
| #  include <stdlib.h>
| # endif
| #endif
| #if HAVE_STRING_H
| # if !STDC_HEADERS && HAVE_MEMORY_H
| #  include <memory.h>
| # endif
| # include <string.h>
| #endif
| #if HAVE_STRINGS_H
| # include <strings.h>
| #endif
| #if HAVE_INTTYPES_H
| # include <inttypes.h>
| #else
| # if HAVE_STDINT_H
| #  include <stdint.h>
| # endif
| #endif
| #if HAVE_UNISTD_H
| # include <unistd.h>
| #endif
| #include <cinttypes>
configure:25028: result: no
configure:25032: checking cinttypes presence
configure:25042: g++ -E  conftest.cc
In file included from /usr/include/c++/5/cinttypes:35:0,
                 from conftest.cc:37:
/usr/include/c++/5/bits/c++0x_warning.h:32:2: error: #error This file requires compiler and library support for the ISO C++ 2011 standard. This support must be enabled with the -std=c++11 or -std=gnu++11 compiler options.
 #error This file requires compiler and library support \
  ^
configure:25048: $? = 1
configure: failed program was:
| /* confdefs.h.  */
| 
| #define PACKAGE_NAME "CoinUtils"
| #define PACKAGE_TARNAME "coinutils"
| #define PACKAGE_VERSION "2.9.11"
| #define PACKAGE_STRING "CoinUtils 2.9.11"
| #define PACKAGE_BUGREPORT "http://projects.coin-or.org/CoinUtils"
| #define COINUTILS_VERSION "2.9.11"
| #define COINUTILS_VERSION_MAJOR 2
| #define COINUTILS_VERSION_MINOR 9
| #define COINUTILS_VERSION_RELEASE 11
| #define COIN_COINUTILS_VERBOSITY 0
| #define COIN_COINUTILS_CHECKLEVEL 0
| #ifdef __cplusplus
| extern "C" void exit (int) throw ();
| #endif
| #define PACKAGE "coinutils"
| #define VERSION "2.9.11"
| #define HAVE_SYS_TYPES_H 1
| #define HAVE_SYS_STAT_H 1
| #define HAVE_STDLIB_H 1
| #define HAVE_STRING_H 1
| #define HAVE_MEMORY_H 1
| #define HAVE_STRINGS_H 1
| #define HAVE_INTTYPES_H 1
| #define HAVE_STDINT_H 1
| #define HAVE_UNISTD_H 1
| #define HAVE_DLFCN_H 1
| #define HAVE_CMATH 1
| #define HAVE_CFLOAT 1
| #define COIN_C_FINITE finite
| #define HAVE_CMATH 1
| #define HAVE_CFLOAT 1
| #define COIN_C_ISNAN isnan
| #define COINUTILS_MEMPOOL_MAXPOOLED -1
| /* end confdefs.h.  */
| #include <cinttypes>
configure:25068: result: no
configure:25103: checking for cinttypes
configure:25110: result: no
configure:25145: checking inttypes.h usability
configure:25157: g++ -c -O3 -pipe -DNDEBUG -pedantic-errors -Wparentheses -Wreturn-type -Wcast-qual -Wall -Wpointer-arith -Wwrite-strings -Wconversion -Wno-unknown-pragmas -Wno-long-long   -DCOINUTILS_BUILD  conftest.cc >&5
configure:25163: $? = 0
configure:25167: test -z 
			 || test ! -s conftest.err
configure:25170: $? = 0
configure:25173: test -s conftest.o
configure:25176: $? = 0
configure:25186: result: yes
configure:25190: checking inttypes.h presence
configure:25200: g++ -E  conftest.cc
configure:25206: $? = 0
configure:25226: result: yes
configure:25261: checking for inttypes.h
configure:25268: result: yes
configure:25316: checking cstdint usability
configure:25328: g++ -c -O3 -pipe -DNDEBUG -pedantic-errors -Wparentheses -Wreturn-type -Wcast-qual -Wall -Wpointer-arith -Wwrite-strings -Wconversion -Wno-unknown-pragmas -Wno-long-long   -DCOINUTILS_BUILD  conftest.cc >&5
In file included from /usr/include/c++/5/cstdint:35:0,
                 from conftest.cc:72:
/usr/include/c++/5/bits/c++0x_warning.h:32:2: error: #error This file requires compiler and library support for the ISO C++ 2011 standard. This support must be enabled with the -std=c++11 or -std=gnu++11 compiler options.
 #error This file requires compiler and library support \
  ^
configure:25334: $? = 1
configure: failed program was:
| /* confdefs.h.  */
| 
| #define PACKAGE_NAME "CoinUtils"
| #define PACKAGE_TARNAME "coinutils"
| #define PACKAGE_VERSION "2.9.11"
| #define PACKAGE_STRING "CoinUtils 2.9.11"
| #define PACKAGE_BUGREPORT "http://projects.coin-or.org/CoinUtils"
| #define COINUTILS_VERSION "2.9.11"
| #define COINUTILS_VERSION_MAJOR 2
| #define COINUTILS_VERSION_MINOR 9
| #define COINUTILS_VERSION_RELEASE 11
| #define COIN_COINUTILS_VERBOSITY 0
| #define COIN_COINUTILS_CHECKLEVEL 0
| #ifdef __cplusplus
| extern "C" void exit (int) throw ();
| #endif
| #define PACKAGE "coinutils"
| #define VERSION "2.9.11"
| #define HAVE_SYS_TYPES_H 1
| #define HAVE_SYS_STAT_H 1
| #define HAVE_STDLIB_H 1
| #define HAVE_STRING_H 1
| #define HAVE_MEMORY_H 1
| #define HAVE_STRINGS_H 1
| #define HAVE_INTTYPES_H 1
| #define HAVE_STDINT_H 1
| #define HAVE_UNISTD_H 1
| #define HAVE_DLFCN_H 1
| #define HAVE_CMATH 1
| #define HAVE_CFLOAT 1
| #define COIN_C_FINITE finite
| #define HAVE_CMATH 1
| #define HAVE_CFLOAT 1
| #define COIN_C_ISNAN isnan
| #define COINUTILS_MEMPOOL_MAXPOOLED -1
| #define HAVE_INTTYPES_H 1
| /* end confdefs.h.  */
| #include <stdio.h>
| #if HAVE_SYS_TYPES_H
| # include <sys/types.h>
| #endif
| #if HAVE_SYS_STAT_H
| # include <sys/stat.h>
| #endif
| #if STDC_HEADERS
| # include <stdlib.h>
| # include <stddef.h>
| #else
| # if HAVE_STDLIB_H
| #  include <stdlib.h>
| # endif
| #endif
| #if HAVE_STRING_H
| # if !STDC_HEADERS && HAVE_MEMORY_H
| #  include <memory.h>
| # endif
| # include <string.h>
| #endif
| #if HAVE_STRINGS_H
| # include <strings.h>
| #endif
| #if HAVE_INTTYPES_H
| # include <inttypes.h>
| #else
| # if HAVE_STDINT_H
| #  include <stdint.h>
| # endif
| #endif
| #if HAVE_UNISTD_H
| # include <unistd.h>
| #endif
| #include <cstdint>
configure:25357: result: no
configure:25361: checking cstdint presence
configure:25371: g++ -E  conftest.cc
In file included from /usr/include/c++/5/cstdint:35:0,
                 from conftest.cc:38:
/usr/include/c++/5/bits/c++0x_warning.h:32:2: error: #error This file requires compiler and library support for the ISO C++ 2011 standard. This support must be enabled with the -std=c++11 or -std=gnu++11 compiler options.
 #error This file requires compiler and library support \
  ^
configure:25377: $? = 1
configure: failed program was:
| /* confdefs.h.  */
| 
| #define PACKAGE_NAME "CoinUtils"
| #define PACKAGE_TARNAME "coinutils"
| #define PACKAGE_VERSION "2.9.11"
| #define PACKAGE_STRING "CoinUtils 2.9.11"
| #define PACKAGE_BUGREPORT "http://projects.coin-or.org/CoinUtils"
| #define COINUTILS_VERSION "2.9.11"
| #define COINUTILS_VERSION_MAJOR 2
| #define COINUTILS_VERSION_MINOR 9
| #define COINUTILS_VERSION_RELEASE 11
| #define COIN_COINUTILS_VERBOSITY 0
| #define COIN_COINUTILS_CHECKLEVEL 0
| #ifdef __cplusplus
| extern "C" void exit (int) throw ();
| #endif
| #define PACKAGE "coinutils"
| #define VERSION "2.9.11"
| #define HAVE_SYS_TYPES_H 1
| #define HAVE_SYS_STAT_H 1
| #define HAVE_STDLIB_H 1
| #define HAVE_STRING_H 1
| #define HAVE_MEMORY_H 1
| #define HAVE_STRINGS_H 1
| #define HAVE_INTTYPES_H 1
| #define HAVE_STDINT_H 1
| #define HAVE_UNISTD_H 1
| #define HAVE_DLFCN_H 1
| #define HAVE_CMATH 1
| #define HAVE_CFLOAT 1
| #define COIN_C_FINITE finite
| #define HAVE_CMATH 1
| #define HAVE_CFLOAT 1
| #define COIN_C_ISNAN isnan
| #define COINUTILS_MEMPOOL_MAXPOOLED -1
| #define HAVE_INTTYPES_H 1
| /* end confdefs.h.  */
| #include <cstdint>
configure:25397: result: no
configure:25432: checking for cstdint
configure:25439: result: no
configure:25474: checking stdint.h usability
configure:25486: g++ -c -O3 -pipe -DNDEBUG -pedantic-errors -Wparentheses -Wreturn-type -Wcast-qual -Wall -Wpointer-arith -Wwrite-strings -Wconversion -Wno-unknown-pragmas -Wno-long-long   -DCOINUTILS_BUILD  conftest.cc >&5
configure:25492: $? = 0
configure:25496: test -z 
			 || test ! -s conftest.err
configure:25499: $? = 0
configure:25502: test -s conftest.o
configure:25505: $? = 0
configure:25515: result: yes
configure:25519: checking stdint.h presence
configure:25529: g++ -E  conftest.cc
configure:25535: $? = 0
configure:25555: result: yes
configure:25590: checking for stdint.h
configure:25597: result: yes
configure:25628: checking for int64_t
configure:25669: g++ -c -O3 -pipe -DNDEBUG -pedantic-errors -Wparentheses -Wreturn-type -Wcast-qual -Wall -Wpointer-arith -Wwrite-strings -Wconversion -Wno-unknown-pragmas -Wno-long-long   -DCOINUTILS_BUILD  conftest.cc >&5
configure:25675: $? = 0
configure:25679: test -z 
			 || test ! -s conftest.err
configure:25682: $? = 0
configure:25685: test -s conftest.o
configure:25688: $? = 0
configure:25699: result: yes
configure:27179: checking for intptr_t
configure:27220: g++ -c -O3 -pipe -DNDEBUG -pedantic-errors -Wparentheses -Wreturn-type -Wcast-qual -Wall -Wpointer-arith -Wwrite-strings -Wconversion -Wno-unknown-pragmas -Wno-long-long   -DCOINUTILS_BUILD  conftest.cc >&5
configure:27226: $? = 0
configure:27230: test -z 
			 || test ! -s conftest.err
configure:27233: $? = 0
configure:27236: test -s conftest.o
configure:27239: $? = 0
configure:27250: result: yes
configure:29206: checking windows.h usability
configure:29218: g++ -c -O3 -pipe -DNDEBUG -pedantic-errors -Wparentheses -Wreturn-type -Wcast-qual -Wall -Wpointer-arith -Wwrite-strings -Wconversion -Wno-unknown-pragmas -Wno-long-long   -DCOINUTILS_BUILD  conftest.cc >&5
conftest.cc:77:21: fatal error: windows.h: No such file or directory
compilation terminated.
configure:29224: $? = 1
configure: failed program was:
| /* confdefs.h.  */
| 
| #define PACKAGE_NAME "CoinUtils"
| #define PACKAGE_TARNAME "coinutils"
| #define PACKAGE_VERSION "2.9.11"
| #define PACKAGE_STRING "CoinUtils 2.9.11"
| #define PACKAGE_BUGREPORT "http://projects.coin-or.org/CoinUtils"
| #define COINUTILS_VERSION "2.9.11"
| #define COINUTILS_VERSION_MAJOR 2
| #define COINUTILS_VERSION_MINOR 9
| #define COINUTILS_VERSION_RELEASE 11
| #define COIN_COINUTILS_VERBOSITY 0
| #define COIN_COINUTILS_CHECKLEVEL 0
| #ifdef __cplusplus
| extern "C" void exit (int) throw ();
| #endif
| #define PACKAGE "coinutils"
| #define VERSION "2.9.11"
| #define HAVE_SYS_TYPES_H 1
| #define HAVE_SYS_STAT_H 1
| #define HAVE_STDLIB_H 1
| #define HAVE_STRING_H 1
| #define HAVE_MEMORY_H 1
| #define HAVE_STRINGS_H 1
| #define HAVE_INTTYPES_H 1
| #define HAVE_STDINT_H 1
| #define HAVE_UNISTD_H 1
| #define HAVE_DLFCN_H 1
| #define HAVE_CMATH 1
| #define HAVE_CFLOAT 1
| #define COIN_C_FINITE finite
| #define HAVE_CMATH 1
| #define HAVE_CFLOAT 1
| #define COIN_C_ISNAN isnan
| #define COINUTILS_MEMPOOL_MAXPOOLED -1
| #define HAVE_INTTYPES_H 1
| #define HAVE_STDINT_H 1
| #define COIN_INT64_T int64_t
| #define COIN_UINT64_T int64_t
| #define COIN_INTPTR_T intptr_t
| #define COINUTILS_HAS_STDINT_H 1
| /* end confdefs.h.  */
| #include <stdio.h>
| #if HAVE_SYS_TYPES_H
| # include <sys/types.h>
| #endif
| #if HAVE_SYS_STAT_H
| # include <sys/stat.h>
| #endif
| #if STDC_HEADERS
| # include <stdlib.h>
| # include <stddef.h>
| #else
| # if HAVE_STDLIB_H
| #  include <stdlib.h>
| # endif
| #endif
| #if HAVE_STRING_H
| # if !STDC_HEADERS && HAVE_MEMORY_H
| #  include <memory.h>
| # endif
| # include <string.h>
| #endif
| #if HAVE_STRINGS_H
| # include <strings.h>
| #endif
| #if HAVE_INTTYPES_H
| # include <inttypes.h>
| #else
| # if HAVE_STDINT_H
| #  include <stdint.h>
| # endif
| #endif
| #if HAVE_UNISTD_H
| # include <unistd.h>
| #endif
| #include <windows.h>
configure:29247: result: no
configure:29251: checking windows.h presence
configure:29261: g++ -E  conftest.cc
conftest.cc:43:21: fatal error: windows.h: No such file or directory
compilation terminated.
configure:29267: $? = 1
configure: failed program was:
| /* confdefs.h.  */
| 
| #define PACKAGE_NAME "CoinUtils"
| #define PACKAGE_TARNAME "coinutils"
| #define PACKAGE_VERSION "2.9.11"
| #define PACKAGE_STRING "CoinUtils 2.9.11"
| #define PACKAGE_BUGREPORT "http://projects.coin-or.org/CoinUtils"
| #define COINUTILS_VERSION "2.9.11"
| #define COINUTILS_VERSION_MAJOR 2
| #define COINUTILS_VERSION_MINOR 9
| #define COINUTILS_VERSION_RELEASE 11
| #define COIN_COINUTILS_VERBOSITY 0
| #define COIN_COINUTILS_CHECKLEVEL 0
| #ifdef __cplusplus
| extern "C" void exit (int) throw ();
| #endif
| #define PACKAGE "coinutils"
| #define VERSION "2.9.11"
| #define HAVE_SYS_TYPES_H 1
| #define HAVE_SYS_STAT_H 1
| #define HAVE_STDLIB_H 1
| #define HAVE_STRING_H 1
| #define HAVE_MEMORY_H 1
| #define HAVE_STRINGS_H 1
| #define HAVE_INTTYPES_H 1
| #define HAVE_STDINT_H 1
| #define HAVE_UNISTD_H 1
| #define HAVE_DLFCN_H 1
| #define HAVE_CMATH 1
| #define HAVE_CFLOAT 1
| #define COIN_C_FINITE finite
| #define HAVE_CMATH 1
| #define HAVE_CFLOAT 1
| #define COIN_C_ISNAN isnan
| #define COINUTILS_MEMPOOL_MAXPOOLED -1
| #define HAVE_INTTYPES_H 1
| #define HAVE_STDINT_H 1
| #define COIN_INT64_T int64_t
| #define COIN_UINT64_T int64_t
| #define COIN_INTPTR_T intptr_t
| #define COINUTILS_HAS_STDINT_H 1
| /* end confdefs.h.  */
| #include <windows.h>
configure:29287: result: no
configure:29322: checking for windows.h
configure:29329: result: no
configure:29360: checking endian.h usability
configure:29372: g++ -c -O3 -pipe -DNDEBUG -pedantic-errors -Wparentheses -Wreturn-type -Wcast-qual -Wall -Wpointer-arith -Wwrite-strings -Wconversion -Wno-unknown-pragmas -Wno-long-long   -DCOINUTILS_BUILD  conftest.cc >&5
configure:29378: $? = 0
configure:29382: test -z 
			 || test ! -s conftest.err
configure:29385: $? = 0
configure:29388: test -s conftest.o
configure:29391: $? = 0
configure:29401: result: yes
configure:29405: checking endian.h presence
configure:29415: g++ -E  conftest.cc
configure:29421: $? = 0
configure:29441: result: yes
configure:29476: checking for endian.h
configure:29483: result: yes
configure:29570: checking for pkg-config
configure:29586: found /usr/bin/pkg-config
configure:29596: result: pkg-config
configure:29611: checking pkg-config is at least version 0.16.0
configure:29614: result: yes
configure:32103: checking whether -lblas has BLAS
configure:32380: g++ -o conftest -O3 -pipe -DNDEBUG -pedantic-errors -Wparentheses -Wreturn-type -Wcast-qual -Wall -Wpointer-arith -Wwrite-strings -Wconversion -Wno-unknown-pragmas -Wno-long-long   -DCOINUTILS_BUILD   conftest.cc -lblas  >&5
/usr/bin/ld: cannot find -lblas
collect2: error: ld returned 1 exit status
configure:32386: $? = 1
configure: failed program was:
| /* confdefs.h.  */
| 
| #define PACKAGE_NAME "CoinUtils"
| #define PACKAGE_TARNAME "coinutils"
| #define PACKAGE_VERSION "2.9.11"
| #define PACKAGE_STRING "CoinUtils 2.9.11"
| #define PACKAGE_BUGREPORT "http://projects.coin-or.org/CoinUtils"
| #define COINUTILS_VERSION "2.9.11"
| #define COINUTILS_VERSION_MAJOR 2
| #define COINUTILS_VERSION_MINOR 9
| #define COINUTILS_VERSION_RELEASE 11
| #define COIN_COINUTILS_VERBOSITY 0
| #define COIN_COINUTILS_CHECKLEVEL 0
| #ifdef __cplusplus
| extern "C" void exit (int) throw ();
| #endif
| #define PACKAGE "coinutils"
| #define VERSION "2.9.11"
| #define HAVE_SYS_TYPES_H 1
| #define HAVE_SYS_STAT_H 1
| #define HAVE_STDLIB_H 1
| #define HAVE_STRING_H 1
| #define HAVE_MEMORY_H 1
| #define HAVE_STRINGS_H 1
| #define HAVE_INTTYPES_H 1
| #define HAVE_STDINT_H 1
| #define HAVE_UNISTD_H 1
| #define HAVE_DLFCN_H 1
| #define HAVE_CMATH 1
| #define HAVE_CFLOAT 1
| #define COIN_C_FINITE finite
| #define HAVE_CMATH 1
| #define HAVE_CFLOAT 1
| #define COIN_C_ISNAN isnan
| #define COINUTILS_MEMPOOL_MAXPOOLED -1
| #define HAVE_INTTYPES_H 1
| #define HAVE_STDINT_H 1
| #define COIN_INT64_T int64_t
| #define COIN_UINT64_T int64_t
| #define COIN_INTPTR_T intptr_t
| #define COINUTILS_HAS_STDINT_H 1
| #define HAVE_ENDIAN_H 1
| /* end confdefs.h.  */
| extern "C" {void unknown();}
| #ifdef F77_DUMMY_MAIN
| 
| #  ifdef __cplusplus
|      extern "C"
| #  endif
|    int F77_DUMMY_MAIN() { return 1; }
| 
| #endif
| int
| main ()
| {
| unknown()
|   ;
|   return 0;
| }
configure:32489: result: no
configure:32507: checking for COIN-OR package Blas
configure:32672: result: not given: No package 'coinblas' found
configure:34703: checking whether -llapack has LAPACK
configure:34980: g++ -o conftest -O3 -pipe -DNDEBUG -pedantic-errors -Wparentheses -Wreturn-type -Wcast-qual -Wall -Wpointer-arith -Wwrite-strings -Wconversion -Wno-unknown-pragmas -Wno-long-long   -DCOINUTILS_BUILD   conftest.cc -llapack   >&5
/usr/bin/ld: cannot find -llapack
collect2: error: ld returned 1 exit status
configure:34986: $? = 1
configure: failed program was:
| /* confdefs.h.  */
| 
| #define PACKAGE_NAME "CoinUtils"
| #define PACKAGE_TARNAME "coinutils"
| #define PACKAGE_VERSION "2.9.11"
| #define PACKAGE_STRING "CoinUtils 2.9.11"
| #define PACKAGE_BUGREPORT "http://projects.coin-or.org/CoinUtils"
| #define COINUTILS_VERSION "2.9.11"
| #define COINUTILS_VERSION_MAJOR 2
| #define COINUTILS_VERSION_MINOR 9
| #define COINUTILS_VERSION_RELEASE 11
| #define COIN_COINUTILS_VERBOSITY 0
| #define COIN_COINUTILS_CHECKLEVEL 0
| #ifdef __cplusplus
| extern "C" void exit (int) throw ();
| #endif
| #define PACKAGE "coinutils"
| #define VERSION "2.9.11"
| #define HAVE_SYS_TYPES_H 1
| #define HAVE_SYS_STAT_H 1
| #define HAVE_STDLIB_H 1
| #define HAVE_STRING_H 1
| #define HAVE_MEMORY_H 1
| #define HAVE_STRINGS_H 1
| #define HAVE_INTTYPES_H 1
| #define HAVE_STDINT_H 1
| #define HAVE_UNISTD_H 1
| #define HAVE_DLFCN_H 1
| #define HAVE_CMATH 1
| #define HAVE_CFLOAT 1
| #define COIN_C_FINITE finite
| #define HAVE_CMATH 1
| #define HAVE_CFLOAT 1
| #define COIN_C_ISNAN isnan
| #define COINUTILS_MEMPOOL_MAXPOOLED -1
| #define HAVE_INTTYPES_H 1
| #define HAVE_STDINT_H 1
| #define COIN_INT64_T int64_t
| #define COIN_UINT64_T int64_t
| #define COIN_INTPTR_T intptr_t
| #define COINUTILS_HAS_STDINT_H 1
| #define HAVE_ENDIAN_H 1
| /* end confdefs.h.  */
| extern "C" {void unknown();}
| #ifdef F77_DUMMY_MAIN
| 
| #  ifdef __cplusplus
|      extern "C"
| #  endif
|    int F77_DUMMY_MAIN() { return 1; }
| 
| #endif
| int
| main ()
| {
| unknown()
|   ;
|   return 0;
| }
configure:35089: result: no
configure:35107: checking for COIN-OR package Lapack
configure:35272: result: not given: No package 'coinlapack' found
configure:35669: checking for COIN-OR package Glpk
configure:35834: result: not given: No package 'coinglpk' found
configure:36180: checking for COIN-OR package Sample
configure:36312: result: yes: 1.2.9 
configure:36661: checking for COIN-OR package Netlib
configure:36811: result: not given: No package 'coindatanetlib' found
configure:38027: checking whether this is a VPATH configuration
configure:38034: result: no
configure:38054: configuring doxygen documentation options
configure:38061: checking for doxygen
configure:38088: result: no
configure:38116: checking for dot
configure:38143: result: NO
configure:38239: checking which command should be used to link input files
configure:38247: result: ln -s
configure:38567: creating ./config.status

## ---------------------- ##
## Running config.status. ##
## ---------------------- ##

This file was extended by CoinUtils config.status 2.9.11, which was
generated by GNU Autoconf 2.59.  Invocation command line was

  CONFIG_FILES    = 
  CONFIG_HEADERS  = 
  CONFIG_LINKS    = 
  CONFIG_COMMANDS = 
  $ ./config.status 

on alexandre

config.status:834: creating Makefile
config.status:834: creating src/Makefile
config.status:834: creating test/Makefile
config.status:834: creating coinutils.pc
config.status:834: creating coinutils-uninstalled.pc
config.status:834: creating doxydoc/doxygen.conf
config.status:938: creating src/config.h
config.status:938: creating src/config_coinutils.h
config.status:1275: executing depfiles commands
configure:40052: In case of trouble, first consult the troubleshooting page at https://projects.coin-or.org/BuildTools/wiki/user-troubleshooting
configure:40055: Configuration of CoinUtils successful

## ---------------- ##
## Cache variables. ##
## ---------------- ##

ac_cv_build=x86_64-unknown-linux-gnu
ac_cv_build_alias=x86_64-unknown-linux-gnu
ac_cv_c_compiler_gnu=yes
ac_cv_cxx_compiler_gnu=yes
ac_cv_env_ADD_CFLAGS_set=
ac_cv_env_ADD_CFLAGS_value=
ac_cv_env_ADD_CXXFLAGS_set=
ac_cv_env_ADD_CXXFLAGS_value=
ac_cv_env_ADD_FFLAGS_set=
ac_cv_env_ADD_FFLAGS_value=
ac_cv_env_CC_set=
ac_cv_env_CC_value=
ac_cv_env_CDEFS_set=
ac_cv_env_CDEFS_value=
ac_cv_env_CFLAGS_set=
ac_cv_env_CFLAGS_value=
ac_cv_env_CPPFLAGS_set=
ac_cv_env_CPPFLAGS_value=
ac_cv_env_CPP_set=
ac_cv_env_CPP_value=
ac_cv_env_CXXCPP_set=
ac_cv_env_CXXCPP_value=
ac_cv_env_CXXDEFS_set=
ac_cv_env_CXXDEFS_value=
ac_cv_env_CXXFLAGS_set=
ac_cv_env_CXXFLAGS_value=
ac_cv_env_CXX_set=
ac_cv_env_CXX_value=
ac_cv_env_DBG_CFLAGS_set=
ac_cv_env_DBG_CFLAGS_value=
ac_cv_env_DBG_CXXFLAGS_set=
ac_cv_env_DBG_CXXFLAGS_value=
ac_cv_env_DBG_FFLAGS_set=
ac_cv_env_DBG_FFLAGS_value=
ac_cv_env_F77_set=
ac_cv_env_F77_value=
ac_cv_env_FFLAGS_set=
ac_cv_env_FFLAGS_value=
ac_cv_env_LDFLAGS_set=
ac_cv_env_LDFLAGS_value=
ac_cv_env_MPICC_set=
ac_cv_env_MPICC_value=
ac_cv_env_MPICXX_set=
ac_cv_env_MPICXX_value=
ac_cv_env_MPIF77_set=
ac_cv_env_MPIF77_value=
ac_cv_env_OPT_CFLAGS_set=
ac_cv_env_OPT_CFLAGS_value=
ac_cv_env_OPT_CXXFLAGS_set=
ac_cv_env_OPT_CXXFLAGS_value=
ac_cv_env_OPT_FFLAGS_set=
ac_cv_env_OPT_FFLAGS_value=
ac_cv_env_PKG_CONFIG_set=
ac_cv_env_PKG_CONFIG_value=
ac_cv_env_build_alias_set=
ac_cv_env_build_alias_value=
ac_cv_env_host_alias_set=
ac_cv_env_host_alias_value=
ac_cv_env_target_alias_set=
ac_cv_env_target_alias_value=
ac_cv_exeext=
ac_cv_have_decl_finite=yes
ac_cv_have_decl_isfinite=no
ac_cv_have_decl_isnan=yes
ac_cv_header_cfloat=yes
ac_cv_header_cieeefp=no
ac_cv_header_cinttypes=no
ac_cv_header_cmath=yes
ac_cv_header_cstdint=no
ac_cv_header_endian_h=yes
ac_cv_header_ieeefp_h=no
ac_cv_header_inttypes_h=yes
ac_cv_header_stdint_h=yes
ac_cv_header_windows_h=no
ac_cv_objext=o
ac_cv_path_install='/usr/bin/install -c'
ac_cv_prog_AWK=mawk
ac_cv_prog_ac_ct_CC=gcc
ac_cv_prog_ac_ct_CXX=g++
ac_cv_prog_ac_ct_PKG_CONFIG=pkg-config
ac_cv_prog_cc_g=yes
ac_cv_prog_cc_stdc=
ac_cv_prog_coin_doxy_usedot=NO
ac_cv_prog_coin_have_doxygen=no
ac_cv_prog_cxx_g=yes
ac_cv_prog_egrep='grep -E'
ac_cv_prog_have_svnversion=no
ac_cv_prog_make_make_set=yes
ac_cv_type_int64_t=yes
ac_cv_type_intptr_t=yes
am_cv_CC_dependencies_compiler_type=gcc3
am_cv_CXX_dependencies_compiler_type=gcc3

## ----------------- ##
## Output variables. ##
## ----------------- ##

ABSBUILDDIR='/home/alexandre/ws/these/ibex-lib/plugins/optim/Clp-1.15.6/CoinUtils'
ACLOCAL='${SHELL} /home/alexandre/ws/these/ibex-lib/plugins/optim/Clp-1.15.6/CoinUtils/missing --run aclocal-1.9'
ADD_CFLAGS=''
ADD_CXXFLAGS=''
ADD_FFLAGS=''
ALWAYS_FALSE_FALSE=''
ALWAYS_FALSE_TRUE='#'
AMDEPBACKSLASH='\'
AMDEP_FALSE='#'
AMDEP_TRUE=''
AMTAR='${SHELL} /home/alexandre/ws/these/ibex-lib/plugins/optim/Clp-1.15.6/CoinUtils/missing --run tar'
AR='ar'
AUTOCONF='${SHELL} /home/alexandre/ws/these/ibex-lib/plugins/optim/Clp-1.15.6/CoinUtils/missing --run autoconf'
AUTOHEADER='${SHELL} /home/alexandre/ws/these/ibex-lib/plugins/optim/Clp-1.15.6/CoinUtils/missing --run autoheader'
AUTOMAKE='${SHELL} /home/alexandre/ws/these/ibex-lib/plugins/optim/Clp-1.15.6/CoinUtils/missing --run automake-1.9'
AUX_DIR=''
AWK='mawk'
BLAS_CFLAGS=''
BLAS_CFLAGS_INSTALLED=''
BLAS_DATA=''
BLAS_DATA_INSTALLED=''
BLAS_DEPENDENCIES=''
BLAS_LIBS=''
BLAS_LIBS_INSTALLED=''
BUILDTOOLSDIR=''
CC='gcc'
CCDEPMODE='depmode=gcc3'
CDEFS=''
CFLAGS='-O3 -pipe -DNDEBUG -pedantic-errors -Wimplicit -Wparentheses -Wsequence-point -Wreturn-type -Wcast-qual -Wall -Wno-unknown-pragmas -Wno-long-long   -DCOINUTILS_BUILD'
COINUTILSLIB_CFLAGS=''
COINUTILSLIB_CFLAGS_INSTALLED=''
COINUTILSLIB_DEPENDENCIES=''
COINUTILSLIB_LIBS='-lm '
COINUTILSLIB_LIBS_INSTALLED='-lm '
COINUTILSLIB_PCLIBS='-lm '
COINUTILSLIB_PCREQUIRES=''
COINUTILS_SVN_REV=''
COIN_CC_IS_CL_FALSE=''
COIN_CC_IS_CL_TRUE='#'
COIN_CXX_IS_CL_FALSE=''
COIN_CXX_IS_CL_TRUE='#'
COIN_HAS_BLAS_FALSE=''
COIN_HAS_BLAS_TRUE='#'
COIN_HAS_GLPK_FALSE=''
COIN_HAS_GLPK_TRUE='#'
COIN_HAS_LAPACK_FALSE=''
COIN_HAS_LAPACK_TRUE='#'
COIN_HAS_NETLIB_FALSE=''
COIN_HAS_NETLIB_TRUE='#'
COIN_HAS_PKGCONFIG_FALSE='#'
COIN_HAS_PKGCONFIG_TRUE=''
COIN_HAS_SAMPLE_FALSE='#'
COIN_HAS_SAMPLE_TRUE=''
COIN_HAS_ZLIB_FALSE=''
COIN_HAS_ZLIB_TRUE='#'
COIN_PKG_CONFIG_PATH='/usr/local/lib64/pkgconfig:/usr/local/lib/pkgconfig:/usr/local/share/pkgconfig:'
COIN_PKG_CONFIG_PATH_UNINSTALLED='/home/alexandre/ws/these/ibex-lib/plugins/optim/Clp-1.15.6/Clp:/home/alexandre/ws/these/ibex-lib/plugins/optim/Clp-1.15.6/Osi:/home/alexandre/ws/these/ibex-lib/plugins/optim/Clp-1.15.6/CoinUtils:/home/alexandre/ws/these/ibex-lib/plugins/optim/Clp-1.15.6/Data/Sample:'
CPP='gcc -E'
CPPFLAGS=''
CXX='g++'
CXXCPP='g++ -E'
CXXDEFS=''
CXXDEPMODE='depmode=gcc3'
CXXFLAGS='-O3 -pipe -DNDEBUG -pedantic-errors -Wparentheses -Wreturn-type -Wcast-qual -Wall -Wpointer-arith -Wwrite-strings -Wconversion -Wno-unknown-pragmas -Wno-long-long   -DCOINUTILS_BUILD'
CYGPATH_W='echo'
DBG_CFLAGS='-g -O0 -pipe -pedantic-errors -Wimplicit -Wparentheses -Wsequence-point -Wreturn-type -Wcast-qual -Wall -Wno-unknown-pragmas -Wno-long-long  '
DBG_CXXFLAGS='-g -O0 -pipe -pedantic-errors -Wparentheses -Wreturn-type -Wcast-qual -Wall -Wpointer-arith -Wwrite-strings -Wconversion -Wno-unknown-pragmas -Wno-long-long  '
DBG_FFLAGS=' '
DEFS='-DHAVE_CONFIG_H'
DEPDIR='.deps'
DEPENDENCY_LINKING_FALSE=''
DEPENDENCY_LINKING_TRUE='#'
ECHO='echo'
ECHO_C=''
ECHO_N='-n'
ECHO_T=''
EGREP='grep -E'
EXEEXT=''
F77='unavailable'
FFLAGS=' '
FLIBS=''
GLPK_CFLAGS=''
GLPK_CFLAGS_INSTALLED=''
GLPK_DATA=''
GLPK_DATA_INSTALLED=''
GLPK_DEPENDENCIES=''
GLPK_LIBS=''
GLPK_LIBS_INSTALLED=''
HAVE_EXTERNALS_FALSE=''
HAVE_EXTERNALS_TRUE='#'
INSTALL_DATA='${INSTALL} -m 644'
INSTALL_PROGRAM='${INSTALL}'
INSTALL_SCRIPT='${INSTALL}'
INSTALL_STRIP_PROGRAM='${SHELL} $(install_sh) -c -s'
LAPACK_CFLAGS=''
LAPACK_CFLAGS_INSTALLED=''
LAPACK_DATA=''
LAPACK_DATA_INSTALLED=''
LAPACK_DEPENDENCIES=''
LAPACK_LIBS=''
LAPACK_LIBS_INSTALLED=''
LDFLAGS=''
LIBEXT='a'
LIBOBJS=''
LIBS=''
LIBTOOL='$(SHELL) $(top_builddir)/../libtool'
LIBTOOLM4=''
LN_S='ln -s'
LTLIBOBJS=''
LT_LDFLAGS=' -version-info 12:11:9'
MAINT='#'
MAINTAINER_MODE_FALSE=''
MAINTAINER_MODE_TRUE='#'
MAKEINFO='${SHELL} /home/alexandre/ws/these/ibex-lib/plugins/optim/Clp-1.15.6/CoinUtils/missing --run makeinfo'
MPICC=''
MPICXX=''
MPIF77=''
NETLIB_CFLAGS=''
NETLIB_CFLAGS_INSTALLED=''
NETLIB_DATA=''
NETLIB_DATA_INSTALLED=''
NETLIB_DEPENDENCIES=''
NETLIB_LIBS=''
NETLIB_LIBS_INSTALLED=''
OBJEXT='o'
OPT_CFLAGS='-O3 -pipe -DNDEBUG -pedantic-errors -Wimplicit -Wparentheses -Wsequence-point -Wreturn-type -Wcast-qual -Wall -Wno-unknown-pragmas -Wno-long-long  '
OPT_CXXFLAGS='-O3 -pipe -DNDEBUG -pedantic-errors -Wparentheses -Wreturn-type -Wcast-qual -Wall -Wpointer-arith -Wwrite-strings -Wconversion -Wno-unknown-pragmas -Wno-long-long  '
OPT_FFLAGS=' '
PACKAGE='coinutils'
PACKAGE_BUGREPORT='http://projects.coin-or.org/CoinUtils'
PACKAGE_NAME='CoinUtils'
PACKAGE_STRING='CoinUtils 2.9.11'
PACKAGE_TARNAME='coinutils'
PACKAGE_VERSION='2.9.11'
PATH_SEPARATOR=':'
PKG_CONFIG='pkg-config'
RANLIB='ranlib'
RPATH_FLAGS=' -Wl,--rpath -Wl,/usr/local/lib'
SAMPLE_CFLAGS=''
SAMPLE_CFLAGS_INSTALLED=''
SAMPLE_DATA='/home/alexandre/ws/these/ibex-lib/plugins/optim/Clp-1.15.6/Data/Sample'
SAMPLE_DATA_INSTALLED=''
SAMPLE_DEPENDENCIES=' '
SAMPLE_LIBS=''
SAMPLE_LIBS_INSTALLED=''
SET_MAKE=''
SHELL='/bin/bash'
STRIP='strip'
VERSION='2.9.11'
VPATH_DISTCLEANFILES=''
abs_bin_dir='/usr/local/bin'
abs_include_dir='/usr/local/include'
abs_lib_dir='/usr/local/lib'
abs_source_dir='/home/alexandre/ws/these/ibex-lib/plugins/optim/Clp-1.15.6/CoinUtils'
ac_c_preproc_warn_flag=''
ac_ct_AR='ar'
ac_ct_CC='gcc'
ac_ct_CXX='g++'
ac_ct_F77='unavailable'
ac_ct_PKG_CONFIG='pkg-config'
ac_ct_RANLIB='ranlib'
ac_ct_STRIP='strip'
ac_cxx_preproc_warn_flag=''
am__fastdepCC_FALSE='#'
am__fastdepCC_TRUE=''
am__fastdepCXX_FALSE='#'
am__fastdepCXX_TRUE=''
am__include='include'
am__leading_dot='.'
am__quote=''
am__tar='${AMTAR} chof - "$$tardir"'
am__untar='${AMTAR} xf -'
bindir='${exec_prefix}/bin'
build='x86_64-unknown-linux-gnu'
build_alias=''
build_cpu='x86_64'
build_os='linux-gnu'
build_vendor='unknown'
coin_doxy_excludes=''
coin_doxy_logname='doxydoc/coinutils_doxy.log'
coin_doxy_tagfiles=''
coin_doxy_tagname='doxydoc/coinutils_doxy.tag'
coin_doxy_usedot='NO'
coin_have_doxygen='no'
datadir='${prefix}/share'
exec_prefix='${prefix}'
have_autoconf=''
have_automake=''
have_svn=''
have_svnversion='no'
host='x86_64-unknown-linux-gnu'
host_alias=''
host_cpu='x86_64'
host_os='linux-gnu'
host_vendor='unknown'
includedir='${prefix}/include'
infodir='${prefix}/info'
install_sh='/home/alexandre/ws/these/ibex-lib/plugins/optim/Clp-1.15.6/CoinUtils/install-sh'
libdir='${exec_prefix}/lib'
libexecdir='${exec_prefix}/libexec'
localstatedir='${prefix}/var'
mandir='${prefix}/man'
mkdir_p='mkdir -p --'
oldincludedir='/usr/include'
prefix='/usr/local'
program_transform_name='s,x,x,'
sbindir='${exec_prefix}/sbin'
sharedstatedir='${prefix}/com'
sol_cc_compiler=''
sysconfdir='${prefix}/etc'
target_alias=''

## ----------- ##
## confdefs.h. ##
## ----------- ##

#define COINUTILS_HAS_STDINT_H 1
#define COINUTILS_MEMPOOL_MAXPOOLED -1
#define COINUTILS_VERSION "2.9.11"
#define COINUTILS_VERSION_MAJOR 2
#define COINUTILS_VERSION_MINOR 9
#define COINUTILS_VERSION_RELEASE 11
#define COIN_COINUTILS_CHECKLEVEL 0
#define COIN_COINUTILS_VERBOSITY 0
#define COIN_C_FINITE finite
#define COIN_C_ISNAN isnan
#define COIN_HAS_SAMPLE 1
#define COIN_INT64_T int64_t
#define COIN_INTPTR_T intptr_t
#define COIN_UINT64_T int64_t
#define HAVE_CFLOAT 1
#define HAVE_CFLOAT 1
#define HAVE_CMATH 1
#define HAVE_CMATH 1
#define HAVE_DLFCN_H 1
#define HAVE_ENDIAN_H 1
#define HAVE_INTTYPES_H 1
#define HAVE_INTTYPES_H 1
#define HAVE_MEMORY_H 1
#define HAVE_STDINT_H 1
#define HAVE_STDINT_H 1
#define HAVE_STDLIB_H 1
#define HAVE_STRINGS_H 1
#define HAVE_STRING_H 1
#define HAVE_SYS_STAT_H 1
#define HAVE_SYS_TYPES_H 1
#define HAVE_UNISTD_H 1
#define PACKAGE "coinutils"
#define PACKAGE_BUGREPORT "http://projects.coin-or.org/CoinUtils"
#define PACKAGE_NAME "CoinUtils"
#define PACKAGE_STRING "CoinUtils 2.9.11"
#define PACKAGE_TARNAME "coinutils"
#define PACKAGE_VERSION "2.9.11"
#define VERSION "2.9.11"
#endif
#ifdef __cplusplus
extern "C" void exit (int) throw ();

configure: exit 0
