This file contains any messages produced by compilers while
running configure, to aid debugging if configure makes a mistake.

It was created by DataSample configure 1.2.9, which was
generated by GNU Autoconf 2.59.  Invocation command line was

  $ ./configure --prefix=/usr/local --disable-zlib --disable-bzlib --prefix=/usr/local --cache-file=/dev/null --srcdir=.

## --------- ##
## Platform. ##
## --------- ##

hostname = alexandre
uname -m = x86_64
uname -r = 4.15.0-29-generic
uname -s = Linux
uname -v = #31~16.04.1-Ubuntu SMP Wed Jul 18 08:54:04 UTC 2018

/usr/bin/uname -p = unknown
/bin/uname -X     = unknown

/bin/arch              = unknown
/usr/bin/arch -k       = unknown
/usr/convex/getsysinfo = unknown
hostinfo               = unknown
/bin/machine           = unknown
/usr/bin/oslevel       = unknown
/bin/universe          = unknown

PATH: /usr/local/sbin
PATH: /usr/local/bin
PATH: /usr/sbin
PATH: /usr/bin
PATH: /sbin
PATH: /bin
PATH: /snap/bin


## ----------- ##
## Core tests. ##
## ----------- ##

configure:1335: checking for svnversion
configure:1362: result: no
configure:1395: checking for egrep
configure:1405: result: grep -E
configure:1410: checking whether ln -s works
configure:1414: result: yes
configure:1460: checking for a BSD-compatible install
configure:1515: result: /usr/bin/install -c
configure:1526: checking whether build environment is sane
configure:1569: result: yes
configure:1634: checking for gawk
configure:1663: result: no
configure:1634: checking for mawk
configure:1650: found /usr/bin/mawk
configure:1660: result: mawk
configure:1670: checking whether make sets $(MAKE)
configure:1690: result: yes
configure:1863: checking whether to enable maintainer-specific portions of Makefiles
configure:1872: result: no
configure:2264: checking whether this is a VPATH configuration
configure:2271: result: no
configure:2280: checking build system type
configure:2298: result: x86_64-unknown-linux-gnu
configure:2625: checking which command should be used to link input files
configure:2633: result: ln -s
configure:2830: creating ./config.status

## ---------------------- ##
## Running config.status. ##
## ---------------------- ##

This file was extended by DataSample config.status 1.2.9, which was
generated by GNU Autoconf 2.59.  Invocation command line was

  CONFIG_FILES    = 
  CONFIG_HEADERS  = 
  CONFIG_LINKS    = 
  CONFIG_COMMANDS = 
  $ ./config.status 

on alexandre

config.status:684: creating Makefile
config.status:684: creating coindatasample.pc
config.status:684: creating coindatasample-uninstalled.pc
configure:3719: In case of trouble, first consult the troubleshooting page at https://projects.coin-or.org/BuildTools/wiki/user-troubleshooting
configure:3722: Configuration of DataSample successful

## ---------------- ##
## Cache variables. ##
## ---------------- ##

ac_cv_build=x86_64-unknown-linux-gnu
ac_cv_build_alias=x86_64-unknown-linux-gnu
ac_cv_env_build_alias_set=
ac_cv_env_build_alias_value=
ac_cv_env_host_alias_set=
ac_cv_env_host_alias_value=
ac_cv_env_target_alias_set=
ac_cv_env_target_alias_value=
ac_cv_path_install='/usr/bin/install -c'
ac_cv_prog_AWK=mawk
ac_cv_prog_egrep='grep -E'
ac_cv_prog_have_svnversion=no
ac_cv_prog_make_make_set=yes

## ----------------- ##
## Output variables. ##
## ----------------- ##

ABSBUILDDIR='/home/alexandre/ws/these/ibex-lib/plugins/optim/Clp-1.15.6/Data/Sample'
ACLOCAL='${SHELL} /home/alexandre/ws/these/ibex-lib/plugins/optim/Clp-1.15.6/Data/Sample/missing --run aclocal-1.9'
ALWAYS_FALSE_FALSE=''
ALWAYS_FALSE_TRUE='#'
AMTAR='${SHELL} /home/alexandre/ws/these/ibex-lib/plugins/optim/Clp-1.15.6/Data/Sample/missing --run tar'
AUTOCONF='${SHELL} /home/alexandre/ws/these/ibex-lib/plugins/optim/Clp-1.15.6/Data/Sample/missing --run autoconf'
AUTOHEADER='${SHELL} /home/alexandre/ws/these/ibex-lib/plugins/optim/Clp-1.15.6/Data/Sample/missing --run autoheader'
AUTOMAKE='${SHELL} /home/alexandre/ws/these/ibex-lib/plugins/optim/Clp-1.15.6/Data/Sample/missing --run automake-1.9'
AUX_DIR=''
AWK='mawk'
BUILDTOOLSDIR=''
CYGPATH_W='echo'
DATASAMPLE_SVN_REV=''
DEFS='-DPACKAGE_NAME=\"DataSample\" -DPACKAGE_TARNAME=\"datasample\" -DPACKAGE_VERSION=\"1.2.9\" -DPACKAGE_STRING=\"DataSample\ 1.2.9\" -DPACKAGE_BUGREPORT=\"https://projects.coin-or.org/BuildTools/\" -DDATASAMPLE_VERSION=\"1.2.9\" -DDATASAMPLE_VERSION_MAJOR=1 -DDATASAMPLE_VERSION_MINOR=2 -DDATASAMPLE_VERSION_RELEASE=9 -DPACKAGE=\"datasample\" -DVERSION=\"1.2.9\" '
ECHO_C=''
ECHO_N='-n'
ECHO_T=''
EGREP='grep -E'
EXAMPLE_CLEAN_FILES=''
EXAMPLE_FILES=' afiro.mps atm_5_10_1.mps brandy.mps conic.mps e226.mps exmip1.5.mps exmip1.mps finnis.mps galenet.mps galenetbnds.mps hello.mps lseu.mps nw460.mps p0033.mps p0201.mps p0548.mps pack1.mps retail3.mps scOneInt.mps share2qp.mps spec_sections.mps tp3.mps tp4.mps tp5.mps wedding_16.mps exmip1.lp atm_5_10_1.block retail3.block wedding_16.block input.130 app0110.cor app0110.stoch app0110.time app0110R.cor app0110R.stoch app0110R.time bug.cor bug.stoch bug.time'
EXAMPLE_UNCOMPRESSED_FILES=''
HAVE_EXTERNALS_FALSE=''
HAVE_EXTERNALS_TRUE='#'
INSTALL_DATA='${INSTALL} -m 644'
INSTALL_PROGRAM='${INSTALL}'
INSTALL_SCRIPT='${INSTALL}'
INSTALL_STRIP_PROGRAM='${SHELL} $(install_sh) -c -s'
LIBEXT='a'
LIBOBJS=''
LIBS=''
LIBTOOLM4=''
LN_S='ln -s'
LTLIBOBJS=''
MAINT='#'
MAINTAINER_MODE_FALSE=''
MAINTAINER_MODE_TRUE='#'
MAKEINFO='${SHELL} /home/alexandre/ws/these/ibex-lib/plugins/optim/Clp-1.15.6/Data/Sample/missing --run makeinfo'
PACKAGE='datasample'
PACKAGE_BUGREPORT='https://projects.coin-or.org/BuildTools/'
PACKAGE_NAME='DataSample'
PACKAGE_STRING='DataSample 1.2.9'
PACKAGE_TARNAME='datasample'
PACKAGE_VERSION='1.2.9'
PATH_SEPARATOR=':'
SET_MAKE=''
SHELL='/bin/bash'
STRIP=''
VERSION='1.2.9'
VPATH_DISTCLEANFILES=''
abs_bin_dir='/usr/local/bin'
abs_include_dir='/usr/local/include'
abs_lib_dir='/usr/local/lib'
abs_source_dir='/home/alexandre/ws/these/ibex-lib/plugins/optim/Clp-1.15.6/Data/Sample'
ac_ct_STRIP=''
am__leading_dot='.'
am__tar='${AMTAR} chof - "$$tardir"'
am__untar='${AMTAR} xf -'
bindir='${exec_prefix}/bin'
build='x86_64-unknown-linux-gnu'
build_alias=''
build_cpu='x86_64'
build_os='linux-gnu'
build_vendor='unknown'
datadir='${prefix}/share'
exec_prefix='${prefix}'
have_autoconf=''
have_automake=''
have_svn=''
have_svnversion='no'
host_alias=''
includedir='${prefix}/include'
infodir='${prefix}/info'
install_sh='/home/alexandre/ws/these/ibex-lib/plugins/optim/Clp-1.15.6/Data/Sample/install-sh'
libdir='${exec_prefix}/lib'
libexecdir='${exec_prefix}/libexec'
localstatedir='${prefix}/var'
mandir='${prefix}/man'
mkdir_p='mkdir -p --'
oldincludedir='/usr/include'
prefix='/usr/local'
program_transform_name='s,x,x,'
sbindir='${exec_prefix}/sbin'
sharedstatedir='${prefix}/com'
sysconfdir='${prefix}/etc'
target_alias=''

## ----------- ##
## confdefs.h. ##
## ----------- ##

#define DATASAMPLE_VERSION "1.2.9"
#define DATASAMPLE_VERSION_MAJOR 1
#define DATASAMPLE_VERSION_MINOR 2
#define DATASAMPLE_VERSION_RELEASE 9
#define PACKAGE "datasample"
#define PACKAGE_BUGREPORT "https://projects.coin-or.org/BuildTools/"
#define PACKAGE_NAME "DataSample"
#define PACKAGE_STRING "DataSample 1.2.9"
#define PACKAGE_TARNAME "datasample"
#define PACKAGE_VERSION "1.2.9"
#define VERSION "1.2.9"

configure: exit 0
