This file contains any messages produced by compilers while
running configure, to aid debugging if configure makes a mistake.

It was created by configure, which was
generated by GNU Autoconf 2.69.  Invocation command line was

  $ ./configure --quiet --prefix=/usr/local

## --------- ##
## Platform. ##
## --------- ##

hostname = alexandre
uname -m = x86_64
uname -r = 4.15.0-29-generic
uname -s = Linux
uname -v = #31~16.04.1-Ubuntu SMP Wed Jul 18 08:54:04 UTC 2018

/usr/bin/uname -p = unknown
/bin/uname -X     = unknown

/bin/arch              = unknown
/usr/bin/arch -k       = unknown
/usr/convex/getsysinfo = unknown
/usr/bin/hostinfo      = unknown
/bin/machine           = unknown
/usr/bin/oslevel       = unknown
/bin/universe          = unknown

PATH: /usr/local/sbin
PATH: /usr/local/bin
PATH: /usr/sbin
PATH: /usr/bin
PATH: /sbin
PATH: /bin
PATH: /snap/bin


## ----------- ##
## Core tests. ##
## ----------- ##

configure:2508: checking for a BSD-compatible install
configure:2576: result: /usr/bin/install -c
configure:2587: checking whether build environment is sane
configure:2637: result: yes
configure:2778: checking for a thread-safe mkdir -p
configure:2817: result: /bin/mkdir -p
configure:2830: checking for gawk
configure:2860: result: no
configure:2830: checking for mawk
configure:2846: found /usr/bin/mawk
configure:2857: result: mawk
configure:2868: checking whether make sets $(MAKE)
configure:2890: result: yes
configure:3018: checking for gcc
configure:3034: found /usr/bin/gcc
configure:3045: result: gcc
configure:3274: checking for C compiler version
configure:3283: gcc --version >&5
gcc (Ubuntu 5.4.0-6ubuntu1~16.04.11) 5.4.0 20160609
Copyright (C) 2015 Free Software Foundation, Inc.
This is free software; see the source for copying conditions.  There is NO
warranty; not even for MERCHANTABILITY or FITNESS FOR A PARTICULAR PURPOSE.

configure:3294: $? = 0
configure:3283: gcc -v >&5
Using built-in specs.
COLLECT_GCC=gcc
COLLECT_LTO_WRAPPER=/usr/lib/gcc/x86_64-linux-gnu/5/lto-wrapper
Target: x86_64-linux-gnu
Configured with: ../src/configure -v --with-pkgversion='Ubuntu 5.4.0-6ubuntu1~16.04.11' --with-bugurl=file:///usr/share/doc/gcc-5/README.Bugs --enable-languages=c,ada,c++,java,go,d,fortran,objc,obj-c++ --prefix=/usr --program-suffix=-5 --enable-shared --enable-linker-build-id --libexecdir=/usr/lib --without-included-gettext --enable-threads=posix --libdir=/usr/lib --enable-nls --with-sysroot=/ --enable-clocale=gnu --enable-libstdcxx-debug --enable-libstdcxx-time=yes --with-default-libstdcxx-abi=new --enable-gnu-unique-object --disable-vtable-verify --enable-libmpx --enable-plugin --with-system-zlib --disable-browser-plugin --enable-java-awt=gtk --enable-gtk-cairo --with-java-home=/usr/lib/jvm/java-1.5.0-gcj-5-amd64/jre --enable-java-home --with-jvm-root-dir=/usr/lib/jvm/java-1.5.0-gcj-5-amd64 --with-jvm-jar-dir=/usr/lib/jvm-exports/java-1.5.0-gcj-5-amd64 --with-arch-directory=amd64 --with-ecj-jar=/usr/share/java/eclipse-ecj.jar --enable-objc-gc --enable-multiarch --disable-werror --with-arch-32=i686 --with-abi=m64 --with-multilib-list=m32,m64,mx32 --enable-multilib --with-tune=generic --enable-checking=release --build=x86_64-linux-gnu --host=x86_64-linux-gnu --target=x86_64-linux-gnu
Thread model: posix
gcc version 5.4.0 20160609 (Ubuntu 5.4.0-6ubuntu1~16.04.11) 
configure:3294: $? = 0
configure:3283: gcc -V >&5
gcc: error: unrecognized command line option '-V'
gcc: fatal error: no input files
compilation terminated.
configure:3294: $? = 1
configure:3283: gcc -qversion >&5
gcc: error: unrecognized command line option '-qversion'
gcc: fatal error: no input files
compilation terminated.
configure:3294: $? = 1
configure:3314: checking whether the C compiler works
configure:3336: gcc    conftest.c  >&5
configure:3340: $? = 0
configure:3388: result: yes
configure:3391: checking for C compiler default output file name
configure:3393: result: a.out
configure:3399: checking for suffix of executables
configure:3406: gcc -o conftest    conftest.c  >&5
configure:3410: $? = 0
configure:3432: result: 
configure:3454: checking whether we are cross compiling
configure:3462: gcc -o conftest    conftest.c  >&5
configure:3466: $? = 0
configure:3473: ./conftest
configure:3477: $? = 0
configure:3492: result: no
configure:3497: checking for suffix of object files
configure:3519: gcc -c   conftest.c >&5
configure:3523: $? = 0
configure:3544: result: o
configure:3548: checking whether we are using the GNU C compiler
configure:3567: gcc -c   conftest.c >&5
configure:3567: $? = 0
configure:3576: result: yes
configure:3585: checking whether gcc accepts -g
configure:3605: gcc -c -g  conftest.c >&5
configure:3605: $? = 0
configure:3646: result: yes
configure:3663: checking for gcc option to accept ISO C89
configure:3726: gcc  -c -g -O2  conftest.c >&5
configure:3726: $? = 0
configure:3739: result: none needed
configure:3770: checking for style of include used by make
configure:3798: result: GNU
configure:3823: checking dependency style of gcc
configure:3933: result: gcc3
configure:4008: checking for g++
configure:4024: found /usr/bin/g++
configure:4035: result: g++
configure:4062: checking for C++ compiler version
configure:4071: g++ --version >&5
g++ (Ubuntu 5.4.0-6ubuntu1~16.04.11) 5.4.0 20160609
Copyright (C) 2015 Free Software Foundation, Inc.
This is free software; see the source for copying conditions.  There is NO
warranty; not even for MERCHANTABILITY or FITNESS FOR A PARTICULAR PURPOSE.

configure:4082: $? = 0
configure:4071: g++ -v >&5
Using built-in specs.
COLLECT_GCC=g++
COLLECT_LTO_WRAPPER=/usr/lib/gcc/x86_64-linux-gnu/5/lto-wrapper
Target: x86_64-linux-gnu
Configured with: ../src/configure -v --with-pkgversion='Ubuntu 5.4.0-6ubuntu1~16.04.11' --with-bugurl=file:///usr/share/doc/gcc-5/README.Bugs --enable-languages=c,ada,c++,java,go,d,fortran,objc,obj-c++ --prefix=/usr --program-suffix=-5 --enable-shared --enable-linker-build-id --libexecdir=/usr/lib --without-included-gettext --enable-threads=posix --libdir=/usr/lib --enable-nls --with-sysroot=/ --enable-clocale=gnu --enable-libstdcxx-debug --enable-libstdcxx-time=yes --with-default-libstdcxx-abi=new --enable-gnu-unique-object --disable-vtable-verify --enable-libmpx --enable-plugin --with-system-zlib --disable-browser-plugin --enable-java-awt=gtk --enable-gtk-cairo --with-java-home=/usr/lib/jvm/java-1.5.0-gcj-5-amd64/jre --enable-java-home --with-jvm-root-dir=/usr/lib/jvm/java-1.5.0-gcj-5-amd64 --with-jvm-jar-dir=/usr/lib/jvm-exports/java-1.5.0-gcj-5-amd64 --with-arch-directory=amd64 --with-ecj-jar=/usr/share/java/eclipse-ecj.jar --enable-objc-gc --enable-multiarch --disable-werror --with-arch-32=i686 --with-abi=m64 --with-multilib-list=m32,m64,mx32 --enable-multilib --with-tune=generic --enable-checking=release --build=x86_64-linux-gnu --host=x86_64-linux-gnu --target=x86_64-linux-gnu
Thread model: posix
gcc version 5.4.0 20160609 (Ubuntu 5.4.0-6ubuntu1~16.04.11) 
configure:4082: $? = 0
configure:4071: g++ -V >&5
g++: error: unrecognized command line option '-V'
g++: fatal error: no input files
compilation terminated.
configure:4082: $? = 1
configure:4071: g++ -qversion >&5
g++: error: unrecognized command line option '-qversion'
g++: fatal error: no input files
compilation terminated.
configure:4082: $? = 1
configure:4086: checking whether we are using the GNU C++ compiler
configure:4105: g++ -c   conftest.cpp >&5
configure:4105: $? = 0
configure:4114: result: yes
configure:4123: checking whether g++ accepts -g
configure:4143: g++ -c -g  conftest.cpp >&5
configure:4143: $? = 0
configure:4184: result: yes
configure:4209: checking dependency style of g++
configure:4319: result: gcc3
configure:4378: checking for ranlib
configure:4394: found /usr/bin/ranlib
configure:4405: result: ranlib
configure:4487: checking build system type
configure:4501: result: x86_64-unknown-linux-gnu
configure:4521: checking host system type
configure:4534: result: x86_64-unknown-linux-gnu
configure:4554: checking for a sed that does not truncate output
configure:4618: result: /bin/sed
configure:4636: checking for grep that handles long lines and -e
configure:4694: result: /bin/grep
configure:4699: checking for egrep
configure:4761: result: /bin/grep -E
configure:4766: checking for fgrep
configure:4828: result: /bin/grep -F
configure:4863: checking for ld used by gcc
configure:4930: result: /usr/bin/ld
configure:4937: checking if the linker (/usr/bin/ld) is GNU ld
configure:4952: result: yes
configure:4964: checking for BSD- or MS-compatible name lister (nm)
configure:5013: result: /usr/bin/nm -B
configure:5131: checking the name lister (/usr/bin/nm -B) interface
configure:5138: gcc -c -g -O2  conftest.c >&5
configure:5141: /usr/bin/nm -B "conftest.o"
configure:5144: output
0000000000000000 B some_variable
configure:5151: result: BSD nm
configure:5154: checking whether ln -s works
configure:5158: result: yes
configure:5166: checking the maximum length of command line arguments
configure:5286: result: 1572864
configure:5303: checking whether the shell understands some XSI constructs
configure:5313: result: yes
configure:5317: checking whether the shell understands "+="
configure:5323: result: yes
configure:5358: checking for /usr/bin/ld option to reload object files
configure:5365: result: -r
configure:5434: checking for objdump
configure:5450: found /usr/bin/objdump
configure:5461: result: objdump
configure:5493: checking how to recognize dependent libraries
configure:5689: result: pass_all
configure:5749: checking for ar
configure:5765: found /usr/bin/ar
configure:5776: result: ar
configure:5854: checking for strip
configure:5870: found /usr/bin/strip
configure:5881: result: strip
configure:5953: checking for ranlib
configure:5980: result: ranlib
configure:6070: checking command to parse /usr/bin/nm -B output from gcc object
configure:6188: gcc -c -g -O2  conftest.c >&5
configure:6191: $? = 0
configure:6195: /usr/bin/nm -B conftest.o \| sed -n -e 's/^.*[	 ]\([ABCDGIRSTW][ABCDGIRSTW]*\)[	 ][	 ]*\([_A-Za-z][_A-Za-z0-9]*\)$/\1 \2 \2/p' \> conftest.nm
configure:6198: $? = 0
configure:6252: gcc -o conftest -g -O2   conftest.c conftstm.o >&5
configure:6255: $? = 0
configure:6293: result: ok
configure:6389: gcc -c -g -O2  conftest.c >&5
configure:6392: $? = 0
configure:7102: checking how to run the C preprocessor
configure:7133: gcc -E  conftest.c
configure:7133: $? = 0
configure:7147: gcc -E  conftest.c
conftest.c:11:28: fatal error: ac_nonexistent.h: No such file or directory
compilation terminated.
configure:7147: $? = 1
configure: failed program was:
| /* confdefs.h */
| #define PACKAGE_NAME ""
| #define PACKAGE_TARNAME ""
| #define PACKAGE_VERSION ""
| #define PACKAGE_STRING ""
| #define PACKAGE_BUGREPORT ""
| #define PACKAGE_URL ""
| #define PACKAGE "filib"
| #define VERSION "3.0.2"
| /* end confdefs.h.  */
| #include <ac_nonexistent.h>
configure:7172: result: gcc -E
configure:7192: gcc -E  conftest.c
configure:7192: $? = 0
configure:7206: gcc -E  conftest.c
conftest.c:11:28: fatal error: ac_nonexistent.h: No such file or directory
compilation terminated.
configure:7206: $? = 1
configure: failed program was:
| /* confdefs.h */
| #define PACKAGE_NAME ""
| #define PACKAGE_TARNAME ""
| #define PACKAGE_VERSION ""
| #define PACKAGE_STRING ""
| #define PACKAGE_BUGREPORT ""
| #define PACKAGE_URL ""
| #define PACKAGE "filib"
| #define VERSION "3.0.2"
| /* end confdefs.h.  */
| #include <ac_nonexistent.h>
configure:7235: checking for ANSI C header files
configure:7255: gcc -c -g -O2  conftest.c >&5
configure:7255: $? = 0
configure:7328: gcc -o conftest -g -O2   conftest.c  >&5
configure:7328: $? = 0
configure:7328: ./conftest
configure:7328: $? = 0
configure:7339: result: yes
configure:7352: checking for sys/types.h
configure:7352: gcc -c -g -O2  conftest.c >&5
configure:7352: $? = 0
configure:7352: result: yes
configure:7352: checking for sys/stat.h
configure:7352: gcc -c -g -O2  conftest.c >&5
configure:7352: $? = 0
configure:7352: result: yes
configure:7352: checking for stdlib.h
configure:7352: gcc -c -g -O2  conftest.c >&5
configure:7352: $? = 0
configure:7352: result: yes
configure:7352: checking for string.h
configure:7352: gcc -c -g -O2  conftest.c >&5
configure:7352: $? = 0
configure:7352: result: yes
configure:7352: checking for memory.h
configure:7352: gcc -c -g -O2  conftest.c >&5
configure:7352: $? = 0
configure:7352: result: yes
configure:7352: checking for strings.h
configure:7352: gcc -c -g -O2  conftest.c >&5
configure:7352: $? = 0
configure:7352: result: yes
configure:7352: checking for inttypes.h
configure:7352: gcc -c -g -O2  conftest.c >&5
configure:7352: $? = 0
configure:7352: result: yes
configure:7352: checking for stdint.h
configure:7352: gcc -c -g -O2  conftest.c >&5
configure:7352: $? = 0
configure:7352: result: yes
configure:7352: checking for unistd.h
configure:7352: gcc -c -g -O2  conftest.c >&5
configure:7352: $? = 0
configure:7352: result: yes
configure:7366: checking for dlfcn.h
configure:7366: gcc -c -g -O2  conftest.c >&5
configure:7366: $? = 0
configure:7366: result: yes
configure:7491: checking for C++ compiler version
configure:7500: g++ --version >&5
g++ (Ubuntu 5.4.0-6ubuntu1~16.04.11) 5.4.0 20160609
Copyright (C) 2015 Free Software Foundation, Inc.
This is free software; see the source for copying conditions.  There is NO
warranty; not even for MERCHANTABILITY or FITNESS FOR A PARTICULAR PURPOSE.

configure:7511: $? = 0
configure:7500: g++ -v >&5
Using built-in specs.
COLLECT_GCC=g++
COLLECT_LTO_WRAPPER=/usr/lib/gcc/x86_64-linux-gnu/5/lto-wrapper
Target: x86_64-linux-gnu
Configured with: ../src/configure -v --with-pkgversion='Ubuntu 5.4.0-6ubuntu1~16.04.11' --with-bugurl=file:///usr/share/doc/gcc-5/README.Bugs --enable-languages=c,ada,c++,java,go,d,fortran,objc,obj-c++ --prefix=/usr --program-suffix=-5 --enable-shared --enable-linker-build-id --libexecdir=/usr/lib --without-included-gettext --enable-threads=posix --libdir=/usr/lib --enable-nls --with-sysroot=/ --enable-clocale=gnu --enable-libstdcxx-debug --enable-libstdcxx-time=yes --with-default-libstdcxx-abi=new --enable-gnu-unique-object --disable-vtable-verify --enable-libmpx --enable-plugin --with-system-zlib --disable-browser-plugin --enable-java-awt=gtk --enable-gtk-cairo --with-java-home=/usr/lib/jvm/java-1.5.0-gcj-5-amd64/jre --enable-java-home --with-jvm-root-dir=/usr/lib/jvm/java-1.5.0-gcj-5-amd64 --with-jvm-jar-dir=/usr/lib/jvm-exports/java-1.5.0-gcj-5-amd64 --with-arch-directory=amd64 --with-ecj-jar=/usr/share/java/eclipse-ecj.jar --enable-objc-gc --enable-multiarch --disable-werror --with-arch-32=i686 --with-abi=m64 --with-multilib-list=m32,m64,mx32 --enable-multilib --with-tune=generic --enable-checking=release --build=x86_64-linux-gnu --host=x86_64-linux-gnu --target=x86_64-linux-gnu
Thread model: posix
gcc version 5.4.0 20160609 (Ubuntu 5.4.0-6ubuntu1~16.04.11) 
configure:7511: $? = 0
configure:7500: g++ -V >&5
g++: error: unrecognized command line option '-V'
g++: fatal error: no input files
compilation terminated.
configure:7511: $? = 1
configure:7500: g++ -qversion >&5
g++: error: unrecognized command line option '-qversion'
g++: fatal error: no input files
compilation terminated.
configure:7511: $? = 1
configure:7515: checking whether we are using the GNU C++ compiler
configure:7543: result: yes
configure:7552: checking whether g++ accepts -g
configure:7613: result: yes
configure:7638: checking dependency style of g++
configure:7748: result: gcc3
configure:7771: checking how to run the C++ preprocessor
configure:7798: g++ -E  conftest.cpp
configure:7798: $? = 0
configure:7812: g++ -E  conftest.cpp
conftest.cpp:22:28: fatal error: ac_nonexistent.h: No such file or directory
compilation terminated.
configure:7812: $? = 1
configure: failed program was:
| /* confdefs.h */
| #define PACKAGE_NAME ""
| #define PACKAGE_TARNAME ""
| #define PACKAGE_VERSION ""
| #define PACKAGE_STRING ""
| #define PACKAGE_BUGREPORT ""
| #define PACKAGE_URL ""
| #define PACKAGE "filib"
| #define VERSION "3.0.2"
| #define STDC_HEADERS 1
| #define HAVE_SYS_TYPES_H 1
| #define HAVE_SYS_STAT_H 1
| #define HAVE_STDLIB_H 1
| #define HAVE_STRING_H 1
| #define HAVE_MEMORY_H 1
| #define HAVE_STRINGS_H 1
| #define HAVE_INTTYPES_H 1
| #define HAVE_STDINT_H 1
| #define HAVE_UNISTD_H 1
| #define HAVE_DLFCN_H 1
| /* end confdefs.h.  */
| #include <ac_nonexistent.h>
configure:7837: result: g++ -E
configure:7857: g++ -E  conftest.cpp
configure:7857: $? = 0
configure:7871: g++ -E  conftest.cpp
conftest.cpp:22:28: fatal error: ac_nonexistent.h: No such file or directory
compilation terminated.
configure:7871: $? = 1
configure: failed program was:
| /* confdefs.h */
| #define PACKAGE_NAME ""
| #define PACKAGE_TARNAME ""
| #define PACKAGE_VERSION ""
| #define PACKAGE_STRING ""
| #define PACKAGE_BUGREPORT ""
| #define PACKAGE_URL ""
| #define PACKAGE "filib"
| #define VERSION "3.0.2"
| #define STDC_HEADERS 1
| #define HAVE_SYS_TYPES_H 1
| #define HAVE_SYS_STAT_H 1
| #define HAVE_STDLIB_H 1
| #define HAVE_STRING_H 1
| #define HAVE_MEMORY_H 1
| #define HAVE_STRINGS_H 1
| #define HAVE_INTTYPES_H 1
| #define HAVE_STDINT_H 1
| #define HAVE_UNISTD_H 1
| #define HAVE_DLFCN_H 1
| /* end confdefs.h.  */
| #include <ac_nonexistent.h>
configure:8047: checking for objdir
configure:8062: result: .libs
configure:8354: checking if gcc supports -fno-rtti -fno-exceptions
configure:8372: gcc -c -g -O2  -fno-rtti -fno-exceptions conftest.c >&5
cc1: warning: command line option '-fno-rtti' is valid for C++/ObjC++ but not for C
configure:8376: $? = 0
configure:8389: result: no
configure:8409: checking for gcc option to produce PIC
configure:8681: result: -fPIC -DPIC
configure:8693: checking if gcc PIC flag -fPIC -DPIC works
configure:8711: gcc -c -g -O2  -fPIC -DPIC -DPIC conftest.c >&5
configure:8715: $? = 0
configure:8728: result: yes
configure:8752: checking if gcc static flag -static works
configure:8780: result: yes
configure:8795: checking if gcc supports -c -o file.o
configure:8816: gcc -c -g -O2  -o out/conftest2.o conftest.c >&5
configure:8820: $? = 0
configure:8842: result: yes
configure:8850: checking if gcc supports -c -o file.o
configure:8897: result: yes
configure:8930: checking whether the gcc linker (/usr/bin/ld -m elf_x86_64) supports shared libraries
configure:9921: result: yes
configure:10160: checking dynamic linker characteristics
configure:10593: gcc -o conftest -g -O2   -Wl,-rpath -Wl,/foo conftest.c  >&5
configure:10593: $? = 0
configure:10823: result: GNU/Linux ld.so
configure:10925: checking how to hardcode library paths into programs
configure:10950: result: immediate
configure:11470: checking whether stripping libraries is possible
configure:11475: result: yes
configure:11510: checking if libtool supports shared libraries
configure:11512: result: yes
configure:11515: checking whether to build shared libraries
configure:11536: result: no
configure:11539: checking whether to build static libraries
configure:11543: result: yes
configure:11693: checking for ld used by g++
configure:11760: result: /usr/bin/ld -m elf_x86_64
configure:11767: checking if the linker (/usr/bin/ld -m elf_x86_64) is GNU ld
configure:11782: result: yes
configure:11837: checking whether the g++ linker (/usr/bin/ld -m elf_x86_64) supports shared libraries
configure:12750: result: yes
configure:12778: g++ -c   conftest.cpp >&5
configure:12781: $? = 0
configure:12963: checking for g++ option to produce PIC
configure:13280: result: -fPIC -DPIC
configure:13289: checking if g++ PIC flag -fPIC -DPIC works
configure:13307: g++ -c   -fPIC -DPIC -DPIC conftest.cpp >&5
configure:13311: $? = 0
configure:13324: result: yes
configure:13345: checking if g++ static flag -static works
configure:13373: result: yes
configure:13385: checking if g++ supports -c -o file.o
configure:13406: g++ -c   -o out/conftest2.o conftest.cpp >&5
configure:13410: $? = 0
configure:13432: result: yes
configure:13437: checking if g++ supports -c -o file.o
configure:13484: result: yes
configure:13514: checking whether the g++ linker (/usr/bin/ld -m elf_x86_64) supports shared libraries
configure:13543: result: yes
configure:13680: checking dynamic linker characteristics
configure:14061: g++ -o conftest    -Wl,-rpath -Wl,/foo conftest.cpp  >&5
configure:14061: $? = 0
configure:14291: result: GNU/Linux ld.so
configure:14342: checking how to hardcode library paths into programs
configure:14367: result: immediate
configure:14425: checking for ANSI C header files
configure:14529: result: yes
configure:14539: checking for sys/types.h
configure:14539: result: yes
configure:14566: checking for floating point architecture
configure:14579: result: SSE
configure:14637: checking whether gcc accepts -frounding-math
configure:14643: g++ -o conftest  -frounding-math   conftest.cpp  >&5
configure:14643: $? = 0
configure:14651: result: yes
configure:14657: checking whether gcc accepts -ffloat-store
configure:14663: g++ -o conftest  -frounding-math -ffloat-store   conftest.cpp  >&5
configure:14663: $? = 0
configure:14671: result: yes
configure:14692: checking whether the boost random library is installed
configure:14701: g++ -o conftest  -frounding-math   conftest.cpp  >&5
conftest.cpp:26:28: fatal error: boost/random.hpp: No such file or directory
compilation terminated.
configure:14701: $? = 1
configure: failed program was:
| /* confdefs.h */
| #define PACKAGE_NAME ""
| #define PACKAGE_TARNAME ""
| #define PACKAGE_VERSION ""
| #define PACKAGE_STRING ""
| #define PACKAGE_BUGREPORT ""
| #define PACKAGE_URL ""
| #define PACKAGE "filib"
| #define VERSION "3.0.2"
| #define STDC_HEADERS 1
| #define HAVE_SYS_TYPES_H 1
| #define HAVE_SYS_STAT_H 1
| #define HAVE_STDLIB_H 1
| #define HAVE_STRING_H 1
| #define HAVE_MEMORY_H 1
| #define HAVE_STRINGS_H 1
| #define HAVE_INTTYPES_H 1
| #define HAVE_STDINT_H 1
| #define HAVE_UNISTD_H 1
| #define HAVE_DLFCN_H 1
| #define LT_OBJDIR ".libs/"
| #define STDC_HEADERS 1
| #define HAVE_SYS_TYPES_H 1
| #define FILIB_EXTENDED /**/
| /* end confdefs.h.  */
| #include <boost/random.hpp>
| int main() {
| 
| }
configure:14709: result: no
configure:14867: creating ./config.status

## ---------------------- ##
## Running config.status. ##
## ---------------------- ##

This file was extended by config.status, which was
generated by GNU Autoconf 2.69.  Invocation command line was

  CONFIG_FILES    = 
  CONFIG_HEADERS  = 
  CONFIG_LINKS    = 
  CONFIG_COMMANDS = 
  $ ./config.status --quiet

on alexandre

config.status:1129: creating Makefile
config.status:1129: creating libprim/Makefile
config.status:1129: creating rounding_control/rounding_control_config.hpp
config.status:1129: creating config.h
config.status:1358: executing depfiles commands
config.status:1358: executing libtool commands

## ---------------- ##
## Cache variables. ##
## ---------------- ##

ac_cv_build=x86_64-unknown-linux-gnu
ac_cv_c_compiler_gnu=yes
ac_cv_cxx_compiler_gnu=yes
ac_cv_env_CCC_set=
ac_cv_env_CCC_value=
ac_cv_env_CC_set=
ac_cv_env_CC_value=
ac_cv_env_CFLAGS_set=
ac_cv_env_CFLAGS_value=
ac_cv_env_CPPFLAGS_set=
ac_cv_env_CPPFLAGS_value=
ac_cv_env_CPP_set=
ac_cv_env_CPP_value=
ac_cv_env_CXXCPP_set=
ac_cv_env_CXXCPP_value=
ac_cv_env_CXXFLAGS_set=
ac_cv_env_CXXFLAGS_value=
ac_cv_env_CXX_set=
ac_cv_env_CXX_value=
ac_cv_env_LDFLAGS_set=
ac_cv_env_LDFLAGS_value=
ac_cv_env_LIBS_set=
ac_cv_env_LIBS_value=
ac_cv_env_build_alias_set=
ac_cv_env_build_alias_value=
ac_cv_env_host_alias_set=
ac_cv_env_host_alias_value=
ac_cv_env_target_alias_set=
ac_cv_env_target_alias_value=
ac_cv_header_dlfcn_h=yes
ac_cv_header_inttypes_h=yes
ac_cv_header_memory_h=yes
ac_cv_header_stdc=yes
ac_cv_header_stdint_h=yes
ac_cv_header_stdlib_h=yes
ac_cv_header_string_h=yes
ac_cv_header_strings_h=yes
ac_cv_header_sys_stat_h=yes
ac_cv_header_sys_types_h=yes
ac_cv_header_unistd_h=yes
ac_cv_host=x86_64-unknown-linux-gnu
ac_cv_objext=o
ac_cv_path_EGREP='/bin/grep -E'
ac_cv_path_FGREP='/bin/grep -F'
ac_cv_path_GREP=/bin/grep
ac_cv_path_SED=/bin/sed
ac_cv_path_install='/usr/bin/install -c'
ac_cv_path_mkdir=/bin/mkdir
ac_cv_prog_AWK=mawk
ac_cv_prog_CPP='gcc -E'
ac_cv_prog_CXXCPP='g++ -E'
ac_cv_prog_ac_ct_AR=ar
ac_cv_prog_ac_ct_CC=gcc
ac_cv_prog_ac_ct_CXX=g++
ac_cv_prog_ac_ct_OBJDUMP=objdump
ac_cv_prog_ac_ct_RANLIB=ranlib
ac_cv_prog_ac_ct_STRIP=strip
ac_cv_prog_cc_c89=
ac_cv_prog_cc_g=yes
ac_cv_prog_cxx_g=yes
ac_cv_prog_make_make_set=yes
am_cv_CC_dependencies_compiler_type=gcc3
am_cv_CXX_dependencies_compiler_type=gcc3
lt_cv_deplibs_check_method=pass_all
lt_cv_file_magic_cmd='$MAGIC_CMD'
lt_cv_file_magic_test_file=
lt_cv_ld_reload_flag=-r
lt_cv_nm_interface='BSD nm'
lt_cv_objdir=.libs
lt_cv_path_LD=/usr/bin/ld
lt_cv_path_LDCXX='/usr/bin/ld -m elf_x86_64'
lt_cv_path_NM='/usr/bin/nm -B'
lt_cv_prog_compiler_c_o=yes
lt_cv_prog_compiler_c_o_CXX=yes
lt_cv_prog_compiler_pic_works=yes
lt_cv_prog_compiler_pic_works_CXX=yes
lt_cv_prog_compiler_rtti_exceptions=no
lt_cv_prog_compiler_static_works=yes
lt_cv_prog_compiler_static_works_CXX=yes
lt_cv_prog_gnu_ld=yes
lt_cv_prog_gnu_ldcxx=yes
lt_cv_sys_global_symbol_pipe='sed -n -e '\''s/^.*[	 ]\([ABCDGIRSTW][ABCDGIRSTW]*\)[	 ][	 ]*\([_A-Za-z][_A-Za-z0-9]*\)$/\1 \2 \2/p'\'''
lt_cv_sys_global_symbol_to_c_name_address='sed -n -e '\''s/^: \([^ ]*\) $/  {\"\1\", (void *) 0},/p'\'' -e '\''s/^[ABCDGIRSTW]* \([^ ]*\) \([^ ]*\)$/  {"\2", (void *) \&\2},/p'\'''
lt_cv_sys_global_symbol_to_c_name_address_lib_prefix='sed -n -e '\''s/^: \([^ ]*\) $/  {\"\1\", (void *) 0},/p'\'' -e '\''s/^[ABCDGIRSTW]* \([^ ]*\) \(lib[^ ]*\)$/  {"\2", (void *) \&\2},/p'\'' -e '\''s/^[ABCDGIRSTW]* \([^ ]*\) \([^ ]*\)$/  {"lib\2", (void *) \&\2},/p'\'''
lt_cv_sys_global_symbol_to_cdecl='sed -n -e '\''s/^T .* \(.*\)$/extern int \1();/p'\'' -e '\''s/^[ABCDGIRSTW]* .* \(.*\)$/extern char \1;/p'\'''
lt_cv_sys_max_cmd_len=1572864

## ----------------- ##
## Output variables. ##
## ----------------- ##

ACLOCAL='${SHELL} /home/alexandre/ws/these/ibex-lib/3rd/filibsrc/missing --run aclocal-1.11'
AMDEPBACKSLASH='\'
AMDEP_FALSE='#'
AMDEP_TRUE=''
AMTAR='${SHELL} /home/alexandre/ws/these/ibex-lib/3rd/filibsrc/missing --run tar'
AR='ar'
AUTOCONF='${SHELL} /home/alexandre/ws/these/ibex-lib/3rd/filibsrc/missing --run autoconf'
AUTOHEADER='${SHELL} /home/alexandre/ws/these/ibex-lib/3rd/filibsrc/missing --run autoheader'
AUTOMAKE='${SHELL} /home/alexandre/ws/these/ibex-lib/3rd/filibsrc/missing --run automake-1.11'
AWK='mawk'
CC='gcc'
CCDEPMODE='depmode=gcc3'
CFLAGS='-g -O2'
CPP='gcc -E'
CPPFLAGS=''
CXX='g++'
CXXCPP='g++ -E'
CXXDEPMODE='depmode=gcc3'
CXXFLAGS=' -frounding-math'
CYGPATH_W='echo'
DEFS='-DHAVE_CONFIG_H'
DEPDIR='.deps'
DSYMUTIL=''
DUMPBIN=''
ECHO_C=''
ECHO_N='-n'
ECHO_T=''
EGREP='/bin/grep -E'
EXEEXT=''
FGREP='/bin/grep -F'
GREP='/bin/grep'
INSTALL_DATA='${INSTALL} -m 644'
INSTALL_PROGRAM='${INSTALL}'
INSTALL_SCRIPT='${INSTALL}'
INSTALL_STRIP_PROGRAM='$(install_sh) -c -s'
LD='/usr/bin/ld -m elf_x86_64'
LDFLAGS=''
LIBOBJS=''
LIBS=''
LIBTOOL='$(SHELL) $(top_builddir)/libtool'
LIPO=''
LN_S='ln -s'
LTLIBOBJS=''
MAKEINFO='${SHELL} /home/alexandre/ws/these/ibex-lib/3rd/filibsrc/missing --run makeinfo'
MKDIR_P='/bin/mkdir -p'
NM='/usr/bin/nm -B'
NMEDIT=''
OBJDUMP='objdump'
OBJEXT='o'
OTOOL64=''
OTOOL=''
PACKAGE='filib'
PACKAGE_BUGREPORT=''
PACKAGE_NAME=''
PACKAGE_STRING=''
PACKAGE_TARNAME=''
PACKAGE_URL=''
PACKAGE_VERSION=''
PATH_SEPARATOR=':'
RANLIB='ranlib'
SED='/bin/sed'
SET_MAKE=''
SHELL='/bin/bash'
STRIP='strip'
VERSION='3.0.2'
ac_ct_CC='gcc'
ac_ct_CXX='g++'
ac_ct_DUMPBIN=''
am__EXEEXT_FALSE=''
am__EXEEXT_TRUE='#'
am__fastdepCC_FALSE='#'
am__fastdepCC_TRUE=''
am__fastdepCXX_FALSE='#'
am__fastdepCXX_TRUE=''
am__include='include'
am__isrc=''
am__leading_dot='.'
am__quote=''
am__tar='${AMTAR} chof - "$$tardir"'
am__untar='${AMTAR} xf -'
benchmark_subdir=''
bindir='${exec_prefix}/bin'
build='x86_64-unknown-linux-gnu'
build_alias=''
build_cpu='x86_64'
build_os='linux-gnu'
build_vendor='unknown'
datadir='${datarootdir}'
datarootdir='${prefix}/share'
define_have_sse='#define HAVE_SSE'
define_have_x87='// #define HAVE_X87'
docdir='${datarootdir}/doc/${PACKAGE}'
dvidir='${docdir}'
exec_prefix='${prefix}'
host='x86_64-unknown-linux-gnu'
host_alias=''
host_cpu='x86_64'
host_os='linux-gnu'
host_vendor='unknown'
htmldir='${docdir}'
includedir='${prefix}/include'
infodir='${datarootdir}/info'
install_sh='${SHELL} /home/alexandre/ws/these/ibex-lib/3rd/filibsrc/install-sh'
libdir='${exec_prefix}/lib'
libexecdir='${exec_prefix}/libexec'
localedir='${datarootdir}/locale'
localstatedir='${prefix}/var'
lt_ECHO='echo'
mandir='${datarootdir}/man'
mkdir_p='/bin/mkdir -p'
oldincludedir='/usr/include'
pdfdir='${docdir}'
prefix='/usr/local'
program_transform_name='s,x,x,'
psdir='${docdir}'
sbindir='${exec_prefix}/sbin'
sharedstatedir='${prefix}/com'
sysconfdir='${prefix}/etc'
target_alias=''

## ----------- ##
## confdefs.h. ##
## ----------- ##

/* confdefs.h */
#define PACKAGE_NAME ""
#define PACKAGE_TARNAME ""
#define PACKAGE_VERSION ""
#define PACKAGE_STRING ""
#define PACKAGE_BUGREPORT ""
#define PACKAGE_URL ""
#define PACKAGE "filib"
#define VERSION "3.0.2"
#define STDC_HEADERS 1
#define HAVE_SYS_TYPES_H 1
#define HAVE_SYS_STAT_H 1
#define HAVE_STDLIB_H 1
#define HAVE_STRING_H 1
#define HAVE_MEMORY_H 1
#define HAVE_STRINGS_H 1
#define HAVE_INTTYPES_H 1
#define HAVE_STDINT_H 1
#define HAVE_UNISTD_H 1
#define HAVE_DLFCN_H 1
#define LT_OBJDIR ".libs/"
#define STDC_HEADERS 1
#define HAVE_SYS_TYPES_H 1
#define FILIB_EXTENDED /**/

configure: exit 0
