This file contains any messages produced by compilers while
running configure, to aid debugging if configure makes a mistake.

It was created by Clp configure 1.15.6, which was
generated by GNU Autoconf 2.59.  Invocation command line was

  $ ./configure --quiet --disable-zlib --disable-bzlib --prefix=/usr/local

## --------- ##
## Platform. ##
## --------- ##

hostname = alexandre
uname -m = x86_64
uname -r = 4.15.0-29-generic
uname -s = Linux
uname -v = #31~16.04.1-Ubuntu SMP Wed Jul 18 08:54:04 UTC 2018

/usr/bin/uname -p = unknown
/bin/uname -X     = unknown

/bin/arch              = unknown
/usr/bin/arch -k       = unknown
/usr/convex/getsysinfo = unknown
hostinfo               = unknown
/bin/machine           = unknown
/usr/bin/oslevel       = unknown
/bin/universe          = unknown

PATH: /usr/local/sbin
PATH: /usr/local/bin
PATH: /usr/sbin
PATH: /usr/bin
PATH: /sbin
PATH: /bin
PATH: /snap/bin


## ----------- ##
## Core tests. ##
## ----------- ##

configure:1712: checking build system type
configure:1730: result: x86_64-unknown-linux-gnu
configure:1741: checking whether we want to compile in debug mode
configure:1770: result: no
configure:2000: checking for gcc
configure:2016: found /usr/bin/gcc
configure:2026: result: gcc
configure:2047: checking for C compiler version
configure:2050: gcc --version </dev/null >&5
gcc (Ubuntu 5.4.0-6ubuntu1~16.04.11) 5.4.0 20160609
Copyright (C) 2015 Free Software Foundation, Inc.
This is free software; see the source for copying conditions.  There is NO
warranty; not even for MERCHANTABILITY or FITNESS FOR A PARTICULAR PURPOSE.

configure:2053: $? = 0
configure:2055: gcc -v </dev/null >&5
Using built-in specs.
COLLECT_GCC=gcc
COLLECT_LTO_WRAPPER=/usr/lib/gcc/x86_64-linux-gnu/5/lto-wrapper
Target: x86_64-linux-gnu
Configured with: ../src/configure -v --with-pkgversion='Ubuntu 5.4.0-6ubuntu1~16.04.11' --with-bugurl=file:///usr/share/doc/gcc-5/README.Bugs --enable-languages=c,ada,c++,java,go,d,fortran,objc,obj-c++ --prefix=/usr --program-suffix=-5 --enable-shared --enable-linker-build-id --libexecdir=/usr/lib --without-included-gettext --enable-threads=posix --libdir=/usr/lib --enable-nls --with-sysroot=/ --enable-clocale=gnu --enable-libstdcxx-debug --enable-libstdcxx-time=yes --with-default-libstdcxx-abi=new --enable-gnu-unique-object --disable-vtable-verify --enable-libmpx --enable-plugin --with-system-zlib --disable-browser-plugin --enable-java-awt=gtk --enable-gtk-cairo --with-java-home=/usr/lib/jvm/java-1.5.0-gcj-5-amd64/jre --enable-java-home --with-jvm-root-dir=/usr/lib/jvm/java-1.5.0-gcj-5-amd64 --with-jvm-jar-dir=/usr/lib/jvm-exports/java-1.5.0-gcj-5-amd64 --with-arch-directory=amd64 --with-ecj-jar=/usr/share/java/eclipse-ecj.jar --enable-objc-gc --enable-multiarch --disable-werror --with-arch-32=i686 --with-abi=m64 --with-multilib-list=m32,m64,mx32 --enable-multilib --with-tune=generic --enable-checking=release --build=x86_64-linux-gnu --host=x86_64-linux-gnu --target=x86_64-linux-gnu
Thread model: posix
gcc version 5.4.0 20160609 (Ubuntu 5.4.0-6ubuntu1~16.04.11) 
configure:2058: $? = 0
configure:2060: gcc -V </dev/null >&5
gcc: error: unrecognized command line option '-V'
gcc: fatal error: no input files
compilation terminated.
configure:2063: $? = 1
configure:2086: checking for C compiler default output file name
configure:2089: gcc    conftest.c  >&5
configure:2092: $? = 0
configure:2138: result: a.out
configure:2143: checking whether the C compiler works
configure:2149: ./a.out
configure:2152: $? = 0
configure:2169: result: yes
configure:2176: checking whether we are cross compiling
configure:2178: result: no
configure:2181: checking for suffix of executables
configure:2183: gcc -o conftest    conftest.c  >&5
configure:2186: $? = 0
configure:2211: result: 
configure:2217: checking for suffix of object files
configure:2238: gcc -c   conftest.c >&5
configure:2241: $? = 0
configure:2263: result: o
configure:2267: checking whether we are using the GNU C compiler
configure:2291: gcc -c   conftest.c >&5
configure:2297: $? = 0
configure:2301: test -z 
			 || test ! -s conftest.err
configure:2304: $? = 0
configure:2307: test -s conftest.o
configure:2310: $? = 0
configure:2323: result: yes
configure:2329: checking whether gcc accepts -g
configure:2350: gcc -c -g  conftest.c >&5
configure:2356: $? = 0
configure:2360: test -z 
			 || test ! -s conftest.err
configure:2363: $? = 0
configure:2366: test -s conftest.o
configure:2369: $? = 0
configure:2380: result: yes
configure:2397: checking for gcc option to accept ANSI C
configure:2467: gcc  -c -g -O2  conftest.c >&5
configure:2473: $? = 0
configure:2477: test -z 
			 || test ! -s conftest.err
configure:2480: $? = 0
configure:2483: test -s conftest.o
configure:2486: $? = 0
configure:2504: result: none needed
configure:2522: gcc -c -g -O2  conftest.c >&5
conftest.c:2:3: error: unknown type name 'choke'
   choke me
   ^
conftest.c:2:3: error: expected '=', ',', ';', 'asm' or '__attribute__' at end of input
configure:2528: $? = 1
configure: failed program was:
| #ifndef __cplusplus
|   choke me
| #endif
configure:2956: gcc -o conftest -O3 -pipe -DNDEBUG -pedantic-errors -Wimplicit -Wparentheses -Wsequence-point -Wreturn-type -Wcast-qual -Wall -Wno-unknown-pragmas -Wno-long-long     conftest.c  >&5
configure:2962: $? = 0
configure:2966: test -z 
			 || test ! -s conftest.err
configure:2969: $? = 0
configure:2972: test -s conftest
configure:2975: $? = 0
configure:3042: C compiler options are: -O3 -pipe -DNDEBUG -pedantic-errors -Wimplicit -Wparentheses -Wsequence-point -Wreturn-type -Wcast-qual -Wall -Wno-unknown-pragmas -Wno-long-long  
configure:3172: checking for g++
configure:3188: found /usr/bin/g++
configure:3198: result: g++
configure:3214: checking for C++ compiler version
configure:3217: g++ --version </dev/null >&5
g++ (Ubuntu 5.4.0-6ubuntu1~16.04.11) 5.4.0 20160609
Copyright (C) 2015 Free Software Foundation, Inc.
This is free software; see the source for copying conditions.  There is NO
warranty; not even for MERCHANTABILITY or FITNESS FOR A PARTICULAR PURPOSE.

configure:3220: $? = 0
configure:3222: g++ -v </dev/null >&5
Using built-in specs.
COLLECT_GCC=g++
COLLECT_LTO_WRAPPER=/usr/lib/gcc/x86_64-linux-gnu/5/lto-wrapper
Target: x86_64-linux-gnu
Configured with: ../src/configure -v --with-pkgversion='Ubuntu 5.4.0-6ubuntu1~16.04.11' --with-bugurl=file:///usr/share/doc/gcc-5/README.Bugs --enable-languages=c,ada,c++,java,go,d,fortran,objc,obj-c++ --prefix=/usr --program-suffix=-5 --enable-shared --enable-linker-build-id --libexecdir=/usr/lib --without-included-gettext --enable-threads=posix --libdir=/usr/lib --enable-nls --with-sysroot=/ --enable-clocale=gnu --enable-libstdcxx-debug --enable-libstdcxx-time=yes --with-default-libstdcxx-abi=new --enable-gnu-unique-object --disable-vtable-verify --enable-libmpx --enable-plugin --with-system-zlib --disable-browser-plugin --enable-java-awt=gtk --enable-gtk-cairo --with-java-home=/usr/lib/jvm/java-1.5.0-gcj-5-amd64/jre --enable-java-home --with-jvm-root-dir=/usr/lib/jvm/java-1.5.0-gcj-5-amd64 --with-jvm-jar-dir=/usr/lib/jvm-exports/java-1.5.0-gcj-5-amd64 --with-arch-directory=amd64 --with-ecj-jar=/usr/share/java/eclipse-ecj.jar --enable-objc-gc --enable-multiarch --disable-werror --with-arch-32=i686 --with-abi=m64 --with-multilib-list=m32,m64,mx32 --enable-multilib --with-tune=generic --enable-checking=release --build=x86_64-linux-gnu --host=x86_64-linux-gnu --target=x86_64-linux-gnu
Thread model: posix
gcc version 5.4.0 20160609 (Ubuntu 5.4.0-6ubuntu1~16.04.11) 
configure:3225: $? = 0
configure:3227: g++ -V </dev/null >&5
g++: error: unrecognized command line option '-V'
g++: fatal error: no input files
compilation terminated.
configure:3230: $? = 1
configure:3233: checking whether we are using the GNU C++ compiler
configure:3257: g++ -c   conftest.cc >&5
configure:3263: $? = 0
configure:3267: test -z 
			 || test ! -s conftest.err
configure:3270: $? = 0
configure:3273: test -s conftest.o
configure:3276: $? = 0
configure:3289: result: yes
configure:3295: checking whether g++ accepts -g
configure:3316: g++ -c -g  conftest.cc >&5
configure:3322: $? = 0
configure:3326: test -z 
			 || test ! -s conftest.err
configure:3329: $? = 0
configure:3332: test -s conftest.o
configure:3335: $? = 0
configure:3346: result: yes
configure:3388: g++ -c -g -O2  conftest.cc >&5
configure:3394: $? = 0
configure:3398: test -z 
			 || test ! -s conftest.err
configure:3401: $? = 0
configure:3404: test -s conftest.o
configure:3407: $? = 0
configure:3433: g++ -c -g -O2  conftest.cc >&5
conftest.cc: In function 'int main()':
conftest.cc:13:9: error: 'exit' was not declared in this scope
 exit (42);
         ^
configure:3439: $? = 1
configure: failed program was:
| /* confdefs.h.  */
| 
| #define PACKAGE_NAME "Clp"
| #define PACKAGE_TARNAME "clp"
| #define PACKAGE_VERSION "1.15.6"
| #define PACKAGE_STRING "Clp 1.15.6"
| #define PACKAGE_BUGREPORT "coin-clp@lists.coin-or.org"
| /* end confdefs.h.  */
| 
| int
| main ()
| {
| exit (42);
|   ;
|   return 0;
| }
configure:3388: g++ -c -g -O2  conftest.cc >&5
conftest.cc:9:40: error: 'void std::exit(int)' should have been declared inside 'std'
 extern "C" void std::exit (int) throw (); using std::exit;
                                        ^
configure:3394: $? = 1
configure: failed program was:
| /* confdefs.h.  */
| 
| #define PACKAGE_NAME "Clp"
| #define PACKAGE_TARNAME "clp"
| #define PACKAGE_VERSION "1.15.6"
| #define PACKAGE_STRING "Clp 1.15.6"
| #define PACKAGE_BUGREPORT "coin-clp@lists.coin-or.org"
| /* end confdefs.h.  */
| extern "C" void std::exit (int) throw (); using std::exit;
| #include <stdlib.h>
| int
| main ()
| {
| exit (42);
|   ;
|   return 0;
| }
configure:3388: g++ -c -g -O2  conftest.cc >&5
conftest.cc:9:31: error: 'void std::exit(int)' should have been declared inside 'std'
 extern "C" void std::exit (int); using std::exit;
                               ^
In file included from conftest.cc:10:0:
/usr/include/stdlib.h:543:70: error: declaration of 'void std::exit(int) throw ()' has a different exception specifier
 extern void exit (int __status) __THROW __attribute__ ((__noreturn__));
                                                                      ^
conftest.cc:9:17: error: from previous declaration 'void std::exit(int)'
 extern "C" void std::exit (int); using std::exit;
                 ^
configure:3394: $? = 1
configure: failed program was:
| /* confdefs.h.  */
| 
| #define PACKAGE_NAME "Clp"
| #define PACKAGE_TARNAME "clp"
| #define PACKAGE_VERSION "1.15.6"
| #define PACKAGE_STRING "Clp 1.15.6"
| #define PACKAGE_BUGREPORT "coin-clp@lists.coin-or.org"
| /* end confdefs.h.  */
| extern "C" void std::exit (int); using std::exit;
| #include <stdlib.h>
| int
| main ()
| {
| exit (42);
|   ;
|   return 0;
| }
configure:3388: g++ -c -g -O2  conftest.cc >&5
configure:3394: $? = 0
configure:3398: test -z 
			 || test ! -s conftest.err
configure:3401: $? = 0
configure:3404: test -s conftest.o
configure:3407: $? = 0
configure:3433: g++ -c -g -O2  conftest.cc >&5
configure:3439: $? = 0
configure:3443: test -z 
			 || test ! -s conftest.err
configure:3446: $? = 0
configure:3449: test -s conftest.o
configure:3452: $? = 0
configure:3484: checking whether C++ compiler g++ works
configure:3502: g++ -c -g -O2  conftest.cc >&5
configure:3508: $? = 0
configure:3512: test -z 
			 || test ! -s conftest.err
configure:3515: $? = 0
configure:3518: test -s conftest.o
configure:3521: $? = 0
configure:3523: result: yes
configure:3851: g++ -o conftest -O3 -pipe -DNDEBUG -pedantic-errors -Wparentheses -Wreturn-type -Wcast-qual -Wall -Wpointer-arith -Wwrite-strings -Wconversion -Wno-unknown-pragmas -Wno-long-long     conftest.cc  >&5
configure:3857: $? = 0
configure:3861: test -z 
			 || test ! -s conftest.err
configure:3864: $? = 0
configure:3867: test -s conftest
configure:3870: $? = 0
configure:3937: C++ compiler options are: -O3 -pipe -DNDEBUG -pedantic-errors -Wparentheses -Wreturn-type -Wcast-qual -Wall -Wpointer-arith -Wwrite-strings -Wconversion -Wno-unknown-pragmas -Wno-long-long  
configure:4022: Trying to determine Fortran compiler name
configure:4071: checking for gfortran
configure:4100: result: no
configure:4071: checking for ifort
configure:4100: result: no
configure:4071: checking for g95
configure:4100: result: no
configure:4071: checking for fort77
configure:4100: result: no
configure:4071: checking for f77
configure:4100: result: no
configure:4071: checking for g77
configure:4100: result: no
configure:4071: checking for pgf90
configure:4100: result: no
configure:4071: checking for pgf77
configure:4100: result: no
configure:4071: checking for ifc
configure:4100: result: no
configure:4071: checking for frt
configure:4100: result: no
configure:4071: checking for af77
configure:4100: result: no
configure:4071: checking for xlf_r
configure:4100: result: no
configure:4349: WARNING: Failed to find a Fortran compiler!
configure:4636: Fortran compiler options are:  
configure:4769: checking for egrep
configure:4779: result: grep -E
configure:4784: checking whether ln -s works
configure:4788: result: yes
configure:4809: checking for a BSD-compatible install
configure:4864: result: /usr/bin/install -c
configure:4875: checking whether build environment is sane
configure:4918: result: yes
configure:4983: checking for gawk
configure:5012: result: no
configure:4983: checking for mawk
configure:4999: found /usr/bin/mawk
configure:5009: result: mawk
configure:5019: checking whether make sets $(MAKE)
configure:5039: result: yes
configure:5069: checking for style of include used by make
configure:5097: result: GNU
configure:5278: checking dependency style of gcc
configure:5368: result: gcc3
configure:5387: checking dependency style of g++
configure:5477: result: gcc3
configure:5495: checking whether to enable maintainer-specific portions of Makefiles
configure:5504: result: no
configure:5954: checking host system type
configure:5968: result: x86_64-unknown-linux-gnu
configure:5976: checking for a sed that does not truncate output
configure:6030: result: /bin/sed
configure:6044: checking for ld used by gcc
configure:6111: result: /usr/bin/ld
configure:6120: checking if the linker (/usr/bin/ld) is GNU ld
configure:6135: result: yes
configure:6140: checking for /usr/bin/ld option to reload object files
configure:6147: result: -r
configure:6165: checking for BSD-compatible nm
configure:6214: result: /usr/bin/nm -B
configure:6218: checking how to recognise dependent libraries
configure:6394: result: pass_all
configure:6481: gcc -c -O3 -pipe -DNDEBUG -pedantic-errors -Wimplicit -Wparentheses -Wsequence-point -Wreturn-type -Wcast-qual -Wall -Wno-unknown-pragmas -Wno-long-long    conftest.c >&5
configure:6484: $? = 0
configure:6630: checking how to run the C preprocessor
configure:6665: gcc -E  conftest.c
configure:6671: $? = 0
configure:6703: gcc -E  conftest.c
conftest.c:14:28: fatal error: ac_nonexistent.h: No such file or directory
compilation terminated.
configure:6709: $? = 1
configure: failed program was:
| /* confdefs.h.  */
| 
| #define PACKAGE_NAME "Clp"
| #define PACKAGE_TARNAME "clp"
| #define PACKAGE_VERSION "1.15.6"
| #define PACKAGE_STRING "Clp 1.15.6"
| #define PACKAGE_BUGREPORT "coin-clp@lists.coin-or.org"
| #ifdef __cplusplus
| extern "C" void exit (int) throw ();
| #endif
| #define PACKAGE "clp"
| #define VERSION "1.15.6"
| /* end confdefs.h.  */
| #include <ac_nonexistent.h>
configure:6748: result: gcc -E
configure:6772: gcc -E  conftest.c
configure:6778: $? = 0
configure:6810: gcc -E  conftest.c
conftest.c:14:28: fatal error: ac_nonexistent.h: No such file or directory
compilation terminated.
configure:6816: $? = 1
configure: failed program was:
| /* confdefs.h.  */
| 
| #define PACKAGE_NAME "Clp"
| #define PACKAGE_TARNAME "clp"
| #define PACKAGE_VERSION "1.15.6"
| #define PACKAGE_STRING "Clp 1.15.6"
| #define PACKAGE_BUGREPORT "coin-clp@lists.coin-or.org"
| #ifdef __cplusplus
| extern "C" void exit (int) throw ();
| #endif
| #define PACKAGE "clp"
| #define VERSION "1.15.6"
| /* end confdefs.h.  */
| #include <ac_nonexistent.h>
configure:6860: checking for ANSI C header files
configure:6885: gcc -c -O3 -pipe -DNDEBUG -pedantic-errors -Wimplicit -Wparentheses -Wsequence-point -Wreturn-type -Wcast-qual -Wall -Wno-unknown-pragmas -Wno-long-long    conftest.c >&5
configure:6891: $? = 0
configure:6895: test -z 
			 || test ! -s conftest.err
configure:6898: $? = 0
configure:6901: test -s conftest.o
configure:6904: $? = 0
configure:6993: gcc -o conftest -O3 -pipe -DNDEBUG -pedantic-errors -Wimplicit -Wparentheses -Wsequence-point -Wreturn-type -Wcast-qual -Wall -Wno-unknown-pragmas -Wno-long-long     conftest.c  >&5
conftest.c: In function 'main':
conftest.c:31:7: error: implicit declaration of function 'exit' [-Wimplicit-function-declaration]
       exit(2);
       ^
conftest.c:31:7: warning: incompatible implicit declaration of built-in function 'exit'
conftest.c:31:7: note: include '<stdlib.h>' or provide a declaration of 'exit'
conftest.c:32:3: warning: incompatible implicit declaration of built-in function 'exit'
   exit (0);
   ^
conftest.c:32:3: note: include '<stdlib.h>' or provide a declaration of 'exit'
configure:6996: $? = 1
configure: program exited with status 1
configure: failed program was:
| /* confdefs.h.  */
| 
| #define PACKAGE_NAME "Clp"
| #define PACKAGE_TARNAME "clp"
| #define PACKAGE_VERSION "1.15.6"
| #define PACKAGE_STRING "Clp 1.15.6"
| #define PACKAGE_BUGREPORT "coin-clp@lists.coin-or.org"
| #ifdef __cplusplus
| extern "C" void exit (int) throw ();
| #endif
| #define PACKAGE "clp"
| #define VERSION "1.15.6"
| /* end confdefs.h.  */
| #include <ctype.h>
| #if ((' ' & 0x0FF) == 0x020)
| # define ISLOWER(c) ('a' <= (c) && (c) <= 'z')
| # define TOUPPER(c) (ISLOWER(c) ? 'A' + ((c) - 'a') : (c))
| #else
| # define ISLOWER(c) 		   (('a' <= (c) && (c) <= 'i') 		     || ('j' <= (c) && (c) <= 'r') 		     || ('s' <= (c) && (c) <= 'z'))
| # define TOUPPER(c) (ISLOWER(c) ? ((c) | 0x40) : (c))
| #endif
| 
| #define XOR(e, f) (((e) && !(f)) || (!(e) && (f)))
| int
| main ()
| {
|   int i;
|   for (i = 0; i < 256; i++)
|     if (XOR (islower (i), ISLOWER (i))
| 	|| toupper (i) != TOUPPER (i))
|       exit(2);
|   exit (0);
| }
configure:7016: result: no
configure:7040: checking for sys/types.h
configure:7056: gcc -c -O3 -pipe -DNDEBUG -pedantic-errors -Wimplicit -Wparentheses -Wsequence-point -Wreturn-type -Wcast-qual -Wall -Wno-unknown-pragmas -Wno-long-long    conftest.c >&5
configure:7062: $? = 0
configure:7066: test -z 
			 || test ! -s conftest.err
configure:7069: $? = 0
configure:7072: test -s conftest.o
configure:7075: $? = 0
configure:7086: result: yes
configure:7040: checking for sys/stat.h
configure:7056: gcc -c -O3 -pipe -DNDEBUG -pedantic-errors -Wimplicit -Wparentheses -Wsequence-point -Wreturn-type -Wcast-qual -Wall -Wno-unknown-pragmas -Wno-long-long    conftest.c >&5
configure:7062: $? = 0
configure:7066: test -z 
			 || test ! -s conftest.err
configure:7069: $? = 0
configure:7072: test -s conftest.o
configure:7075: $? = 0
configure:7086: result: yes
configure:7040: checking for stdlib.h
configure:7056: gcc -c -O3 -pipe -DNDEBUG -pedantic-errors -Wimplicit -Wparentheses -Wsequence-point -Wreturn-type -Wcast-qual -Wall -Wno-unknown-pragmas -Wno-long-long    conftest.c >&5
configure:7062: $? = 0
configure:7066: test -z 
			 || test ! -s conftest.err
configure:7069: $? = 0
configure:7072: test -s conftest.o
configure:7075: $? = 0
configure:7086: result: yes
configure:7040: checking for string.h
configure:7056: gcc -c -O3 -pipe -DNDEBUG -pedantic-errors -Wimplicit -Wparentheses -Wsequence-point -Wreturn-type -Wcast-qual -Wall -Wno-unknown-pragmas -Wno-long-long    conftest.c >&5
configure:7062: $? = 0
configure:7066: test -z 
			 || test ! -s conftest.err
configure:7069: $? = 0
configure:7072: test -s conftest.o
configure:7075: $? = 0
configure:7086: result: yes
configure:7040: checking for memory.h
configure:7056: gcc -c -O3 -pipe -DNDEBUG -pedantic-errors -Wimplicit -Wparentheses -Wsequence-point -Wreturn-type -Wcast-qual -Wall -Wno-unknown-pragmas -Wno-long-long    conftest.c >&5
configure:7062: $? = 0
configure:7066: test -z 
			 || test ! -s conftest.err
configure:7069: $? = 0
configure:7072: test -s conftest.o
configure:7075: $? = 0
configure:7086: result: yes
configure:7040: checking for strings.h
configure:7056: gcc -c -O3 -pipe -DNDEBUG -pedantic-errors -Wimplicit -Wparentheses -Wsequence-point -Wreturn-type -Wcast-qual -Wall -Wno-unknown-pragmas -Wno-long-long    conftest.c >&5
configure:7062: $? = 0
configure:7066: test -z 
			 || test ! -s conftest.err
configure:7069: $? = 0
configure:7072: test -s conftest.o
configure:7075: $? = 0
configure:7086: result: yes
configure:7040: checking for inttypes.h
configure:7056: gcc -c -O3 -pipe -DNDEBUG -pedantic-errors -Wimplicit -Wparentheses -Wsequence-point -Wreturn-type -Wcast-qual -Wall -Wno-unknown-pragmas -Wno-long-long    conftest.c >&5
configure:7062: $? = 0
configure:7066: test -z 
			 || test ! -s conftest.err
configure:7069: $? = 0
configure:7072: test -s conftest.o
configure:7075: $? = 0
configure:7086: result: yes
configure:7040: checking for stdint.h
configure:7056: gcc -c -O3 -pipe -DNDEBUG -pedantic-errors -Wimplicit -Wparentheses -Wsequence-point -Wreturn-type -Wcast-qual -Wall -Wno-unknown-pragmas -Wno-long-long    conftest.c >&5
configure:7062: $? = 0
configure:7066: test -z 
			 || test ! -s conftest.err
configure:7069: $? = 0
configure:7072: test -s conftest.o
configure:7075: $? = 0
configure:7086: result: yes
configure:7040: checking for unistd.h
configure:7056: gcc -c -O3 -pipe -DNDEBUG -pedantic-errors -Wimplicit -Wparentheses -Wsequence-point -Wreturn-type -Wcast-qual -Wall -Wno-unknown-pragmas -Wno-long-long    conftest.c >&5
configure:7062: $? = 0
configure:7066: test -z 
			 || test ! -s conftest.err
configure:7069: $? = 0
configure:7072: test -s conftest.o
configure:7075: $? = 0
configure:7086: result: yes
configure:7112: checking dlfcn.h usability
configure:7124: gcc -c -O3 -pipe -DNDEBUG -pedantic-errors -Wimplicit -Wparentheses -Wsequence-point -Wreturn-type -Wcast-qual -Wall -Wno-unknown-pragmas -Wno-long-long    conftest.c >&5
configure:7130: $? = 0
configure:7134: test -z 
			 || test ! -s conftest.err
configure:7137: $? = 0
configure:7140: test -s conftest.o
configure:7143: $? = 0
configure:7153: result: yes
configure:7157: checking dlfcn.h presence
configure:7167: gcc -E  conftest.c
configure:7173: $? = 0
configure:7193: result: yes
configure:7228: checking for dlfcn.h
configure:7235: result: yes
configure:7258: checking how to run the C++ preprocessor
configure:7289: g++ -E  conftest.cc
configure:7295: $? = 0
configure:7327: g++ -E  conftest.cc
conftest.cc:24:28: fatal error: ac_nonexistent.h: No such file or directory
compilation terminated.
configure:7333: $? = 1
configure: failed program was:
| /* confdefs.h.  */
| 
| #define PACKAGE_NAME "Clp"
| #define PACKAGE_TARNAME "clp"
| #define PACKAGE_VERSION "1.15.6"
| #define PACKAGE_STRING "Clp 1.15.6"
| #define PACKAGE_BUGREPORT "coin-clp@lists.coin-or.org"
| #ifdef __cplusplus
| extern "C" void exit (int) throw ();
| #endif
| #define PACKAGE "clp"
| #define VERSION "1.15.6"
| #define HAVE_SYS_TYPES_H 1
| #define HAVE_SYS_STAT_H 1
| #define HAVE_STDLIB_H 1
| #define HAVE_STRING_H 1
| #define HAVE_MEMORY_H 1
| #define HAVE_STRINGS_H 1
| #define HAVE_INTTYPES_H 1
| #define HAVE_STDINT_H 1
| #define HAVE_UNISTD_H 1
| #define HAVE_DLFCN_H 1
| /* end confdefs.h.  */
| #include <ac_nonexistent.h>
configure:7372: result: g++ -E
configure:7396: g++ -E  conftest.cc
configure:7402: $? = 0
configure:7434: g++ -E  conftest.cc
conftest.cc:24:28: fatal error: ac_nonexistent.h: No such file or directory
compilation terminated.
configure:7440: $? = 1
configure: failed program was:
| /* confdefs.h.  */
| 
| #define PACKAGE_NAME "Clp"
| #define PACKAGE_TARNAME "clp"
| #define PACKAGE_VERSION "1.15.6"
| #define PACKAGE_STRING "Clp 1.15.6"
| #define PACKAGE_BUGREPORT "coin-clp@lists.coin-or.org"
| #ifdef __cplusplus
| extern "C" void exit (int) throw ();
| #endif
| #define PACKAGE "clp"
| #define VERSION "1.15.6"
| #define HAVE_SYS_TYPES_H 1
| #define HAVE_SYS_STAT_H 1
| #define HAVE_STDLIB_H 1
| #define HAVE_STRING_H 1
| #define HAVE_MEMORY_H 1
| #define HAVE_STRINGS_H 1
| #define HAVE_INTTYPES_H 1
| #define HAVE_STDINT_H 1
| #define HAVE_UNISTD_H 1
| #define HAVE_DLFCN_H 1
| /* end confdefs.h.  */
| #include <ac_nonexistent.h>
configure:7489: checking the maximum length of command line arguments
configure:7598: result: 32768
configure:7609: checking command to parse /usr/bin/nm -B output from gcc object
configure:7714: g++ -c -O3 -pipe -DNDEBUG -pedantic-errors -Wparentheses -Wreturn-type -Wcast-qual -Wall -Wpointer-arith -Wwrite-strings -Wconversion -Wno-unknown-pragmas -Wno-long-long    conftest.cc >&5
configure:7717: $? = 0
configure:7721: /usr/bin/nm -B conftest.o \| sed -n -e 's/^.*[ 	]\([ABCDGIRSTW][ABCDGIRSTW]*\)[ 	][ 	]*\([_A-Za-z][_A-Za-z0-9]*\)$/\1 \2 \2/p' \> conftest.nm
configure:7724: $? = 0
configure:7776: g++ -o conftest -O3 -pipe -DNDEBUG -pedantic-errors -Wparentheses -Wreturn-type -Wcast-qual -Wall -Wpointer-arith -Wwrite-strings -Wconversion -Wno-unknown-pragmas -Wno-long-long     conftest.cc conftstm.o >&5
configure:7779: $? = 0
configure:7817: result: ok
configure:7821: checking for objdir
configure:7836: result: .libs
configure:7926: checking for ar
configure:7942: found /usr/bin/ar
configure:7953: result: ar
configure:8006: checking for ranlib
configure:8022: found /usr/bin/ranlib
configure:8033: result: ranlib
configure:8086: checking for strip
configure:8102: found /usr/bin/strip
configure:8113: result: strip
configure:8389: checking if gcc supports -fno-rtti -fno-exceptions
configure:8407: gcc -c -O3 -pipe -DNDEBUG -pedantic-errors -Wimplicit -Wparentheses -Wsequence-point -Wreturn-type -Wcast-qual -Wall -Wno-unknown-pragmas -Wno-long-long    -fno-rtti -fno-exceptions conftest.c >&5
cc1: warning: command line option '-fno-rtti' is valid for C++/ObjC++ but not for C
configure:8411: $? = 0
configure:8424: result: no
configure:8439: checking for gcc option to produce PIC
configure:8649: result: -fPIC
configure:8657: checking if gcc PIC flag -fPIC works
configure:8675: gcc -c -O3 -pipe -DNDEBUG -pedantic-errors -Wimplicit -Wparentheses -Wsequence-point -Wreturn-type -Wcast-qual -Wall -Wno-unknown-pragmas -Wno-long-long    -fPIC -DPIC conftest.c >&5
configure:8679: $? = 0
configure:8692: result: yes
configure:8720: checking if gcc static flag -static works
configure:8748: result: yes
configure:8758: checking if gcc supports -c -o file.o
configure:8779: gcc -c -O3 -pipe -DNDEBUG -pedantic-errors -Wimplicit -Wparentheses -Wsequence-point -Wreturn-type -Wcast-qual -Wall -Wno-unknown-pragmas -Wno-long-long    -o out/conftest2.o conftest.c >&5
configure:8783: $? = 0
configure:8805: result: yes
configure:8831: checking whether the gcc linker (/usr/bin/ld -m elf_x86_64) supports shared libraries
configure:9789: result: yes
configure:9810: checking whether -lc should be explicitly linked in
configure:9815: gcc -c -O3 -pipe -DNDEBUG -pedantic-errors -Wimplicit -Wparentheses -Wsequence-point -Wreturn-type -Wcast-qual -Wall -Wno-unknown-pragmas -Wno-long-long    conftest.c >&5
configure:9818: $? = 0
configure:9833: gcc -shared conftest.o  -v -Wl,-soname -Wl,conftest -o conftest 2\>\&1 \| grep  -lc  \>/dev/null 2\>\&1
configure:9836: $? = 0
configure:9848: result: no
configure:9856: checking dynamic linker characteristics
configure:10444: result: GNU/Linux ld.so
configure:10453: checking how to hardcode library paths into programs
configure:10478: result: immediate
configure:10492: checking whether stripping libraries is possible
configure:10497: result: yes
configure:11331: checking if libtool supports shared libraries
configure:11333: result: yes
configure:11336: checking whether to build shared libraries
configure:11357: result: yes
configure:11360: checking whether to build static libraries
configure:11364: result: no
configure:11456: creating libtool
configure:12044: checking for ld used by g++
configure:12111: result: /usr/bin/ld -m elf_x86_64
configure:12120: checking if the linker (/usr/bin/ld -m elf_x86_64) is GNU ld
configure:12135: result: yes
configure:12186: checking whether the g++ linker (/usr/bin/ld -m elf_x86_64) supports shared libraries
configure:13124: result: yes
configure:13146: g++ -c -O3 -pipe -DNDEBUG -pedantic-errors -Wparentheses -Wreturn-type -Wcast-qual -Wall -Wpointer-arith -Wwrite-strings -Wconversion -Wno-unknown-pragmas -Wno-long-long    conftest.cpp >&5
configure:13149: $? = 0
configure:13268: checking for g++ option to produce PIC
configure:13542: result: -fPIC
configure:13550: checking if g++ PIC flag -fPIC works
configure:13568: g++ -c -O3 -pipe -DNDEBUG -pedantic-errors -Wparentheses -Wreturn-type -Wcast-qual -Wall -Wpointer-arith -Wwrite-strings -Wconversion -Wno-unknown-pragmas -Wno-long-long    -fPIC -DPIC conftest.cpp >&5
configure:13572: $? = 0
configure:13585: result: yes
configure:13613: checking if g++ static flag -static works
configure:13641: result: yes
configure:13651: checking if g++ supports -c -o file.o
configure:13672: g++ -c -O3 -pipe -DNDEBUG -pedantic-errors -Wparentheses -Wreturn-type -Wcast-qual -Wall -Wpointer-arith -Wwrite-strings -Wconversion -Wno-unknown-pragmas -Wno-long-long    -o out/conftest2.o conftest.cpp >&5
configure:13676: $? = 0
configure:13698: result: yes
configure:13724: checking whether the g++ linker (/usr/bin/ld -m elf_x86_64) supports shared libraries
configure:13749: result: yes
configure:13816: checking dynamic linker characteristics
configure:14404: result: GNU/Linux ld.so
configure:14413: checking how to hardcode library paths into programs
configure:14438: result: immediate
configure:14964: checking if libtool supports shared libraries
configure:14966: result: yes
configure:14969: checking whether to build shared libraries
configure:14989: result: yes
configure:14992: checking whether to build static libraries
configure:14996: result: no
configure:15006: checking for unavailable option to produce PIC
configure:15216: result: -fPIC
configure:15224: checking if unavailable PIC flag -fPIC works
configure:15242: unavailable -c   -fPIC conftest.f >&5
./configure: line 15243: unavailable: command not found
configure:15246: $? = 127
configure:15259: result: no
configure:15287: checking if unavailable static flag -static works
configure:15315: result: no
configure:15325: checking if unavailable supports -c -o file.o
configure:15346: unavailable -c   -o out/conftest2.o conftest.f >&5
./configure: line 15347: unavailable: command not found
configure:15350: $? = 127
configure:15372: result: no
configure:15398: checking whether the unavailable linker (/usr/bin/ld -m elf_x86_64) supports shared libraries
configure:16336: result: yes
configure:16403: checking dynamic linker characteristics
configure:16991: result: GNU/Linux ld.so
configure:17000: checking how to hardcode library paths into programs
configure:17025: result: immediate
configure:20611: Build is "x86_64-unknown-linux-gnu".
configure:20841: checking if library version is set
configure:20848: result: no
configure:20864: checking whether source of project Blas is available and should be compiled
configure:20989: result: no, source file ./ThirdParty/Blas/daxpy.f not available
configure:21004: checking whether source of project Lapack is available and should be compiled
configure:21129: result: no, source file ./ThirdParty/Lapack/LAPACK/SRC/dlarf.f not available
configure:21144: checking whether source of project Metis is available and should be compiled
configure:21253: result: no, source file ./ThirdParty/Metis/metis-4.0/Lib/balance.c not available
configure:21268: checking whether source of project Mumps is available and should be compiled
configure:21377: result: no, source file ./ThirdParty/Mumps/MUMPS/src/dmumps_part1.F not available
configure:21392: checking whether source of project Glpk is available and should be compiled
configure:21501: result: no, source file ./ThirdParty/Glpk/glpk/src/glplpx01.c not available
configure:21516: checking whether source of project Sample is available and should be compiled
configure:21617: result: yes, source in Data/Sample
configure:21632: checking whether source of project Netlib is available and should be compiled
configure:21730: result: no
configure:21748: checking whether source of project CoinUtils is available and should be compiled
configure:21845: result: yes, source in CoinUtils
configure:21860: checking whether source of project Osi is available and should be compiled
configure:21957: result: yes, source in Osi
configure:21972: checking whether source of project Clp is available and should be compiled
configure:22069: result: yes, source in Clp
configure:22090: configuring doxygen documentation options
configure:22097: checking for doxygen
configure:22124: result: no
configure:22152: checking for dot
configure:22179: result: NO
configure:22210: checking for doxygen doc'n for CoinUtils 
configure:22228: result: /home/alexandre/ws/these/ibex-lib/plugins/optim/Clp-1.15.6/CoinUtils/doxydoc (tag)
configure:22210: checking for doxygen doc'n for Osi 
configure:22228: result: /home/alexandre/ws/these/ibex-lib/plugins/optim/Clp-1.15.6/Osi/doxydoc (tag)
configure:22271: checking which command should be used to link input files
configure:22279: result: ln -s
configure:22511: creating ./config.status

## ---------------------- ##
## Running config.status. ##
## ---------------------- ##

This file was extended by Clp config.status 1.15.6, which was
generated by GNU Autoconf 2.59.  Invocation command line was

  CONFIG_FILES    = 
  CONFIG_HEADERS  = 
  CONFIG_LINKS    = 
  CONFIG_COMMANDS = 
  $ ./config.status --quiet

on alexandre

config.status:758: creating Makefile
config.status:758: creating doxydoc/doxygen.conf
config.status:941: executing depfiles commands
configure:23667: configuring in Data/Sample
configure:23784: running /bin/bash './configure' --prefix=/usr/local  '--disable-zlib' '--disable-bzlib' '--prefix=/usr/local' --cache-file=/dev/null --srcdir=.
configure:23667: configuring in CoinUtils
configure:23784: running /bin/bash './configure' --prefix=/usr/local  '--disable-zlib' '--disable-bzlib' '--prefix=/usr/local' --cache-file=/dev/null --srcdir=.
configure:23667: configuring in Osi
configure:23784: running /bin/bash './configure' --prefix=/usr/local  '--disable-zlib' '--disable-bzlib' '--prefix=/usr/local' --cache-file=/dev/null --srcdir=.
configure:23667: configuring in Clp
configure:23784: running /bin/bash './configure' --prefix=/usr/local  '--disable-zlib' '--disable-bzlib' '--prefix=/usr/local' --cache-file=/dev/null --srcdir=.
configure:23853: In case of trouble, first consult the troubleshooting page at https://projects.coin-or.org/BuildTools/wiki/user-troubleshooting
configure:23859: Main configuration of Clp successful

## ---------------- ##
## Cache variables. ##
## ---------------- ##

ac_cv_build=x86_64-unknown-linux-gnu
ac_cv_build_alias=x86_64-unknown-linux-gnu
ac_cv_c_compiler_gnu=yes
ac_cv_cxx_compiler_gnu=yes
ac_cv_env_ADD_CFLAGS_set=
ac_cv_env_ADD_CFLAGS_value=
ac_cv_env_ADD_CXXFLAGS_set=
ac_cv_env_ADD_CXXFLAGS_value=
ac_cv_env_ADD_FFLAGS_set=
ac_cv_env_ADD_FFLAGS_value=
ac_cv_env_CC_set=
ac_cv_env_CC_value=
ac_cv_env_CDEFS_set=
ac_cv_env_CDEFS_value=
ac_cv_env_CFLAGS_set=
ac_cv_env_CFLAGS_value=
ac_cv_env_COIN_SKIP_PROJECTS_set=
ac_cv_env_COIN_SKIP_PROJECTS_value=
ac_cv_env_CPPFLAGS_set=
ac_cv_env_CPPFLAGS_value=
ac_cv_env_CPP_set=
ac_cv_env_CPP_value=
ac_cv_env_CXXCPP_set=
ac_cv_env_CXXCPP_value=
ac_cv_env_CXXDEFS_set=
ac_cv_env_CXXDEFS_value=
ac_cv_env_CXXFLAGS_set=
ac_cv_env_CXXFLAGS_value=
ac_cv_env_CXX_set=
ac_cv_env_CXX_value=
ac_cv_env_DBG_CFLAGS_set=
ac_cv_env_DBG_CFLAGS_value=
ac_cv_env_DBG_CXXFLAGS_set=
ac_cv_env_DBG_CXXFLAGS_value=
ac_cv_env_DBG_FFLAGS_set=
ac_cv_env_DBG_FFLAGS_value=
ac_cv_env_F77_set=
ac_cv_env_F77_value=
ac_cv_env_FFLAGS_set=
ac_cv_env_FFLAGS_value=
ac_cv_env_LDFLAGS_set=
ac_cv_env_LDFLAGS_value=
ac_cv_env_MPICC_set=
ac_cv_env_MPICC_value=
ac_cv_env_MPICXX_set=
ac_cv_env_MPICXX_value=
ac_cv_env_MPIF77_set=
ac_cv_env_MPIF77_value=
ac_cv_env_OPT_CFLAGS_set=
ac_cv_env_OPT_CFLAGS_value=
ac_cv_env_OPT_CXXFLAGS_set=
ac_cv_env_OPT_CXXFLAGS_value=
ac_cv_env_OPT_FFLAGS_set=
ac_cv_env_OPT_FFLAGS_value=
ac_cv_env_build_alias_set=
ac_cv_env_build_alias_value=
ac_cv_env_host_alias_set=
ac_cv_env_host_alias_value=
ac_cv_env_target_alias_set=
ac_cv_env_target_alias_value=
ac_cv_exeext=
ac_cv_header_dlfcn_h=yes
ac_cv_header_inttypes_h=yes
ac_cv_header_memory_h=yes
ac_cv_header_stdc=no
ac_cv_header_stdint_h=yes
ac_cv_header_stdlib_h=yes
ac_cv_header_string_h=yes
ac_cv_header_strings_h=yes
ac_cv_header_sys_stat_h=yes
ac_cv_header_sys_types_h=yes
ac_cv_header_unistd_h=yes
ac_cv_host=x86_64-unknown-linux-gnu
ac_cv_host_alias=x86_64-unknown-linux-gnu
ac_cv_objext=o
ac_cv_path_install='/usr/bin/install -c'
ac_cv_prog_AWK=mawk
ac_cv_prog_CPP='gcc -E'
ac_cv_prog_CXXCPP='g++ -E'
ac_cv_prog_ac_ct_AR=ar
ac_cv_prog_ac_ct_CC=gcc
ac_cv_prog_ac_ct_CXX=g++
ac_cv_prog_ac_ct_RANLIB=ranlib
ac_cv_prog_ac_ct_STRIP=strip
ac_cv_prog_cc_g=yes
ac_cv_prog_cc_stdc=
ac_cv_prog_coin_doxy_usedot=NO
ac_cv_prog_coin_have_doxygen=no
ac_cv_prog_cxx_g=yes
ac_cv_prog_egrep='grep -E'
ac_cv_prog_make_make_set=yes
am_cv_CC_dependencies_compiler_type=gcc3
am_cv_CXX_dependencies_compiler_type=gcc3
lt_cv_deplibs_check_method=pass_all
lt_cv_file_magic_cmd='$MAGIC_CMD'
lt_cv_file_magic_test_file=
lt_cv_ld_reload_flag=-r
lt_cv_objdir=.libs
lt_cv_path_LD=/usr/bin/ld
lt_cv_path_LDCXX='/usr/bin/ld -m elf_x86_64'
lt_cv_path_NM='/usr/bin/nm -B'
lt_cv_path_SED=/bin/sed
lt_cv_prog_compiler_c_o=yes
lt_cv_prog_compiler_c_o_CXX=yes
lt_cv_prog_compiler_c_o_F77=no
lt_cv_prog_compiler_rtti_exceptions=no
lt_cv_prog_gnu_ld=yes
lt_cv_prog_gnu_ldcxx=yes
lt_cv_sys_global_symbol_pipe='sed -n -e '\''s/^.*[ 	]\([ABCDGIRSTW][ABCDGIRSTW]*\)[ 	][ 	]*\([_A-Za-z][_A-Za-z0-9]*\)$/\1 \2 \2/p'\'''
lt_cv_sys_global_symbol_to_c_name_address='sed -n -e '\''s/^: \([^ ]*\) $/  {\"\1\", (lt_ptr) 0},/p'\'' -e '\''s/^[BCDEGRST] \([^ ]*\) \([^ ]*\)$/  {"\2", (lt_ptr) \&\2},/p'\'''
lt_cv_sys_global_symbol_to_cdecl='sed -n -e '\''s/^. .* \(.*\)$/extern int \1;/p'\'''
lt_cv_sys_max_cmd_len=32768
lt_lt_cv_prog_compiler_c_o='"yes"'
lt_lt_cv_prog_compiler_c_o_CXX='"yes"'
lt_lt_cv_prog_compiler_c_o_F77='"no"'
lt_lt_cv_sys_global_symbol_pipe='"sed -n -e '\''s/^.*[ 	]\\([ABCDGIRSTW][ABCDGIRSTW]*\\)[ 	][ 	]*\\([_A-Za-z][_A-Za-z0-9]*\\)\$/\\1 \\2 \\2/p'\''"'
lt_lt_cv_sys_global_symbol_to_c_name_address='"sed -n -e '\''s/^: \\([^ ]*\\) \$/  {\\\"\\1\\\", (lt_ptr) 0},/p'\'' -e '\''s/^[BCDEGRST] \\([^ ]*\\) \\([^ ]*\\)\$/  {\"\\2\", (lt_ptr) \\&\\2},/p'\''"'
lt_lt_cv_sys_global_symbol_to_cdecl='"sed -n -e '\''s/^. .* \\(.*\\)\$/extern int \\1;/p'\''"'

## ----------------- ##
## Output variables. ##
## ----------------- ##

ABSBUILDDIR=''
ACLOCAL='${SHELL} /home/alexandre/ws/these/ibex-lib/plugins/optim/Clp-1.15.6/missing --run aclocal-1.9'
ADD_CFLAGS=''
ADD_CXXFLAGS=''
ADD_FFLAGS=''
AMDEPBACKSLASH='\'
AMDEP_FALSE='#'
AMDEP_TRUE=''
AMTAR='${SHELL} /home/alexandre/ws/these/ibex-lib/plugins/optim/Clp-1.15.6/missing --run tar'
AR='ar'
AUTOCONF='${SHELL} /home/alexandre/ws/these/ibex-lib/plugins/optim/Clp-1.15.6/missing --run autoconf'
AUTOHEADER='${SHELL} /home/alexandre/ws/these/ibex-lib/plugins/optim/Clp-1.15.6/missing --run autoheader'
AUTOMAKE='${SHELL} /home/alexandre/ws/these/ibex-lib/plugins/optim/Clp-1.15.6/missing --run automake-1.9'
AUX_DIR=''
AWK='mawk'
BUILDTOOLSDIR=''
CC='gcc'
CCDEPMODE='depmode=gcc3'
CDEFS=''
CFLAGS='-O3 -pipe -DNDEBUG -pedantic-errors -Wimplicit -Wparentheses -Wsequence-point -Wreturn-type -Wcast-qual -Wall -Wno-unknown-pragmas -Wno-long-long  '
COIN_CC_IS_CL_FALSE=''
COIN_CC_IS_CL_TRUE='#'
COIN_CXX_IS_CL_FALSE=''
COIN_CXX_IS_CL_TRUE='#'
COIN_SKIP_PROJECTS=''
CPP='gcc -E'
CPPFLAGS=''
CXX='g++'
CXXCPP='g++ -E'
CXXDEFS=''
CXXDEPMODE='depmode=gcc3'
CXXFLAGS='-O3 -pipe -DNDEBUG -pedantic-errors -Wparentheses -Wreturn-type -Wcast-qual -Wall -Wpointer-arith -Wwrite-strings -Wconversion -Wno-unknown-pragmas -Wno-long-long  '
CYGPATH_W='echo'
DBG_CFLAGS='-g -O0 -pipe -pedantic-errors -Wimplicit -Wparentheses -Wsequence-point -Wreturn-type -Wcast-qual -Wall -Wno-unknown-pragmas -Wno-long-long  '
DBG_CXXFLAGS='-g -O0 -pipe -pedantic-errors -Wparentheses -Wreturn-type -Wcast-qual -Wall -Wpointer-arith -Wwrite-strings -Wconversion -Wno-unknown-pragmas -Wno-long-long  '
DBG_FFLAGS=' '
DEFS='-DPACKAGE_NAME=\"Clp\" -DPACKAGE_TARNAME=\"clp\" -DPACKAGE_VERSION=\"1.15.6\" -DPACKAGE_STRING=\"Clp\ 1.15.6\" -DPACKAGE_BUGREPORT=\"coin-clp@lists.coin-or.org\" -DPACKAGE=\"clp\" -DVERSION=\"1.15.6\" -DHAVE_SYS_TYPES_H=1 -DHAVE_SYS_STAT_H=1 -DHAVE_STDLIB_H=1 -DHAVE_STRING_H=1 -DHAVE_MEMORY_H=1 -DHAVE_STRINGS_H=1 -DHAVE_INTTYPES_H=1 -DHAVE_STDINT_H=1 -DHAVE_UNISTD_H=1 -DHAVE_DLFCN_H=1 '
DEPDIR='.deps'
DEPENDENCY_LINKING_FALSE=''
DEPENDENCY_LINKING_TRUE='#'
ECHO='echo'
ECHO_C=''
ECHO_N='-n'
ECHO_T=''
EGREP='grep -E'
EXEEXT=''
F77='unavailable'
FFLAGS=' '
HAVE_EXTERNALS_FALSE=''
HAVE_EXTERNALS_TRUE='#'
INSTALL_DATA='${INSTALL} -m 644'
INSTALL_PROGRAM='${INSTALL}'
INSTALL_SCRIPT='${INSTALL}'
INSTALL_STRIP_PROGRAM='${SHELL} $(install_sh) -c -s'
LDFLAGS=''
LIBEXT='a'
LIBOBJS=''
LIBS=''
LIBTOOL='$(SHELL) $(top_builddir)/libtool'
LIBTOOLM4=''
LN_S='ln -s'
LTLIBOBJS=''
LT_LDFLAGS=''
MAINT='#'
MAINTAINER_MODE_FALSE=''
MAINTAINER_MODE_TRUE='#'
MAKEINFO='${SHELL} /home/alexandre/ws/these/ibex-lib/plugins/optim/Clp-1.15.6/missing --run makeinfo'
MPICC=''
MPICXX=''
MPIF77=''
OBJEXT='o'
OPT_CFLAGS='-O3 -pipe -DNDEBUG -pedantic-errors -Wimplicit -Wparentheses -Wsequence-point -Wreturn-type -Wcast-qual -Wall -Wno-unknown-pragmas -Wno-long-long  '
OPT_CXXFLAGS='-O3 -pipe -DNDEBUG -pedantic-errors -Wparentheses -Wreturn-type -Wcast-qual -Wall -Wpointer-arith -Wwrite-strings -Wconversion -Wno-unknown-pragmas -Wno-long-long  '
OPT_FFLAGS=' '
PACKAGE='clp'
PACKAGE_BUGREPORT='coin-clp@lists.coin-or.org'
PACKAGE_NAME='Clp'
PACKAGE_STRING='Clp 1.15.6'
PACKAGE_TARNAME='clp'
PACKAGE_VERSION='1.15.6'
PATH_SEPARATOR=':'
RANLIB='ranlib'
RPATH_FLAGS=' -Wl,--rpath -Wl,/usr/local/lib'
SET_MAKE=''
SHELL='/bin/bash'
STRIP='strip'
VERSION='1.15.6'
VPATH_DISTCLEANFILES=''
abs_bin_dir='/usr/local/bin'
abs_include_dir='/usr/local/include'
abs_lib_dir='/usr/local/lib'
abs_source_dir='/home/alexandre/ws/these/ibex-lib/plugins/optim/Clp-1.15.6'
ac_c_preproc_warn_flag=''
ac_ct_AR='ar'
ac_ct_CC='gcc'
ac_ct_CXX='g++'
ac_ct_F77='unavailable'
ac_ct_RANLIB='ranlib'
ac_ct_STRIP='strip'
ac_cxx_preproc_warn_flag=''
am__fastdepCC_FALSE='#'
am__fastdepCC_TRUE=''
am__fastdepCXX_FALSE='#'
am__fastdepCXX_TRUE=''
am__include='include'
am__leading_dot='.'
am__quote=''
am__tar='${AMTAR} chof - "$$tardir"'
am__untar='${AMTAR} xf -'
bindir='${exec_prefix}/bin'
build='x86_64-unknown-linux-gnu'
build_alias=''
build_cpu='x86_64'
build_os='linux-gnu'
build_vendor='unknown'
coin_doxy_excludes=' */CoinUtils */Osi'
coin_doxy_logname='doxydoc/clp_doxy.log'
coin_doxy_tagfiles=' /home/alexandre/ws/these/ibex-lib/plugins/optim/Clp-1.15.6/CoinUtils/doxydoc/coinutils_doxy.tag=/home/alexandre/ws/these/ibex-lib/plugins/optim/Clp-1.15.6/CoinUtils/doxydoc/html /home/alexandre/ws/these/ibex-lib/plugins/optim/Clp-1.15.6/Osi/doxydoc/osi_doxy.tag=/home/alexandre/ws/these/ibex-lib/plugins/optim/Clp-1.15.6/Osi/doxydoc/html'
coin_doxy_tagname='doxydoc/clp_doxy.tag'
coin_doxy_usedot='NO'
coin_have_doxygen='no'
datadir='${prefix}/share'
exec_prefix='${prefix}'
have_autoconf=''
have_automake=''
have_svn=''
host='x86_64-unknown-linux-gnu'
host_alias=''
host_cpu='x86_64'
host_os='linux-gnu'
host_vendor='unknown'
includedir='${prefix}/include'
infodir='${prefix}/info'
install_sh='/home/alexandre/ws/these/ibex-lib/plugins/optim/Clp-1.15.6/install-sh'
libdir='${exec_prefix}/lib'
libexecdir='${exec_prefix}/libexec'
localstatedir='${prefix}/var'
mandir='${prefix}/man'
mkdir_p='mkdir -p --'
oldincludedir='/usr/include'
prefix='/usr/local'
program_transform_name='s,x,x,'
sbindir='${exec_prefix}/sbin'
sharedstatedir='${prefix}/com'
sol_cc_compiler=''
subdirs=' Data/Sample CoinUtils Osi Clp'
sysconfdir='${prefix}/etc'
target_alias=''

## ----------- ##
## confdefs.h. ##
## ----------- ##

#define HAVE_DLFCN_H 1
#define HAVE_INTTYPES_H 1
#define HAVE_MEMORY_H 1
#define HAVE_STDINT_H 1
#define HAVE_STDLIB_H 1
#define HAVE_STRINGS_H 1
#define HAVE_STRING_H 1
#define HAVE_SYS_STAT_H 1
#define HAVE_SYS_TYPES_H 1
#define HAVE_UNISTD_H 1
#define PACKAGE "clp"
#define PACKAGE_BUGREPORT "coin-clp@lists.coin-or.org"
#define PACKAGE_NAME "Clp"
#define PACKAGE_STRING "Clp 1.15.6"
#define PACKAGE_TARNAME "clp"
#define PACKAGE_VERSION "1.15.6"
#define VERSION "1.15.6"
#endif
#ifdef __cplusplus
extern "C" void exit (int) throw ();

configure: exit 0
